-e, Name specified, using EXP=2020-11-30_14h21
-s, Number of simulations specified, using SIMS=5
-c, Number of cores specified, using CORES=32
-a, Will not ask before overwriting files

--Checking experiment directory--
Experiment folder exists

--Running simulation 0--
-e, Name specified, using EXP=2020-11-30_14h21
-i, Simulation ID specified, using ID=0
-n, No simulation name specified, using NAME=000_2020-11-30_14h21
-s, Number of simulations specified, using SIMS=5
-c, Number of cores specified, using CORES=32
-a, Will not ask before overwriting files

-Checking experiment directory-
Experiment folder exists
Experiment for 2020-11-30_14h21 exists
Overwriting code files
Copying code files to experiment directory

-Navigating to experiment directory-
/home/mschee/projects/def-ngrisoua/mschee/Dedalus_repos/1D_measure_T/_experiments/2020-11-30_14h21

-Checking simulation directory-
Simulation for 000_2020-11-30_14h21 exists
Overwriting simulation switchboard

-Writing parameters file-

Done running simulation

--Running simulation 1--
-e, Name specified, using EXP=2020-11-30_14h21
-i, Simulation ID specified, using ID=1
-n, No simulation name specified, using NAME=001_2020-11-30_14h21
-s, Number of simulations specified, using SIMS=5
-c, Number of cores specified, using CORES=32
-a, Will not ask before overwriting files

-Checking experiment directory-
Experiment folder exists
Experiment for 2020-11-30_14h21 exists
Overwriting code files
Copying code files to experiment directory

-Navigating to experiment directory-
/home/mschee/projects/def-ngrisoua/mschee/Dedalus_repos/1D_measure_T/_experiments/2020-11-30_14h21

-Checking simulation directory-
Simulation for 001_2020-11-30_14h21 exists
Overwriting simulation switchboard

-Writing parameters file-

Done running simulation

--Running simulation 2--
-e, Name specified, using EXP=2020-11-30_14h21
-i, Simulation ID specified, using ID=2
-n, No simulation name specified, using NAME=002_2020-11-30_14h21
-s, Number of simulations specified, using SIMS=5
-c, Number of cores specified, using CORES=32
-a, Will not ask before overwriting files

-Checking experiment directory-
Experiment folder exists
Experiment for 2020-11-30_14h21 exists
Overwriting code files
Copying code files to experiment directory

-Navigating to experiment directory-
/home/mschee/projects/def-ngrisoua/mschee/Dedalus_repos/1D_measure_T/_experiments/2020-11-30_14h21

-Checking simulation directory-
Simulation for 002_2020-11-30_14h21 exists
Overwriting simulation switchboard

-Writing parameters file-

Done running simulation

--Running simulation 3--
-e, Name specified, using EXP=2020-11-30_14h21
-i, Simulation ID specified, using ID=3
-n, No simulation name specified, using NAME=003_2020-11-30_14h21
-s, Number of simulations specified, using SIMS=5
-c, Number of cores specified, using CORES=32
-a, Will not ask before overwriting files

-Checking experiment directory-
Experiment folder exists
Experiment for 2020-11-30_14h21 exists
Overwriting code files
Copying code files to experiment directory

-Navigating to experiment directory-
/home/mschee/projects/def-ngrisoua/mschee/Dedalus_repos/1D_measure_T/_experiments/2020-11-30_14h21

-Checking simulation directory-
Simulation for 003_2020-11-30_14h21 exists
Overwriting simulation switchboard

-Writing parameters file-

Done running simulation

--Running simulation 4--
-e, Name specified, using EXP=2020-11-30_14h21
-i, Simulation ID specified, using ID=4
-n, No simulation name specified, using NAME=004_2020-11-30_14h21
-s, Number of simulations specified, using SIMS=5
-c, Number of cores specified, using CORES=32
-a, Will not ask before overwriting files

-Checking experiment directory-
Experiment folder exists
Experiment for 2020-11-30_14h21 exists
Overwriting code files
Copying code files to experiment directory

-Navigating to experiment directory-
/home/mschee/projects/def-ngrisoua/mschee/Dedalus_repos/1D_measure_T/_experiments/2020-11-30_14h21

-Checking simulation directory-
Simulation for 004_2020-11-30_14h21 exists
Overwriting simulation switchboard

-Writing parameters file-

Done running simulation


Done running experiment

