Launched script: 2021-02-04_17h12

Inactive Modules:
  1) python/3.7.4

Due to MODULEPATH changes, the following have been reloaded:
  1) mpi4py/3.0.3

The following have been reloaded with a version change:
  1) StdEnv/2016.4 => StdEnv/2020           4) intel/2016.4 => intel/2020.1.217
  2) gcccore/.5.4.0 => gcccore/.9.3.0       5) openmpi/2.1.1 => openmpi/4.0.3
  3) imkl/11.3.4.258 => imkl/2020.1.217


Activating Modules:
  1) python/3.7.7

-e, Name specified, using EXP=16s_1l
-i, Simulation ID specified, using ID=007
-n, No simulation name specified, using NAME=007_16s_1l
-s, Number of simulations specified, using SIMS=16
-c, Number of cores specified, using CORES=32
-a, Will not ask before overwriting files
-r, Run the simulation
-m, Merge the data
-o, Post-process data

007-Writing parameters file-

007-Running script-
Running Dedalus script
2021-02-04 17:13:03,088 pencil 0/1 INFO :: Building pencil matrix 1/1 (~100%) Elapsed: 0s, Remaining: 0s, Rate: 2.5e+00/s
2021-02-04 17:13:03,089 __main__ 0/1 INFO :: Solver built
2021-02-04 17:13:03,090 __main__ 0/1 INFO :: Sim end period: 31.000000
2021-02-04 17:13:03,090 __main__ 0/1 INFO :: Starting loop
2021-02-04 17:13:04,741 __main__ 0/1 INFO :: Iteration: 100, t/T: 1.562500e+00, dt/T: 1.562500e-02
2021-02-04 17:13:05,960 __main__ 0/1 INFO :: Iteration: 200, t/T: 3.125000e+00, dt/T: 1.562500e-02
2021-02-04 17:13:07,272 __main__ 0/1 INFO :: Iteration: 300, t/T: 4.687500e+00, dt/T: 1.562500e-02
2021-02-04 17:13:08,566 __main__ 0/1 INFO :: Iteration: 400, t/T: 6.250000e+00, dt/T: 1.562500e-02
2021-02-04 17:13:09,823 __main__ 0/1 INFO :: Iteration: 500, t/T: 7.812500e+00, dt/T: 1.562500e-02
2021-02-04 17:13:11,069 __main__ 0/1 INFO :: Iteration: 600, t/T: 9.375000e+00, dt/T: 1.562500e-02
2021-02-04 17:13:12,233 __main__ 0/1 INFO :: Iteration: 700, t/T: 1.093750e+01, dt/T: 1.562500e-02
2021-02-04 17:13:13,538 __main__ 0/1 INFO :: Iteration: 800, t/T: 1.250000e+01, dt/T: 1.562500e-02
2021-02-04 17:13:14,696 __main__ 0/1 INFO :: Iteration: 900, t/T: 1.406250e+01, dt/T: 1.562500e-02
2021-02-04 17:13:15,846 __main__ 0/1 INFO :: Iteration: 1000, t/T: 1.562500e+01, dt/T: 1.562500e-02
2021-02-04 17:13:17,005 __main__ 0/1 INFO :: Iteration: 1100, t/T: 1.718750e+01, dt/T: 1.562500e-02
2021-02-04 17:13:18,148 __main__ 0/1 INFO :: Iteration: 1200, t/T: 1.875000e+01, dt/T: 1.562500e-02
2021-02-04 17:13:19,318 __main__ 0/1 INFO :: Iteration: 1300, t/T: 2.031250e+01, dt/T: 1.562500e-02
2021-02-04 17:13:20,461 __main__ 0/1 INFO :: Iteration: 1400, t/T: 2.187500e+01, dt/T: 1.562500e-02
2021-02-04 17:13:21,613 __main__ 0/1 INFO :: Iteration: 1500, t/T: 2.343750e+01, dt/T: 1.562500e-02
2021-02-04 17:13:22,757 __main__ 0/1 INFO :: Iteration: 1600, t/T: 2.500000e+01, dt/T: 1.562500e-02
2021-02-04 17:13:23,905 __main__ 0/1 INFO :: Iteration: 1700, t/T: 2.656250e+01, dt/T: 1.562500e-02
2021-02-04 17:13:25,202 __main__ 0/1 INFO :: Iteration: 1800, t/T: 2.812500e+01, dt/T: 1.562500e-02
2021-02-04 17:13:26,585 __main__ 0/1 INFO :: Iteration: 1900, t/T: 2.968750e+01, dt/T: 1.562500e-02
2021-02-04 17:13:27,576 solvers 0/1 INFO :: Simulation stop time reached.
2021-02-04 17:13:27,576 __main__ 0/1 INFO :: Iterations: 1984
2021-02-04 17:13:27,576 __main__ 0/1 INFO :: Sim end period: 31.000000
2021-02-04 17:13:27,576 __main__ 0/1 INFO :: Run time: 24.49 sec
2021-02-04 17:13:27,576 __main__ 0/1 INFO :: Run time: 0.006802 cpu-hr

Done running script

007-Merging snapshots-
Checking for snapshots in directory: snapshots
Found snapshots
Merging snapshots
2021-02-04 17:13:29,114 post 0/1 INFO :: Merging files from snapshots
2021-02-04 17:13:30,506 post 0/1 INFO :: Creating joint file snapshots/consolidated_analysis.h5
Done merging snapshots

007-Post processing-
Checking for snapshots in directory: snapshots
Snapshots found
Running post processing script
(n_layers = 1 (kL = 2.333333333333333 , theta = 0.7853981633974483 )
Simulated transmission coefficient is: 0.06302475733849029
AnaEq 2.4 transmission coefficient is: 0.036916688986191035
Done post processing

007-Done running simulation-

-e, Name specified, using EXP=16s_1l
-i, Simulation ID specified, using ID=001
-n, No simulation name specified, using NAME=001_16s_1l
-s, Number of simulations specified, using SIMS=16
-c, Number of cores specified, using CORES=32
-a, Will not ask before overwriting files
-r, Run the simulation
-m, Merge the data
-o, Post-process data

001-Writing parameters file-

001-Running script-
Running Dedalus script
2021-02-04 17:13:03,214 pencil 0/1 INFO :: Building pencil matrix 1/1 (~100%) Elapsed: 0s, Remaining: 0s, Rate: 2.1e+00/s
2021-02-04 17:13:03,215 __main__ 0/1 INFO :: Solver built
2021-02-04 17:13:03,216 __main__ 0/1 INFO :: Sim end period: 31.000000
2021-02-04 17:13:03,216 __main__ 0/1 INFO :: Starting loop
2021-02-04 17:13:04,944 __main__ 0/1 INFO :: Iteration: 100, t/T: 1.562500e+00, dt/T: 1.562500e-02
2021-02-04 17:13:06,198 __main__ 0/1 INFO :: Iteration: 200, t/T: 3.125000e+00, dt/T: 1.562500e-02
2021-02-04 17:13:07,515 __main__ 0/1 INFO :: Iteration: 300, t/T: 4.687500e+00, dt/T: 1.562500e-02
2021-02-04 17:13:08,911 __main__ 0/1 INFO :: Iteration: 400, t/T: 6.250000e+00, dt/T: 1.562500e-02
2021-02-04 17:13:10,114 __main__ 0/1 INFO :: Iteration: 500, t/T: 7.812500e+00, dt/T: 1.562500e-02
2021-02-04 17:13:11,318 __main__ 0/1 INFO :: Iteration: 600, t/T: 9.375000e+00, dt/T: 1.562500e-02
2021-02-04 17:13:12,502 __main__ 0/1 INFO :: Iteration: 700, t/T: 1.093750e+01, dt/T: 1.562500e-02
2021-02-04 17:13:13,665 __main__ 0/1 INFO :: Iteration: 800, t/T: 1.250000e+01, dt/T: 1.562500e-02
2021-02-04 17:13:14,964 __main__ 0/1 INFO :: Iteration: 900, t/T: 1.406250e+01, dt/T: 1.562500e-02
2021-02-04 17:13:16,106 __main__ 0/1 INFO :: Iteration: 1000, t/T: 1.562500e+01, dt/T: 1.562500e-02
2021-02-04 17:13:17,245 __main__ 0/1 INFO :: Iteration: 1100, t/T: 1.718750e+01, dt/T: 1.562500e-02
2021-02-04 17:13:18,480 __main__ 0/1 INFO :: Iteration: 1200, t/T: 1.875000e+01, dt/T: 1.562500e-02
2021-02-04 17:13:19,625 __main__ 0/1 INFO :: Iteration: 1300, t/T: 2.031250e+01, dt/T: 1.562500e-02
2021-02-04 17:13:20,859 __main__ 0/1 INFO :: Iteration: 1400, t/T: 2.187500e+01, dt/T: 1.562500e-02
2021-02-04 17:13:22,000 __main__ 0/1 INFO :: Iteration: 1500, t/T: 2.343750e+01, dt/T: 1.562500e-02
2021-02-04 17:13:23,160 __main__ 0/1 INFO :: Iteration: 1600, t/T: 2.500000e+01, dt/T: 1.562500e-02
2021-02-04 17:13:24,358 __main__ 0/1 INFO :: Iteration: 1700, t/T: 2.656250e+01, dt/T: 1.562500e-02
2021-02-04 17:13:25,596 __main__ 0/1 INFO :: Iteration: 1800, t/T: 2.812500e+01, dt/T: 1.562500e-02
2021-02-04 17:13:26,759 __main__ 0/1 INFO :: Iteration: 1900, t/T: 2.968750e+01, dt/T: 1.562500e-02
2021-02-04 17:13:27,733 solvers 0/1 INFO :: Simulation stop time reached.
2021-02-04 17:13:27,734 __main__ 0/1 INFO :: Iterations: 1984
2021-02-04 17:13:27,734 __main__ 0/1 INFO :: Sim end period: 31.000000
2021-02-04 17:13:27,734 __main__ 0/1 INFO :: Run time: 24.52 sec
2021-02-04 17:13:27,734 __main__ 0/1 INFO :: Run time: 0.006810 cpu-hr

Done running script

001-Merging snapshots-
Checking for snapshots in directory: snapshots
Found snapshots
Merging snapshots
2021-02-04 17:13:29,357 post 0/1 INFO :: Merging files from snapshots
2021-02-04 17:13:30,705 post 0/1 INFO :: Creating joint file snapshots/consolidated_analysis.h5
Done merging snapshots

001-Post processing-
Checking for snapshots in directory: snapshots
Snapshots found
Running post processing script
(n_layers = 1 (kL = 0.3333333333333333 , theta = 0.7853981633974483 )
Simulated transmission coefficient is: 0.918227955049935
AnaEq 2.4 transmission coefficient is: 0.8966295596049144
Done post processing

001-Done running simulation-

-e, Name specified, using EXP=16s_1l
-i, Simulation ID specified, using ID=002
-n, No simulation name specified, using NAME=002_16s_1l
-s, Number of simulations specified, using SIMS=16
-c, Number of cores specified, using CORES=32
-a, Will not ask before overwriting files
-r, Run the simulation
-m, Merge the data
-o, Post-process data

002-Writing parameters file-

002-Running script-
Running Dedalus script
2021-02-04 17:13:03,162 pencil 0/1 INFO :: Building pencil matrix 1/1 (~100%) Elapsed: 0s, Remaining: 0s, Rate: 2.4e+00/s
2021-02-04 17:13:03,163 __main__ 0/1 INFO :: Solver built
2021-02-04 17:13:03,164 __main__ 0/1 INFO :: Sim end period: 31.000000
2021-02-04 17:13:03,165 __main__ 0/1 INFO :: Starting loop
2021-02-04 17:13:04,793 __main__ 0/1 INFO :: Iteration: 100, t/T: 1.562500e+00, dt/T: 1.562500e-02
2021-02-04 17:13:05,939 __main__ 0/1 INFO :: Iteration: 200, t/T: 3.125000e+00, dt/T: 1.562500e-02
2021-02-04 17:13:07,128 __main__ 0/1 INFO :: Iteration: 300, t/T: 4.687500e+00, dt/T: 1.562500e-02
2021-02-04 17:13:08,279 __main__ 0/1 INFO :: Iteration: 400, t/T: 6.250000e+00, dt/T: 1.562500e-02
2021-02-04 17:13:09,527 __main__ 0/1 INFO :: Iteration: 500, t/T: 7.812500e+00, dt/T: 1.562500e-02
2021-02-04 17:13:10,893 __main__ 0/1 INFO :: Iteration: 600, t/T: 9.375000e+00, dt/T: 1.562500e-02
2021-02-04 17:13:12,059 __main__ 0/1 INFO :: Iteration: 700, t/T: 1.093750e+01, dt/T: 1.562500e-02
2021-02-04 17:13:13,225 __main__ 0/1 INFO :: Iteration: 800, t/T: 1.250000e+01, dt/T: 1.562500e-02
2021-02-04 17:13:14,444 __main__ 0/1 INFO :: Iteration: 900, t/T: 1.406250e+01, dt/T: 1.562500e-02
2021-02-04 17:13:15,642 __main__ 0/1 INFO :: Iteration: 1000, t/T: 1.562500e+01, dt/T: 1.562500e-02
2021-02-04 17:13:16,775 __main__ 0/1 INFO :: Iteration: 1100, t/T: 1.718750e+01, dt/T: 1.562500e-02
2021-02-04 17:13:17,968 __main__ 0/1 INFO :: Iteration: 1200, t/T: 1.875000e+01, dt/T: 1.562500e-02
2021-02-04 17:13:19,169 __main__ 0/1 INFO :: Iteration: 1300, t/T: 2.031250e+01, dt/T: 1.562500e-02
2021-02-04 17:13:20,348 __main__ 0/1 INFO :: Iteration: 1400, t/T: 2.187500e+01, dt/T: 1.562500e-02
2021-02-04 17:13:21,570 __main__ 0/1 INFO :: Iteration: 1500, t/T: 2.343750e+01, dt/T: 1.562500e-02
2021-02-04 17:13:22,762 __main__ 0/1 INFO :: Iteration: 1600, t/T: 2.500000e+01, dt/T: 1.562500e-02
2021-02-04 17:13:24,125 __main__ 0/1 INFO :: Iteration: 1700, t/T: 2.656250e+01, dt/T: 1.562500e-02
2021-02-04 17:13:25,301 __main__ 0/1 INFO :: Iteration: 1800, t/T: 2.812500e+01, dt/T: 1.562500e-02
2021-02-04 17:13:26,454 __main__ 0/1 INFO :: Iteration: 1900, t/T: 2.968750e+01, dt/T: 1.562500e-02
2021-02-04 17:13:27,483 solvers 0/1 INFO :: Simulation stop time reached.
2021-02-04 17:13:27,483 __main__ 0/1 INFO :: Iterations: 1984
2021-02-04 17:13:27,483 __main__ 0/1 INFO :: Sim end period: 31.000000
2021-02-04 17:13:27,483 __main__ 0/1 INFO :: Run time: 24.32 sec
2021-02-04 17:13:27,483 __main__ 0/1 INFO :: Run time: 0.006755 cpu-hr

Done running script

002-Merging snapshots-
Checking for snapshots in directory: snapshots
Found snapshots
Merging snapshots
2021-02-04 17:13:29,123 post 0/1 INFO :: Merging files from snapshots
2021-02-04 17:13:30,547 post 0/1 INFO :: Creating joint file snapshots/consolidated_analysis.h5
Done merging snapshots

002-Post processing-
Checking for snapshots in directory: snapshots
Snapshots found
Running post processing script
(n_layers = 1 (kL = 0.6666666666666666 , theta = 0.7853981633974483 )
Simulated transmission coefficient is: 0.6954650750940837
AnaEq 2.4 transmission coefficient is: 0.6603640386116149
Done post processing

002-Done running simulation-

-e, Name specified, using EXP=16s_1l
-i, Simulation ID specified, using ID=008
-n, No simulation name specified, using NAME=000_16s_1l
-s, Number of simulations specified, using SIMS=16
-c, Number of cores specified, using CORES=32
-a, Will not ask before overwriting files
-r, Run the simulation
-m, Merge the data
-o, Post-process data

008-Writing parameters file-

008-Running script-
Running Dedalus script
2021-02-04 17:13:03,115 pencil 0/1 INFO :: Building pencil matrix 1/1 (~100%) Elapsed: 0s, Remaining: 0s, Rate: 2.4e+00/s
2021-02-04 17:13:03,116 __main__ 0/1 INFO :: Solver built
2021-02-04 17:13:03,117 __main__ 0/1 INFO :: Sim end period: 31.000000
2021-02-04 17:13:03,117 __main__ 0/1 INFO :: Starting loop
2021-02-04 17:13:04,728 __main__ 0/1 INFO :: Iteration: 100, t/T: 1.562500e+00, dt/T: 1.562500e-02
2021-02-04 17:13:05,951 __main__ 0/1 INFO :: Iteration: 200, t/T: 3.125000e+00, dt/T: 1.562500e-02
2021-02-04 17:13:07,174 __main__ 0/1 INFO :: Iteration: 300, t/T: 4.687500e+00, dt/T: 1.562500e-02
2021-02-04 17:13:08,508 __main__ 0/1 INFO :: Iteration: 400, t/T: 6.250000e+00, dt/T: 1.562500e-02
2021-02-04 17:13:09,809 __main__ 0/1 INFO :: Iteration: 500, t/T: 7.812500e+00, dt/T: 1.562500e-02
2021-02-04 17:13:10,960 __main__ 0/1 INFO :: Iteration: 600, t/T: 9.375000e+00, dt/T: 1.562500e-02
2021-02-04 17:13:12,121 __main__ 0/1 INFO :: Iteration: 700, t/T: 1.093750e+01, dt/T: 1.562500e-02
2021-02-04 17:13:13,314 __main__ 0/1 INFO :: Iteration: 800, t/T: 1.250000e+01, dt/T: 1.562500e-02
2021-02-04 17:13:14,667 __main__ 0/1 INFO :: Iteration: 900, t/T: 1.406250e+01, dt/T: 1.562500e-02
2021-02-04 17:13:15,817 __main__ 0/1 INFO :: Iteration: 1000, t/T: 1.562500e+01, dt/T: 1.562500e-02
2021-02-04 17:13:16,983 __main__ 0/1 INFO :: Iteration: 1100, t/T: 1.718750e+01, dt/T: 1.562500e-02
2021-02-04 17:13:18,134 __main__ 0/1 INFO :: Iteration: 1200, t/T: 1.875000e+01, dt/T: 1.562500e-02
2021-02-04 17:13:19,283 __main__ 0/1 INFO :: Iteration: 1300, t/T: 2.031250e+01, dt/T: 1.562500e-02
2021-02-04 17:13:20,440 __main__ 0/1 INFO :: Iteration: 1400, t/T: 2.187500e+01, dt/T: 1.562500e-02
2021-02-04 17:13:21,591 __main__ 0/1 INFO :: Iteration: 1500, t/T: 2.343750e+01, dt/T: 1.562500e-02
2021-02-04 17:13:22,762 __main__ 0/1 INFO :: Iteration: 1600, t/T: 2.500000e+01, dt/T: 1.562500e-02
2021-02-04 17:13:23,920 __main__ 0/1 INFO :: Iteration: 1700, t/T: 2.656250e+01, dt/T: 1.562500e-02
2021-02-04 17:13:25,107 __main__ 0/1 INFO :: Iteration: 1800, t/T: 2.812500e+01, dt/T: 1.562500e-02
2021-02-04 17:13:26,295 __main__ 0/1 INFO :: Iteration: 1900, t/T: 2.968750e+01, dt/T: 1.562500e-02
2021-02-04 17:13:27,428 solvers 0/1 INFO :: Simulation stop time reached.
2021-02-04 17:13:27,428 __main__ 0/1 INFO :: Iterations: 1984
2021-02-04 17:13:27,428 __main__ 0/1 INFO :: Sim end period: 31.000000
2021-02-04 17:13:27,428 __main__ 0/1 INFO :: Run time: 24.31 sec
2021-02-04 17:13:27,428 __main__ 0/1 INFO :: Run time: 0.006753 cpu-hr

Done running script

008-Merging snapshots-
Checking for snapshots in directory: snapshots
Found snapshots
Merging snapshots
2021-02-04 17:13:29,103 post 0/1 INFO :: Merging files from snapshots
2021-02-04 17:13:30,544 post 0/1 INFO :: Creating joint file snapshots/consolidated_analysis.h5
Done merging snapshots

008-Post processing-
Checking for snapshots in directory: snapshots
Snapshots found
Running post processing script
(n_layers = 1 (kL = 2.6666666666666665 , theta = 0.7853981633974483 )
Simulated transmission coefficient is: 0.039177467650150566
AnaEq 2.4 transmission coefficient is: 0.019126668947411402
Done post processing

008-Done running simulation-

run.sh: line 60: printf: 008: invalid octal number
-e, Name specified, using EXP=16s_1l
-i, Simulation ID specified, using ID=013
-n, No simulation name specified, using NAME=011_16s_1l
-s, Number of simulations specified, using SIMS=16
-c, Number of cores specified, using CORES=32
-a, Will not ask before overwriting files
-r, Run the simulation
-m, Merge the data
-o, Post-process data

013-Writing parameters file-

013-Running script-
Running Dedalus script
2021-02-04 17:13:03,203 pencil 0/1 INFO :: Building pencil matrix 1/1 (~100%) Elapsed: 0s, Remaining: 0s, Rate: 2.1e+00/s
2021-02-04 17:13:03,204 __main__ 0/1 INFO :: Solver built
2021-02-04 17:13:03,205 __main__ 0/1 INFO :: Sim end period: 31.000000
2021-02-04 17:13:03,205 __main__ 0/1 INFO :: Starting loop
2021-02-04 17:13:04,912 __main__ 0/1 INFO :: Iteration: 100, t/T: 1.562500e+00, dt/T: 1.562500e-02
2021-02-04 17:13:06,321 __main__ 0/1 INFO :: Iteration: 200, t/T: 3.125000e+00, dt/T: 1.562500e-02
2021-02-04 17:13:07,583 __main__ 0/1 INFO :: Iteration: 300, t/T: 4.687500e+00, dt/T: 1.562500e-02
2021-02-04 17:13:08,825 __main__ 0/1 INFO :: Iteration: 400, t/T: 6.250000e+00, dt/T: 1.562500e-02
2021-02-04 17:13:10,122 __main__ 0/1 INFO :: Iteration: 500, t/T: 7.812500e+00, dt/T: 1.562500e-02
2021-02-04 17:13:11,323 __main__ 0/1 INFO :: Iteration: 600, t/T: 9.375000e+00, dt/T: 1.562500e-02
2021-02-04 17:13:12,490 __main__ 0/1 INFO :: Iteration: 700, t/T: 1.093750e+01, dt/T: 1.562500e-02
2021-02-04 17:13:13,651 __main__ 0/1 INFO :: Iteration: 800, t/T: 1.250000e+01, dt/T: 1.562500e-02
2021-02-04 17:13:14,812 __main__ 0/1 INFO :: Iteration: 900, t/T: 1.406250e+01, dt/T: 1.562500e-02
2021-02-04 17:13:15,964 __main__ 0/1 INFO :: Iteration: 1000, t/T: 1.562500e+01, dt/T: 1.562500e-02
2021-02-04 17:13:17,129 __main__ 0/1 INFO :: Iteration: 1100, t/T: 1.718750e+01, dt/T: 1.562500e-02
2021-02-04 17:13:18,282 __main__ 0/1 INFO :: Iteration: 1200, t/T: 1.875000e+01, dt/T: 1.562500e-02
2021-02-04 17:13:19,432 __main__ 0/1 INFO :: Iteration: 1300, t/T: 2.031250e+01, dt/T: 1.562500e-02
2021-02-04 17:13:20,668 __main__ 0/1 INFO :: Iteration: 1400, t/T: 2.187500e+01, dt/T: 1.562500e-02
2021-02-04 17:13:21,826 __main__ 0/1 INFO :: Iteration: 1500, t/T: 2.343750e+01, dt/T: 1.562500e-02
2021-02-04 17:13:23,077 __main__ 0/1 INFO :: Iteration: 1600, t/T: 2.500000e+01, dt/T: 1.562500e-02
2021-02-04 17:13:24,328 __main__ 0/1 INFO :: Iteration: 1700, t/T: 2.656250e+01, dt/T: 1.562500e-02
2021-02-04 17:13:25,510 __main__ 0/1 INFO :: Iteration: 1800, t/T: 2.812500e+01, dt/T: 1.562500e-02
2021-02-04 17:13:26,734 __main__ 0/1 INFO :: Iteration: 1900, t/T: 2.968750e+01, dt/T: 1.562500e-02
2021-02-04 17:13:27,759 solvers 0/1 INFO :: Simulation stop time reached.
2021-02-04 17:13:27,759 __main__ 0/1 INFO :: Iterations: 1984
2021-02-04 17:13:27,759 __main__ 0/1 INFO :: Sim end period: 31.000000
2021-02-04 17:13:27,759 __main__ 0/1 INFO :: Run time: 24.55 sec
2021-02-04 17:13:27,759 __main__ 0/1 INFO :: Run time: 0.006820 cpu-hr

Done running script

013-Merging snapshots-
Checking for snapshots in directory: snapshots
Found snapshots
Merging snapshots
2021-02-04 17:13:29,382 post 0/1 INFO :: Merging files from snapshots
2021-02-04 17:13:30,740 post 0/1 INFO :: Creating joint file snapshots/consolidated_analysis.h5
Done merging snapshots

013-Post processing-
Checking for snapshots in directory: snapshots
Snapshots found
Running post processing script
(n_layers = 1 (kL = 4.333333333333333 , theta = 0.7853981633974483 )
Simulated transmission coefficient is: 0.006294550223997166
AnaEq 2.4 transmission coefficient is: 0.000688691773538286
Done post processing

013-Done running simulation-

-e, Name specified, using EXP=16s_1l
-i, Simulation ID specified, using ID=004
-n, No simulation name specified, using NAME=004_16s_1l
-s, Number of simulations specified, using SIMS=16
-c, Number of cores specified, using CORES=32
-a, Will not ask before overwriting files
-r, Run the simulation
-m, Merge the data
-o, Post-process data

004-Writing parameters file-

004-Running script-
Running Dedalus script
2021-02-04 17:13:03,186 pencil 0/1 INFO :: Building pencil matrix 1/1 (~100%) Elapsed: 0s, Remaining: 0s, Rate: 2.1e+00/s
2021-02-04 17:13:03,187 __main__ 0/1 INFO :: Solver built
2021-02-04 17:13:03,188 __main__ 0/1 INFO :: Sim end period: 31.000000
2021-02-04 17:13:03,189 __main__ 0/1 INFO :: Starting loop
2021-02-04 17:13:04,823 __main__ 0/1 INFO :: Iteration: 100, t/T: 1.562500e+00, dt/T: 1.562500e-02
2021-02-04 17:13:05,997 __main__ 0/1 INFO :: Iteration: 200, t/T: 3.125000e+00, dt/T: 1.562500e-02
2021-02-04 17:13:07,302 __main__ 0/1 INFO :: Iteration: 300, t/T: 4.687500e+00, dt/T: 1.562500e-02
2021-02-04 17:13:08,574 __main__ 0/1 INFO :: Iteration: 400, t/T: 6.250000e+00, dt/T: 1.562500e-02
2021-02-04 17:13:09,762 __main__ 0/1 INFO :: Iteration: 500, t/T: 7.812500e+00, dt/T: 1.562500e-02
2021-02-04 17:13:10,921 __main__ 0/1 INFO :: Iteration: 600, t/T: 9.375000e+00, dt/T: 1.562500e-02
2021-02-04 17:13:12,099 __main__ 0/1 INFO :: Iteration: 700, t/T: 1.093750e+01, dt/T: 1.562500e-02
2021-02-04 17:13:13,416 __main__ 0/1 INFO :: Iteration: 800, t/T: 1.250000e+01, dt/T: 1.562500e-02
2021-02-04 17:13:14,645 __main__ 0/1 INFO :: Iteration: 900, t/T: 1.406250e+01, dt/T: 1.562500e-02
2021-02-04 17:13:15,850 __main__ 0/1 INFO :: Iteration: 1000, t/T: 1.562500e+01, dt/T: 1.562500e-02
2021-02-04 17:13:17,075 __main__ 0/1 INFO :: Iteration: 1100, t/T: 1.718750e+01, dt/T: 1.562500e-02
2021-02-04 17:13:18,251 __main__ 0/1 INFO :: Iteration: 1200, t/T: 1.875000e+01, dt/T: 1.562500e-02
2021-02-04 17:13:19,534 __main__ 0/1 INFO :: Iteration: 1300, t/T: 2.031250e+01, dt/T: 1.562500e-02
2021-02-04 17:13:20,685 __main__ 0/1 INFO :: Iteration: 1400, t/T: 2.187500e+01, dt/T: 1.562500e-02
2021-02-04 17:13:21,864 __main__ 0/1 INFO :: Iteration: 1500, t/T: 2.343750e+01, dt/T: 1.562500e-02
2021-02-04 17:13:23,129 __main__ 0/1 INFO :: Iteration: 1600, t/T: 2.500000e+01, dt/T: 1.562500e-02
2021-02-04 17:13:24,315 __main__ 0/1 INFO :: Iteration: 1700, t/T: 2.656250e+01, dt/T: 1.562500e-02
2021-02-04 17:13:25,581 __main__ 0/1 INFO :: Iteration: 1800, t/T: 2.812500e+01, dt/T: 1.562500e-02
2021-02-04 17:13:26,768 __main__ 0/1 INFO :: Iteration: 1900, t/T: 2.968750e+01, dt/T: 1.562500e-02
2021-02-04 17:13:27,775 solvers 0/1 INFO :: Simulation stop time reached.
2021-02-04 17:13:27,775 __main__ 0/1 INFO :: Iterations: 1984
2021-02-04 17:13:27,775 __main__ 0/1 INFO :: Sim end period: 31.000000
2021-02-04 17:13:27,775 __main__ 0/1 INFO :: Run time: 24.59 sec
2021-02-04 17:13:27,775 __main__ 0/1 INFO :: Run time: 0.006829 cpu-hr

Done running script

004-Merging snapshots-
Checking for snapshots in directory: snapshots
Found snapshots
Merging snapshots
2021-02-04 17:13:29,479 post 0/1 INFO :: Merging files from snapshots
2021-02-04 17:13:30,814 post 0/1 INFO :: Creating joint file snapshots/consolidated_analysis.h5
Done merging snapshots

004-Post processing-
Checking for snapshots in directory: snapshots
Snapshots found
Running post processing script
(n_layers = 1 (kL = 1.3333333333333333 , theta = 0.7853981633974483 )
Simulated transmission coefficient is: 0.2831807689559438
AnaEq 2.4 transmission coefficient is: 0.2429927047655804
Done post processing

004-Done running simulation-

-e, Name specified, using EXP=16s_1l
-i, Simulation ID specified, using ID=011
-n, No simulation name specified, using NAME=009_16s_1l
-s, Number of simulations specified, using SIMS=16
-c, Number of cores specified, using CORES=32
-a, Will not ask before overwriting files
-r, Run the simulation
-m, Merge the data
-o, Post-process data

011-Writing parameters file-

011-Running script-
Running Dedalus script
2021-02-04 17:13:03,158 pencil 0/1 INFO :: Building pencil matrix 1/1 (~100%) Elapsed: 0s, Remaining: 0s, Rate: 2.4e+00/s
2021-02-04 17:13:03,159 __main__ 0/1 INFO :: Solver built
2021-02-04 17:13:03,161 __main__ 0/1 INFO :: Sim end period: 31.000000
2021-02-04 17:13:03,161 __main__ 0/1 INFO :: Starting loop
2021-02-04 17:13:04,879 __main__ 0/1 INFO :: Iteration: 100, t/T: 1.562500e+00, dt/T: 1.562500e-02
2021-02-04 17:13:06,054 __main__ 0/1 INFO :: Iteration: 200, t/T: 3.125000e+00, dt/T: 1.562500e-02
2021-02-04 17:13:07,295 __main__ 0/1 INFO :: Iteration: 300, t/T: 4.687500e+00, dt/T: 1.562500e-02
2021-02-04 17:13:08,485 __main__ 0/1 INFO :: Iteration: 400, t/T: 6.250000e+00, dt/T: 1.562500e-02
2021-02-04 17:13:09,674 __main__ 0/1 INFO :: Iteration: 500, t/T: 7.812500e+00, dt/T: 1.562500e-02
2021-02-04 17:13:10,869 __main__ 0/1 INFO :: Iteration: 600, t/T: 9.375000e+00, dt/T: 1.562500e-02
2021-02-04 17:13:12,212 __main__ 0/1 INFO :: Iteration: 700, t/T: 1.093750e+01, dt/T: 1.562500e-02
2021-02-04 17:13:13,542 __main__ 0/1 INFO :: Iteration: 800, t/T: 1.250000e+01, dt/T: 1.562500e-02
2021-02-04 17:13:14,779 __main__ 0/1 INFO :: Iteration: 900, t/T: 1.406250e+01, dt/T: 1.562500e-02
2021-02-04 17:13:15,946 __main__ 0/1 INFO :: Iteration: 1000, t/T: 1.562500e+01, dt/T: 1.562500e-02
2021-02-04 17:13:17,112 __main__ 0/1 INFO :: Iteration: 1100, t/T: 1.718750e+01, dt/T: 1.562500e-02
2021-02-04 17:13:18,287 __main__ 0/1 INFO :: Iteration: 1200, t/T: 1.875000e+01, dt/T: 1.562500e-02
2021-02-04 17:13:19,487 __main__ 0/1 INFO :: Iteration: 1300, t/T: 2.031250e+01, dt/T: 1.562500e-02
2021-02-04 17:13:20,700 __main__ 0/1 INFO :: Iteration: 1400, t/T: 2.187500e+01, dt/T: 1.562500e-02
2021-02-04 17:13:21,927 __main__ 0/1 INFO :: Iteration: 1500, t/T: 2.343750e+01, dt/T: 1.562500e-02
2021-02-04 17:13:23,202 __main__ 0/1 INFO :: Iteration: 1600, t/T: 2.500000e+01, dt/T: 1.562500e-02
2021-02-04 17:13:24,394 __main__ 0/1 INFO :: Iteration: 1700, t/T: 2.656250e+01, dt/T: 1.562500e-02
2021-02-04 17:13:25,577 __main__ 0/1 INFO :: Iteration: 1800, t/T: 2.812500e+01, dt/T: 1.562500e-02
2021-02-04 17:13:26,759 __main__ 0/1 INFO :: Iteration: 1900, t/T: 2.968750e+01, dt/T: 1.562500e-02
2021-02-04 17:13:27,933 solvers 0/1 INFO :: Simulation stop time reached.
2021-02-04 17:13:27,934 __main__ 0/1 INFO :: Iterations: 1984
2021-02-04 17:13:27,934 __main__ 0/1 INFO :: Sim end period: 31.000000
2021-02-04 17:13:27,934 __main__ 0/1 INFO :: Run time: 24.77 sec
2021-02-04 17:13:27,934 __main__ 0/1 INFO :: Run time: 0.006881 cpu-hr

Done running script

011-Merging snapshots-
Checking for snapshots in directory: snapshots
Found snapshots
Merging snapshots
2021-02-04 17:13:29,716 post 0/1 INFO :: Merging files from snapshots
2021-02-04 17:13:31,058 post 0/1 INFO :: Creating joint file snapshots/consolidated_analysis.h5
Done merging snapshots

011-Post processing-
Checking for snapshots in directory: snapshots
Snapshots found
Running post processing script
(n_layers = 1 (kL = 3.6666666666666665 , theta = 0.7853981633974483 )
Simulated transmission coefficient is: 0.011182404698971913
AnaEq 2.4 transmission coefficient is: 0.002610155895282588
Done post processing

011-Done running simulation-

-e, Name specified, using EXP=16s_1l
-i, Simulation ID specified, using ID=010
-n, No simulation name specified, using NAME=008_16s_1l
-s, Number of simulations specified, using SIMS=16
-c, Number of cores specified, using CORES=32
-a, Will not ask before overwriting files
-r, Run the simulation
-m, Merge the data
-o, Post-process data

010-Writing parameters file-

010-Running script-
Running Dedalus script
2021-02-04 17:13:03,162 pencil 0/1 INFO :: Building pencil matrix 1/1 (~100%) Elapsed: 0s, Remaining: 0s, Rate: 2.1e+00/s
2021-02-04 17:13:03,163 __main__ 0/1 INFO :: Solver built
2021-02-04 17:13:03,164 __main__ 0/1 INFO :: Sim end period: 31.000000
2021-02-04 17:13:03,164 __main__ 0/1 INFO :: Starting loop
2021-02-04 17:13:04,902 __main__ 0/1 INFO :: Iteration: 100, t/T: 1.562500e+00, dt/T: 1.562500e-02
2021-02-04 17:13:06,174 __main__ 0/1 INFO :: Iteration: 200, t/T: 3.125000e+00, dt/T: 1.562500e-02
2021-02-04 17:13:07,339 __main__ 0/1 INFO :: Iteration: 300, t/T: 4.687500e+00, dt/T: 1.562500e-02
2021-02-04 17:13:08,503 __main__ 0/1 INFO :: Iteration: 400, t/T: 6.250000e+00, dt/T: 1.562500e-02
2021-02-04 17:13:09,672 __main__ 0/1 INFO :: Iteration: 500, t/T: 7.812500e+00, dt/T: 1.562500e-02
2021-02-04 17:13:10,967 __main__ 0/1 INFO :: Iteration: 600, t/T: 9.375000e+00, dt/T: 1.562500e-02
2021-02-04 17:13:12,136 __main__ 0/1 INFO :: Iteration: 700, t/T: 1.093750e+01, dt/T: 1.562500e-02
2021-02-04 17:13:13,369 __main__ 0/1 INFO :: Iteration: 800, t/T: 1.250000e+01, dt/T: 1.562500e-02
2021-02-04 17:13:14,542 __main__ 0/1 INFO :: Iteration: 900, t/T: 1.406250e+01, dt/T: 1.562500e-02
2021-02-04 17:13:15,795 __main__ 0/1 INFO :: Iteration: 1000, t/T: 1.562500e+01, dt/T: 1.562500e-02
2021-02-04 17:13:17,151 __main__ 0/1 INFO :: Iteration: 1100, t/T: 1.718750e+01, dt/T: 1.562500e-02
2021-02-04 17:13:18,533 __main__ 0/1 INFO :: Iteration: 1200, t/T: 1.875000e+01, dt/T: 1.562500e-02
2021-02-04 17:13:19,721 __main__ 0/1 INFO :: Iteration: 1300, t/T: 2.031250e+01, dt/T: 1.562500e-02
2021-02-04 17:13:20,896 __main__ 0/1 INFO :: Iteration: 1400, t/T: 2.187500e+01, dt/T: 1.562500e-02
2021-02-04 17:13:22,064 __main__ 0/1 INFO :: Iteration: 1500, t/T: 2.343750e+01, dt/T: 1.562500e-02
2021-02-04 17:13:23,220 __main__ 0/1 INFO :: Iteration: 1600, t/T: 2.500000e+01, dt/T: 1.562500e-02
2021-02-04 17:13:24,382 __main__ 0/1 INFO :: Iteration: 1700, t/T: 2.656250e+01, dt/T: 1.562500e-02
2021-02-04 17:13:25,598 __main__ 0/1 INFO :: Iteration: 1800, t/T: 2.812500e+01, dt/T: 1.562500e-02
2021-02-04 17:13:26,786 __main__ 0/1 INFO :: Iteration: 1900, t/T: 2.968750e+01, dt/T: 1.562500e-02
2021-02-04 17:13:27,813 solvers 0/1 INFO :: Simulation stop time reached.
2021-02-04 17:13:27,813 __main__ 0/1 INFO :: Iterations: 1984
2021-02-04 17:13:27,813 __main__ 0/1 INFO :: Sim end period: 31.000000
2021-02-04 17:13:27,813 __main__ 0/1 INFO :: Run time: 24.65 sec
2021-02-04 17:13:27,813 __main__ 0/1 INFO :: Run time: 0.006847 cpu-hr

Done running script

010-Merging snapshots-
Checking for snapshots in directory: snapshots
Found snapshots
Merging snapshots
2021-02-04 17:13:29,711 post 0/1 INFO :: Merging files from snapshots
2021-02-04 17:13:31,040 post 0/1 INFO :: Creating joint file snapshots/consolidated_analysis.h5
Done merging snapshots

010-Post processing-
Checking for snapshots in directory: snapshots
Snapshots found
Running post processing script
(n_layers = 1 (kL = 3.333333333333333 , theta = 0.7853981633974483 )
Simulated transmission coefficient is: 0.016490969595585464
AnaEq 2.4 transmission coefficient is: 0.005077603122961368
Done post processing

010-Done running simulation-

-e, Name specified, using EXP=16s_1l
-i, Simulation ID specified, using ID=012
-n, No simulation name specified, using NAME=010_16s_1l
-s, Number of simulations specified, using SIMS=16
-c, Number of cores specified, using CORES=32
-a, Will not ask before overwriting files
-r, Run the simulation
-m, Merge the data
-o, Post-process data

012-Writing parameters file-

012-Running script-
Running Dedalus script
2021-02-04 17:13:03,198 pencil 0/1 INFO :: Building pencil matrix 1/1 (~100%) Elapsed: 0s, Remaining: 0s, Rate: 2.1e+00/s
2021-02-04 17:13:03,199 __main__ 0/1 INFO :: Solver built
2021-02-04 17:13:03,200 __main__ 0/1 INFO :: Sim end period: 31.000000
2021-02-04 17:13:03,200 __main__ 0/1 INFO :: Starting loop
2021-02-04 17:13:04,862 __main__ 0/1 INFO :: Iteration: 100, t/T: 1.562500e+00, dt/T: 1.562500e-02
2021-02-04 17:13:06,190 __main__ 0/1 INFO :: Iteration: 200, t/T: 3.125000e+00, dt/T: 1.562500e-02
2021-02-04 17:13:07,464 __main__ 0/1 INFO :: Iteration: 300, t/T: 4.687500e+00, dt/T: 1.562500e-02
2021-02-04 17:13:08,768 __main__ 0/1 INFO :: Iteration: 400, t/T: 6.250000e+00, dt/T: 1.562500e-02
2021-02-04 17:13:10,066 __main__ 0/1 INFO :: Iteration: 500, t/T: 7.812500e+00, dt/T: 1.562500e-02
2021-02-04 17:13:11,269 __main__ 0/1 INFO :: Iteration: 600, t/T: 9.375000e+00, dt/T: 1.562500e-02
2021-02-04 17:13:12,481 __main__ 0/1 INFO :: Iteration: 700, t/T: 1.093750e+01, dt/T: 1.562500e-02
2021-02-04 17:13:13,701 __main__ 0/1 INFO :: Iteration: 800, t/T: 1.250000e+01, dt/T: 1.562500e-02
2021-02-04 17:13:15,036 __main__ 0/1 INFO :: Iteration: 900, t/T: 1.406250e+01, dt/T: 1.562500e-02
2021-02-04 17:13:16,296 __main__ 0/1 INFO :: Iteration: 1000, t/T: 1.562500e+01, dt/T: 1.562500e-02
2021-02-04 17:13:17,453 __main__ 0/1 INFO :: Iteration: 1100, t/T: 1.718750e+01, dt/T: 1.562500e-02
2021-02-04 17:13:18,622 __main__ 0/1 INFO :: Iteration: 1200, t/T: 1.875000e+01, dt/T: 1.562500e-02
2021-02-04 17:13:19,777 __main__ 0/1 INFO :: Iteration: 1300, t/T: 2.031250e+01, dt/T: 1.562500e-02
2021-02-04 17:13:20,928 __main__ 0/1 INFO :: Iteration: 1400, t/T: 2.187500e+01, dt/T: 1.562500e-02
2021-02-04 17:13:22,083 __main__ 0/1 INFO :: Iteration: 1500, t/T: 2.343750e+01, dt/T: 1.562500e-02
2021-02-04 17:13:23,313 __main__ 0/1 INFO :: Iteration: 1600, t/T: 2.500000e+01, dt/T: 1.562500e-02
2021-02-04 17:13:24,495 __main__ 0/1 INFO :: Iteration: 1700, t/T: 2.656250e+01, dt/T: 1.562500e-02
2021-02-04 17:13:25,699 __main__ 0/1 INFO :: Iteration: 1800, t/T: 2.812500e+01, dt/T: 1.562500e-02
2021-02-04 17:13:26,991 __main__ 0/1 INFO :: Iteration: 1900, t/T: 2.968750e+01, dt/T: 1.562500e-02
2021-02-04 17:13:28,076 solvers 0/1 INFO :: Simulation stop time reached.
2021-02-04 17:13:28,076 __main__ 0/1 INFO :: Iterations: 1984
2021-02-04 17:13:28,076 __main__ 0/1 INFO :: Sim end period: 31.000000
2021-02-04 17:13:28,076 __main__ 0/1 INFO :: Run time: 24.88 sec
2021-02-04 17:13:28,076 __main__ 0/1 INFO :: Run time: 0.006910 cpu-hr

Done running script

012-Merging snapshots-
Checking for snapshots in directory: snapshots
Found snapshots
Merging snapshots
2021-02-04 17:13:29,738 post 0/1 INFO :: Merging files from snapshots
2021-02-04 17:13:31,080 post 0/1 INFO :: Creating joint file snapshots/consolidated_analysis.h5
Done merging snapshots

012-Post processing-
Checking for snapshots in directory: snapshots
Snapshots found
Running post processing script
(n_layers = 1 (kL = 4.0 , theta = 0.7853981633974483 )
Simulated transmission coefficient is: 0.008500914360325282
AnaEq 2.4 transmission coefficient is: 0.0013409506830258972
Done post processing

012-Done running simulation-

-e, Name specified, using EXP=16s_1l
-i, Simulation ID specified, using ID=009
-n, No simulation name specified, using NAME=000_16s_1l
-s, Number of simulations specified, using SIMS=16
-c, Number of cores specified, using CORES=32
-a, Will not ask before overwriting files
-r, Run the simulation
-m, Merge the data
-o, Post-process data

009-Writing parameters file-

009-Running script-
Running Dedalus script
2021-02-04 17:13:03,125 pencil 0/1 INFO :: Building pencil matrix 1/1 (~100%) Elapsed: 0s, Remaining: 0s, Rate: 2.4e+00/s
2021-02-04 17:13:03,125 __main__ 0/1 INFO :: Solver built
2021-02-04 17:13:03,127 __main__ 0/1 INFO :: Sim end period: 31.000000
2021-02-04 17:13:03,127 __main__ 0/1 INFO :: Starting loop
2021-02-04 17:13:04,763 __main__ 0/1 INFO :: Iteration: 100, t/T: 1.562500e+00, dt/T: 1.562500e-02
2021-02-04 17:13:06,013 __main__ 0/1 INFO :: Iteration: 200, t/T: 3.125000e+00, dt/T: 1.562500e-02
2021-02-04 17:13:07,188 __main__ 0/1 INFO :: Iteration: 300, t/T: 4.687500e+00, dt/T: 1.562500e-02
2021-02-04 17:13:08,423 __main__ 0/1 INFO :: Iteration: 400, t/T: 6.250000e+00, dt/T: 1.562500e-02
2021-02-04 17:13:09,712 __main__ 0/1 INFO :: Iteration: 500, t/T: 7.812500e+00, dt/T: 1.562500e-02
2021-02-04 17:13:10,953 __main__ 0/1 INFO :: Iteration: 600, t/T: 9.375000e+00, dt/T: 1.562500e-02
2021-02-04 17:13:12,364 __main__ 0/1 INFO :: Iteration: 700, t/T: 1.093750e+01, dt/T: 1.562500e-02
2021-02-04 17:13:13,609 __main__ 0/1 INFO :: Iteration: 800, t/T: 1.250000e+01, dt/T: 1.562500e-02
2021-02-04 17:13:14,881 __main__ 0/1 INFO :: Iteration: 900, t/T: 1.406250e+01, dt/T: 1.562500e-02
2021-02-04 17:13:16,189 __main__ 0/1 INFO :: Iteration: 1000, t/T: 1.562500e+01, dt/T: 1.562500e-02
2021-02-04 17:13:17,402 __main__ 0/1 INFO :: Iteration: 1100, t/T: 1.718750e+01, dt/T: 1.562500e-02
2021-02-04 17:13:18,751 __main__ 0/1 INFO :: Iteration: 1200, t/T: 1.875000e+01, dt/T: 1.562500e-02
2021-02-04 17:13:19,982 __main__ 0/1 INFO :: Iteration: 1300, t/T: 2.031250e+01, dt/T: 1.562500e-02
2021-02-04 17:13:21,209 __main__ 0/1 INFO :: Iteration: 1400, t/T: 2.187500e+01, dt/T: 1.562500e-02
2021-02-04 17:13:22,410 __main__ 0/1 INFO :: Iteration: 1500, t/T: 2.343750e+01, dt/T: 1.562500e-02
2021-02-04 17:13:23,606 __main__ 0/1 INFO :: Iteration: 1600, t/T: 2.500000e+01, dt/T: 1.562500e-02
2021-02-04 17:13:24,829 __main__ 0/1 INFO :: Iteration: 1700, t/T: 2.656250e+01, dt/T: 1.562500e-02
2021-02-04 17:13:26,000 __main__ 0/1 INFO :: Iteration: 1800, t/T: 2.812500e+01, dt/T: 1.562500e-02
2021-02-04 17:13:27,218 __main__ 0/1 INFO :: Iteration: 1900, t/T: 2.968750e+01, dt/T: 1.562500e-02
2021-02-04 17:13:28,294 solvers 0/1 INFO :: Simulation stop time reached.
2021-02-04 17:13:28,294 __main__ 0/1 INFO :: Iterations: 1984
2021-02-04 17:13:28,294 __main__ 0/1 INFO :: Sim end period: 31.000000
2021-02-04 17:13:28,294 __main__ 0/1 INFO :: Run time: 25.17 sec
2021-02-04 17:13:28,294 __main__ 0/1 INFO :: Run time: 0.006991 cpu-hr

Done running script

009-Merging snapshots-
Checking for snapshots in directory: snapshots
Found snapshots
Merging snapshots
2021-02-04 17:13:29,771 post 0/1 INFO :: Merging files from snapshots
2021-02-04 17:13:31,138 post 0/1 INFO :: Creating joint file snapshots/consolidated_analysis.h5
Done merging snapshots

009-Post processing-
Checking for snapshots in directory: snapshots
Snapshots found
Running post processing script
(n_layers = 1 (kL = 3.0 , theta = 0.7853981633974483 )
Simulated transmission coefficient is: 0.024674310387642104
AnaEq 2.4 transmission coefficient is: 0.00986603716544019
Done post processing

009-Done running simulation-

run.sh: line 60: printf: 009: invalid octal number
-e, Name specified, using EXP=16s_1l
-i, Simulation ID specified, using ID=005
-n, No simulation name specified, using NAME=005_16s_1l
-s, Number of simulations specified, using SIMS=16
-c, Number of cores specified, using CORES=32
-a, Will not ask before overwriting files
-r, Run the simulation
-m, Merge the data
-o, Post-process data

005-Writing parameters file-

005-Running script-
Running Dedalus script
2021-02-04 17:13:03,109 pencil 0/1 INFO :: Building pencil matrix 1/1 (~100%) Elapsed: 0s, Remaining: 0s, Rate: 2.5e+00/s
2021-02-04 17:13:03,110 __main__ 0/1 INFO :: Solver built
2021-02-04 17:13:03,111 __main__ 0/1 INFO :: Sim end period: 31.000000
2021-02-04 17:13:03,111 __main__ 0/1 INFO :: Starting loop
2021-02-04 17:13:04,804 __main__ 0/1 INFO :: Iteration: 100, t/T: 1.562500e+00, dt/T: 1.562500e-02
2021-02-04 17:13:06,229 __main__ 0/1 INFO :: Iteration: 200, t/T: 3.125000e+00, dt/T: 1.562500e-02
2021-02-04 17:13:07,492 __main__ 0/1 INFO :: Iteration: 300, t/T: 4.687500e+00, dt/T: 1.562500e-02
2021-02-04 17:13:08,685 __main__ 0/1 INFO :: Iteration: 400, t/T: 6.250000e+00, dt/T: 1.562500e-02
2021-02-04 17:13:09,870 __main__ 0/1 INFO :: Iteration: 500, t/T: 7.812500e+00, dt/T: 1.562500e-02
2021-02-04 17:13:11,112 __main__ 0/1 INFO :: Iteration: 600, t/T: 9.375000e+00, dt/T: 1.562500e-02
2021-02-04 17:13:12,317 __main__ 0/1 INFO :: Iteration: 700, t/T: 1.093750e+01, dt/T: 1.562500e-02
2021-02-04 17:13:13,508 __main__ 0/1 INFO :: Iteration: 800, t/T: 1.250000e+01, dt/T: 1.562500e-02
2021-02-04 17:13:14,724 __main__ 0/1 INFO :: Iteration: 900, t/T: 1.406250e+01, dt/T: 1.562500e-02
2021-02-04 17:13:15,907 __main__ 0/1 INFO :: Iteration: 1000, t/T: 1.562500e+01, dt/T: 1.562500e-02
2021-02-04 17:13:17,201 __main__ 0/1 INFO :: Iteration: 1100, t/T: 1.718750e+01, dt/T: 1.562500e-02
2021-02-04 17:13:18,427 __main__ 0/1 INFO :: Iteration: 1200, t/T: 1.875000e+01, dt/T: 1.562500e-02
2021-02-04 17:13:19,684 __main__ 0/1 INFO :: Iteration: 1300, t/T: 2.031250e+01, dt/T: 1.562500e-02
2021-02-04 17:13:20,872 __main__ 0/1 INFO :: Iteration: 1400, t/T: 2.187500e+01, dt/T: 1.562500e-02
2021-02-04 17:13:22,063 __main__ 0/1 INFO :: Iteration: 1500, t/T: 2.343750e+01, dt/T: 1.562500e-02
2021-02-04 17:13:23,259 __main__ 0/1 INFO :: Iteration: 1600, t/T: 2.500000e+01, dt/T: 1.562500e-02
2021-02-04 17:13:24,497 __main__ 0/1 INFO :: Iteration: 1700, t/T: 2.656250e+01, dt/T: 1.562500e-02
2021-02-04 17:13:25,762 __main__ 0/1 INFO :: Iteration: 1800, t/T: 2.812500e+01, dt/T: 1.562500e-02
2021-02-04 17:13:27,023 __main__ 0/1 INFO :: Iteration: 1900, t/T: 2.968750e+01, dt/T: 1.562500e-02
2021-02-04 17:13:28,053 solvers 0/1 INFO :: Simulation stop time reached.
2021-02-04 17:13:28,053 __main__ 0/1 INFO :: Iterations: 1984
2021-02-04 17:13:28,054 __main__ 0/1 INFO :: Sim end period: 31.000000
2021-02-04 17:13:28,054 __main__ 0/1 INFO :: Run time: 24.94 sec
2021-02-04 17:13:28,054 __main__ 0/1 INFO :: Run time: 0.006928 cpu-hr

Done running script

005-Merging snapshots-
Checking for snapshots in directory: snapshots
Found snapshots
Merging snapshots
2021-02-04 17:13:29,711 post 0/1 INFO :: Merging files from snapshots
2021-02-04 17:13:31,069 post 0/1 INFO :: Creating joint file snapshots/consolidated_analysis.h5
Done merging snapshots

005-Post processing-
Checking for snapshots in directory: snapshots
Snapshots found
Running post processing script
(n_layers = 1 (kL = 1.6666666666666665 , theta = 0.7853981633974483 )
Simulated transmission coefficient is: 0.17793659145558022
AnaEq 2.4 transmission coefficient is: 0.1330348966469104
Done post processing

005-Done running simulation-

-e, Name specified, using EXP=16s_1l
-i, Simulation ID specified, using ID=003
-n, No simulation name specified, using NAME=003_16s_1l
-s, Number of simulations specified, using SIMS=16
-c, Number of cores specified, using CORES=32
-a, Will not ask before overwriting files
-r, Run the simulation
-m, Merge the data
-o, Post-process data

003-Writing parameters file-

003-Running script-
Running Dedalus script
2021-02-04 17:13:03,127 pencil 0/1 INFO :: Building pencil matrix 1/1 (~100%) Elapsed: 0s, Remaining: 0s, Rate: 2.3e+00/s
2021-02-04 17:13:03,127 __main__ 0/1 INFO :: Solver built
2021-02-04 17:13:03,129 __main__ 0/1 INFO :: Sim end period: 31.000000
2021-02-04 17:13:03,129 __main__ 0/1 INFO :: Starting loop
2021-02-04 17:13:04,782 __main__ 0/1 INFO :: Iteration: 100, t/T: 1.562500e+00, dt/T: 1.562500e-02
2021-02-04 17:13:06,106 __main__ 0/1 INFO :: Iteration: 200, t/T: 3.125000e+00, dt/T: 1.562500e-02
2021-02-04 17:13:07,239 __main__ 0/1 INFO :: Iteration: 300, t/T: 4.687500e+00, dt/T: 1.562500e-02
2021-02-04 17:13:08,375 __main__ 0/1 INFO :: Iteration: 400, t/T: 6.250000e+00, dt/T: 1.562500e-02
2021-02-04 17:13:09,600 __main__ 0/1 INFO :: Iteration: 500, t/T: 7.812500e+00, dt/T: 1.562500e-02
2021-02-04 17:13:10,866 __main__ 0/1 INFO :: Iteration: 600, t/T: 9.375000e+00, dt/T: 1.562500e-02
2021-02-04 17:13:12,211 __main__ 0/1 INFO :: Iteration: 700, t/T: 1.093750e+01, dt/T: 1.562500e-02
2021-02-04 17:13:13,419 __main__ 0/1 INFO :: Iteration: 800, t/T: 1.250000e+01, dt/T: 1.562500e-02
2021-02-04 17:13:14,562 __main__ 0/1 INFO :: Iteration: 900, t/T: 1.406250e+01, dt/T: 1.562500e-02
2021-02-04 17:13:15,709 __main__ 0/1 INFO :: Iteration: 1000, t/T: 1.562500e+01, dt/T: 1.562500e-02
2021-02-04 17:13:16,981 __main__ 0/1 INFO :: Iteration: 1100, t/T: 1.718750e+01, dt/T: 1.562500e-02
2021-02-04 17:13:18,279 __main__ 0/1 INFO :: Iteration: 1200, t/T: 1.875000e+01, dt/T: 1.562500e-02
2021-02-04 17:13:19,488 __main__ 0/1 INFO :: Iteration: 1300, t/T: 2.031250e+01, dt/T: 1.562500e-02
2021-02-04 17:13:20,757 __main__ 0/1 INFO :: Iteration: 1400, t/T: 2.187500e+01, dt/T: 1.562500e-02
2021-02-04 17:13:21,941 __main__ 0/1 INFO :: Iteration: 1500, t/T: 2.343750e+01, dt/T: 1.562500e-02
2021-02-04 17:13:23,216 __main__ 0/1 INFO :: Iteration: 1600, t/T: 2.500000e+01, dt/T: 1.562500e-02
2021-02-04 17:13:24,483 __main__ 0/1 INFO :: Iteration: 1700, t/T: 2.656250e+01, dt/T: 1.562500e-02
2021-02-04 17:13:25,796 __main__ 0/1 INFO :: Iteration: 1800, t/T: 2.812500e+01, dt/T: 1.562500e-02
2021-02-04 17:13:27,118 __main__ 0/1 INFO :: Iteration: 1900, t/T: 2.968750e+01, dt/T: 1.562500e-02
2021-02-04 17:13:28,337 solvers 0/1 INFO :: Simulation stop time reached.
2021-02-04 17:13:28,337 __main__ 0/1 INFO :: Iterations: 1984
2021-02-04 17:13:28,337 __main__ 0/1 INFO :: Sim end period: 31.000000
2021-02-04 17:13:28,337 __main__ 0/1 INFO :: Run time: 25.21 sec
2021-02-04 17:13:28,337 __main__ 0/1 INFO :: Run time: 0.007002 cpu-hr

Done running script

003-Merging snapshots-
Checking for snapshots in directory: snapshots
Found snapshots
Merging snapshots
2021-02-04 17:13:29,794 post 0/1 INFO :: Merging files from snapshots
2021-02-04 17:13:31,115 post 0/1 INFO :: Creating joint file snapshots/consolidated_analysis.h5
Done merging snapshots

003-Post processing-
Checking for snapshots in directory: snapshots
Snapshots found
Running post processing script
(n_layers = 1 (kL = 1.0 , theta = 0.7853981633974483 )
Simulated transmission coefficient is: 0.46169497833612333
AnaEq 2.4 transmission coefficient is: 0.4199743416140261
Done post processing

003-Done running simulation-

-e, Name specified, using EXP=16s_1l
-i, Simulation ID specified, using ID=014
-n, No simulation name specified, using NAME=012_16s_1l
-s, Number of simulations specified, using SIMS=16
-c, Number of cores specified, using CORES=32
-a, Will not ask before overwriting files
-r, Run the simulation
-m, Merge the data
-o, Post-process data

014-Writing parameters file-

014-Running script-
Running Dedalus script
2021-02-04 17:13:03,202 pencil 0/1 INFO :: Building pencil matrix 1/1 (~100%) Elapsed: 0s, Remaining: 0s, Rate: 2.2e+00/s
2021-02-04 17:13:03,202 __main__ 0/1 INFO :: Solver built
2021-02-04 17:13:03,204 __main__ 0/1 INFO :: Sim end period: 31.000000
2021-02-04 17:13:03,204 __main__ 0/1 INFO :: Starting loop
2021-02-04 17:13:04,963 __main__ 0/1 INFO :: Iteration: 100, t/T: 1.562500e+00, dt/T: 1.562500e-02
2021-02-04 17:13:06,271 __main__ 0/1 INFO :: Iteration: 200, t/T: 3.125000e+00, dt/T: 1.562500e-02
2021-02-04 17:13:07,612 __main__ 0/1 INFO :: Iteration: 300, t/T: 4.687500e+00, dt/T: 1.562500e-02
2021-02-04 17:13:08,805 __main__ 0/1 INFO :: Iteration: 400, t/T: 6.250000e+00, dt/T: 1.562500e-02
2021-02-04 17:13:10,062 __main__ 0/1 INFO :: Iteration: 500, t/T: 7.812500e+00, dt/T: 1.562500e-02
2021-02-04 17:13:11,304 __main__ 0/1 INFO :: Iteration: 600, t/T: 9.375000e+00, dt/T: 1.562500e-02
2021-02-04 17:13:12,512 __main__ 0/1 INFO :: Iteration: 700, t/T: 1.093750e+01, dt/T: 1.562500e-02
2021-02-04 17:13:13,992 __main__ 0/1 INFO :: Iteration: 800, t/T: 1.250000e+01, dt/T: 1.562500e-02
2021-02-04 17:13:15,247 __main__ 0/1 INFO :: Iteration: 900, t/T: 1.406250e+01, dt/T: 1.562500e-02
2021-02-04 17:13:16,531 __main__ 0/1 INFO :: Iteration: 1000, t/T: 1.562500e+01, dt/T: 1.562500e-02
2021-02-04 17:13:17,743 __main__ 0/1 INFO :: Iteration: 1100, t/T: 1.718750e+01, dt/T: 1.562500e-02
2021-02-04 17:13:19,071 __main__ 0/1 INFO :: Iteration: 1200, t/T: 1.875000e+01, dt/T: 1.562500e-02
2021-02-04 17:13:20,398 __main__ 0/1 INFO :: Iteration: 1300, t/T: 2.031250e+01, dt/T: 1.562500e-02
2021-02-04 17:13:21,582 __main__ 0/1 INFO :: Iteration: 1400, t/T: 2.187500e+01, dt/T: 1.562500e-02
2021-02-04 17:13:22,842 __main__ 0/1 INFO :: Iteration: 1500, t/T: 2.343750e+01, dt/T: 1.562500e-02
2021-02-04 17:13:24,084 __main__ 0/1 INFO :: Iteration: 1600, t/T: 2.500000e+01, dt/T: 1.562500e-02
2021-02-04 17:13:25,234 __main__ 0/1 INFO :: Iteration: 1700, t/T: 2.656250e+01, dt/T: 1.562500e-02
2021-02-04 17:13:26,382 __main__ 0/1 INFO :: Iteration: 1800, t/T: 2.812500e+01, dt/T: 1.562500e-02
2021-02-04 17:13:27,527 __main__ 0/1 INFO :: Iteration: 1900, t/T: 2.968750e+01, dt/T: 1.562500e-02
2021-02-04 17:13:28,659 solvers 0/1 INFO :: Simulation stop time reached.
2021-02-04 17:13:28,659 __main__ 0/1 INFO :: Iterations: 1984
2021-02-04 17:13:28,659 __main__ 0/1 INFO :: Sim end period: 31.000000
2021-02-04 17:13:28,660 __main__ 0/1 INFO :: Run time: 25.45 sec
2021-02-04 17:13:28,660 __main__ 0/1 INFO :: Run time: 0.007071 cpu-hr

Done running script

014-Merging snapshots-
Checking for snapshots in directory: snapshots
Found snapshots
Merging snapshots
2021-02-04 17:13:30,258 post 0/1 INFO :: Merging files from snapshots
2021-02-04 17:13:31,540 post 0/1 INFO :: Creating joint file snapshots/consolidated_analysis.h5
Done merging snapshots

014-Post processing-
Checking for snapshots in directory: snapshots
Snapshots found
Running post processing script
(n_layers = 1 (kL = 4.666666666666666 , theta = 0.7853981633974483 )
Simulated transmission coefficient is: 0.0050027006209409945
AnaEq 2.4 transmission coefficient is: 0.000353645408277247
Done post processing

014-Done running simulation-

-e, Name specified, using EXP=16s_1l
-i, Simulation ID specified, using ID=015
-n, No simulation name specified, using NAME=013_16s_1l
-s, Number of simulations specified, using SIMS=16
-c, Number of cores specified, using CORES=32
-a, Will not ask before overwriting files
-r, Run the simulation
-m, Merge the data
-o, Post-process data

015-Writing parameters file-

015-Running script-
Running Dedalus script
2021-02-04 17:13:03,118 pencil 0/1 INFO :: Building pencil matrix 1/1 (~100%) Elapsed: 0s, Remaining: 0s, Rate: 2.4e+00/s
2021-02-04 17:13:03,119 __main__ 0/1 INFO :: Solver built
2021-02-04 17:13:03,120 __main__ 0/1 INFO :: Sim end period: 31.000000
2021-02-04 17:13:03,120 __main__ 0/1 INFO :: Starting loop
2021-02-04 17:13:04,762 __main__ 0/1 INFO :: Iteration: 100, t/T: 1.562500e+00, dt/T: 1.562500e-02
2021-02-04 17:13:06,155 __main__ 0/1 INFO :: Iteration: 200, t/T: 3.125000e+00, dt/T: 1.562500e-02
2021-02-04 17:13:07,419 __main__ 0/1 INFO :: Iteration: 300, t/T: 4.687500e+00, dt/T: 1.562500e-02
2021-02-04 17:13:08,780 __main__ 0/1 INFO :: Iteration: 400, t/T: 6.250000e+00, dt/T: 1.562500e-02
2021-02-04 17:13:09,999 __main__ 0/1 INFO :: Iteration: 500, t/T: 7.812500e+00, dt/T: 1.562500e-02
2021-02-04 17:13:11,184 __main__ 0/1 INFO :: Iteration: 600, t/T: 9.375000e+00, dt/T: 1.562500e-02
2021-02-04 17:13:12,431 __main__ 0/1 INFO :: Iteration: 700, t/T: 1.093750e+01, dt/T: 1.562500e-02
2021-02-04 17:13:13,716 __main__ 0/1 INFO :: Iteration: 800, t/T: 1.250000e+01, dt/T: 1.562500e-02
2021-02-04 17:13:14,975 __main__ 0/1 INFO :: Iteration: 900, t/T: 1.406250e+01, dt/T: 1.562500e-02
2021-02-04 17:13:16,253 __main__ 0/1 INFO :: Iteration: 1000, t/T: 1.562500e+01, dt/T: 1.562500e-02
2021-02-04 17:13:17,559 __main__ 0/1 INFO :: Iteration: 1100, t/T: 1.718750e+01, dt/T: 1.562500e-02
2021-02-04 17:13:18,820 __main__ 0/1 INFO :: Iteration: 1200, t/T: 1.875000e+01, dt/T: 1.562500e-02
2021-02-04 17:13:20,046 __main__ 0/1 INFO :: Iteration: 1300, t/T: 2.031250e+01, dt/T: 1.562500e-02
2021-02-04 17:13:21,267 __main__ 0/1 INFO :: Iteration: 1400, t/T: 2.187500e+01, dt/T: 1.562500e-02
2021-02-04 17:13:22,483 __main__ 0/1 INFO :: Iteration: 1500, t/T: 2.343750e+01, dt/T: 1.562500e-02
2021-02-04 17:13:23,843 __main__ 0/1 INFO :: Iteration: 1600, t/T: 2.500000e+01, dt/T: 1.562500e-02
2021-02-04 17:13:25,099 __main__ 0/1 INFO :: Iteration: 1700, t/T: 2.656250e+01, dt/T: 1.562500e-02
2021-02-04 17:13:26,413 __main__ 0/1 INFO :: Iteration: 1800, t/T: 2.812500e+01, dt/T: 1.562500e-02
2021-02-04 17:13:27,574 __main__ 0/1 INFO :: Iteration: 1900, t/T: 2.968750e+01, dt/T: 1.562500e-02
2021-02-04 17:13:28,698 solvers 0/1 INFO :: Simulation stop time reached.
2021-02-04 17:13:28,698 __main__ 0/1 INFO :: Iterations: 1984
2021-02-04 17:13:28,698 __main__ 0/1 INFO :: Sim end period: 31.000000
2021-02-04 17:13:28,698 __main__ 0/1 INFO :: Run time: 25.58 sec
2021-02-04 17:13:28,699 __main__ 0/1 INFO :: Run time: 0.007105 cpu-hr

Done running script

015-Merging snapshots-
Checking for snapshots in directory: snapshots
Found snapshots
Merging snapshots
2021-02-04 17:13:30,358 post 0/1 INFO :: Merging files from snapshots
2021-02-04 17:13:31,709 post 0/1 INFO :: Creating joint file snapshots/consolidated_analysis.h5
Done merging snapshots

015-Post processing-
Checking for snapshots in directory: snapshots
Snapshots found
Running post processing script
(n_layers = 1 (kL = 5.0 , theta = 0.7853981633974483 )
Simulated transmission coefficient is: 0.0043085457600691565
AnaEq 2.4 transmission coefficient is: 0.00018158323094380672
Done post processing

015-Done running simulation-

-e, Name specified, using EXP=16s_1l
-i, Simulation ID specified, using ID=006
-n, No simulation name specified, using NAME=006_16s_1l
-s, Number of simulations specified, using SIMS=16
-c, Number of cores specified, using CORES=32
-a, Will not ask before overwriting files
-r, Run the simulation
-m, Merge the data
-o, Post-process data

006-Writing parameters file-

006-Running script-
Running Dedalus script
2021-02-04 17:13:03,189 pencil 0/1 INFO :: Building pencil matrix 1/1 (~100%) Elapsed: 0s, Remaining: 0s, Rate: 2.2e+00/s
2021-02-04 17:13:03,190 __main__ 0/1 INFO :: Solver built
2021-02-04 17:13:03,191 __main__ 0/1 INFO :: Sim end period: 31.000000
2021-02-04 17:13:03,191 __main__ 0/1 INFO :: Starting loop
2021-02-04 17:13:04,944 __main__ 0/1 INFO :: Iteration: 100, t/T: 1.562500e+00, dt/T: 1.562500e-02
2021-02-04 17:13:06,168 __main__ 0/1 INFO :: Iteration: 200, t/T: 3.125000e+00, dt/T: 1.562500e-02
2021-02-04 17:13:07,451 __main__ 0/1 INFO :: Iteration: 300, t/T: 4.687500e+00, dt/T: 1.562500e-02
2021-02-04 17:13:08,839 __main__ 0/1 INFO :: Iteration: 400, t/T: 6.250000e+00, dt/T: 1.562500e-02
2021-02-04 17:13:10,065 __main__ 0/1 INFO :: Iteration: 500, t/T: 7.812500e+00, dt/T: 1.562500e-02
2021-02-04 17:13:11,358 __main__ 0/1 INFO :: Iteration: 600, t/T: 9.375000e+00, dt/T: 1.562500e-02
2021-02-04 17:13:12,706 __main__ 0/1 INFO :: Iteration: 700, t/T: 1.093750e+01, dt/T: 1.562500e-02
2021-02-04 17:13:13,976 __main__ 0/1 INFO :: Iteration: 800, t/T: 1.250000e+01, dt/T: 1.562500e-02
2021-02-04 17:13:15,253 __main__ 0/1 INFO :: Iteration: 900, t/T: 1.406250e+01, dt/T: 1.562500e-02
2021-02-04 17:13:16,579 __main__ 0/1 INFO :: Iteration: 1000, t/T: 1.562500e+01, dt/T: 1.562500e-02
2021-02-04 17:13:18,008 __main__ 0/1 INFO :: Iteration: 1100, t/T: 1.718750e+01, dt/T: 1.562500e-02
2021-02-04 17:13:19,254 __main__ 0/1 INFO :: Iteration: 1200, t/T: 1.875000e+01, dt/T: 1.562500e-02
2021-02-04 17:13:20,407 __main__ 0/1 INFO :: Iteration: 1300, t/T: 2.031250e+01, dt/T: 1.562500e-02
2021-02-04 17:13:21,657 __main__ 0/1 INFO :: Iteration: 1400, t/T: 2.187500e+01, dt/T: 1.562500e-02
2021-02-04 17:13:22,826 __main__ 0/1 INFO :: Iteration: 1500, t/T: 2.343750e+01, dt/T: 1.562500e-02
2021-02-04 17:13:24,041 __main__ 0/1 INFO :: Iteration: 1600, t/T: 2.500000e+01, dt/T: 1.562500e-02
2021-02-04 17:13:25,238 __main__ 0/1 INFO :: Iteration: 1700, t/T: 2.656250e+01, dt/T: 1.562500e-02
2021-02-04 17:13:26,534 __main__ 0/1 INFO :: Iteration: 1800, t/T: 2.812500e+01, dt/T: 1.562500e-02
2021-02-04 17:13:27,839 __main__ 0/1 INFO :: Iteration: 1900, t/T: 2.968750e+01, dt/T: 1.562500e-02
2021-02-04 17:13:28,929 solvers 0/1 INFO :: Simulation stop time reached.
2021-02-04 17:13:28,929 __main__ 0/1 INFO :: Iterations: 1984
2021-02-04 17:13:28,929 __main__ 0/1 INFO :: Sim end period: 31.000000
2021-02-04 17:13:28,929 __main__ 0/1 INFO :: Run time: 25.74 sec
2021-02-04 17:13:28,929 __main__ 0/1 INFO :: Run time: 0.007149 cpu-hr

Done running script

006-Merging snapshots-
Checking for snapshots in directory: snapshots
Found snapshots
Merging snapshots
2021-02-04 17:13:30,483 post 0/1 INFO :: Merging files from snapshots
2021-02-04 17:13:31,831 post 0/1 INFO :: Creating joint file snapshots/consolidated_analysis.h5
Done merging snapshots

006-Post processing-
Checking for snapshots in directory: snapshots
Snapshots found
Running post processing script
(n_layers = 1 (kL = 2.0 , theta = 0.7853981633974483 )
Simulated transmission coefficient is: 0.10523825409398464
AnaEq 2.4 transmission coefficient is: 0.07065082485316446
Done post processing

006-Done running simulation-

-e, Name specified, using EXP=16s_1l
-i, Simulation ID specified, using ID=000
-n, No simulation name specified, using NAME=000_16s_1l
-s, Number of simulations specified, using SIMS=16
-c, Number of cores specified, using CORES=32
-a, Will not ask before overwriting files
-r, Run the simulation
-m, Merge the data
-o, Post-process data

000-Writing parameters file-

000-Running script-
Running Dedalus script
2021-02-04 17:13:03,181 pencil 0/1 INFO :: Building pencil matrix 1/1 (~100%) Elapsed: 0s, Remaining: 0s, Rate: 2.1e+00/s
2021-02-04 17:13:03,182 __main__ 0/1 INFO :: Solver built
2021-02-04 17:13:03,183 __main__ 0/1 INFO :: Sim end period: 31.000000
2021-02-04 17:13:03,183 __main__ 0/1 INFO :: Starting loop
2021-02-04 17:13:04,935 __main__ 0/1 INFO :: Iteration: 100, t/T: 1.562500e+00, dt/T: 1.562500e-02
2021-02-04 17:13:06,266 __main__ 0/1 INFO :: Iteration: 200, t/T: 3.125000e+00, dt/T: 1.562500e-02
2021-02-04 17:13:07,564 __main__ 0/1 INFO :: Iteration: 300, t/T: 4.687500e+00, dt/T: 1.562500e-02
2021-02-04 17:13:08,949 __main__ 0/1 INFO :: Iteration: 400, t/T: 6.250000e+00, dt/T: 1.562500e-02
2021-02-04 17:13:10,214 __main__ 0/1 INFO :: Iteration: 500, t/T: 7.812500e+00, dt/T: 1.562500e-02
2021-02-04 17:13:11,581 __main__ 0/1 INFO :: Iteration: 600, t/T: 9.375000e+00, dt/T: 1.562500e-02
2021-02-04 17:13:12,776 __main__ 0/1 INFO :: Iteration: 700, t/T: 1.093750e+01, dt/T: 1.562500e-02
2021-02-04 17:13:14,087 __main__ 0/1 INFO :: Iteration: 800, t/T: 1.250000e+01, dt/T: 1.562500e-02
2021-02-04 17:13:15,317 __main__ 0/1 INFO :: Iteration: 900, t/T: 1.406250e+01, dt/T: 1.562500e-02
2021-02-04 17:13:16,546 __main__ 0/1 INFO :: Iteration: 1000, t/T: 1.562500e+01, dt/T: 1.562500e-02
2021-02-04 17:13:17,787 __main__ 0/1 INFO :: Iteration: 1100, t/T: 1.718750e+01, dt/T: 1.562500e-02
2021-02-04 17:13:18,962 __main__ 0/1 INFO :: Iteration: 1200, t/T: 1.875000e+01, dt/T: 1.562500e-02
2021-02-04 17:13:20,237 __main__ 0/1 INFO :: Iteration: 1300, t/T: 2.031250e+01, dt/T: 1.562500e-02
2021-02-04 17:13:21,429 __main__ 0/1 INFO :: Iteration: 1400, t/T: 2.187500e+01, dt/T: 1.562500e-02
2021-02-04 17:13:22,643 __main__ 0/1 INFO :: Iteration: 1500, t/T: 2.343750e+01, dt/T: 1.562500e-02
2021-02-04 17:13:23,889 __main__ 0/1 INFO :: Iteration: 1600, t/T: 2.500000e+01, dt/T: 1.562500e-02
2021-02-04 17:13:25,232 __main__ 0/1 INFO :: Iteration: 1700, t/T: 2.656250e+01, dt/T: 1.562500e-02
2021-02-04 17:13:26,572 __main__ 0/1 INFO :: Iteration: 1800, t/T: 2.812500e+01, dt/T: 1.562500e-02
2021-02-04 17:13:27,783 __main__ 0/1 INFO :: Iteration: 1900, t/T: 2.968750e+01, dt/T: 1.562500e-02
2021-02-04 17:13:28,926 solvers 0/1 INFO :: Simulation stop time reached.
2021-02-04 17:13:28,926 __main__ 0/1 INFO :: Iterations: 1984
2021-02-04 17:13:28,926 __main__ 0/1 INFO :: Sim end period: 31.000000
2021-02-04 17:13:28,926 __main__ 0/1 INFO :: Run time: 25.74 sec
2021-02-04 17:13:28,926 __main__ 0/1 INFO :: Run time: 0.007151 cpu-hr

Done running script

000-Merging snapshots-
Checking for snapshots in directory: snapshots
Found snapshots
Merging snapshots
2021-02-04 17:13:30,424 post 0/1 INFO :: Merging files from snapshots
2021-02-04 17:13:31,819 post 0/1 INFO :: Creating joint file snapshots/consolidated_analysis.h5
Done merging snapshots

000-Post processing-
Checking for snapshots in directory: snapshots
Snapshots found
Running post processing script
(n_layers = 1 (kL = 0.0 , theta = 0.7853981633974483 )
Simulated transmission coefficient is: 1.0123116082881316
AnaEq 2.4 transmission coefficient is: 1.0
Done post processing

000-Done running simulation-

