Launched script: 2020-12-07_14h53

Inactive Modules:
  1) python/3.7.4

Due to MODULEPATH changes, the following have been reloaded:
  1) mpi4py/3.0.3

The following have been reloaded with a version change:
  1) StdEnv/2016.4 => StdEnv/2020           4) intel/2016.4 => intel/2020.1.217
  2) gcccore/.5.4.0 => gcccore/.9.3.0       5) openmpi/2.1.1 => openmpi/4.0.3
  3) imkl/11.3.4.258 => imkl/2020.1.217


Activating Modules:
  1) python/3.7.7

-e, Name specified, using EXP=hpc_32c
-s, Number of simulations specified, using SIMS=5
-c, Number of cores specified, using CORES=32
-a, Will not ask before overwriting files
-r, Run the simulation
-m, Merge the data
-o, Post-process data

--Checking experiment directory--
Experiment folder exists

--Running simulation 0--
-e, Name specified, using EXP=hpc_32c
-i, Simulation ID specified, using ID=0
-n, No simulation name specified, using NAME=000_hpc_32c
-s, Number of simulations specified, using SIMS=5
-c, Number of cores specified, using CORES=32
-a, Will not ask before overwriting files
-r, Run the simulation
-m, Merge the data
-o, Post-process data

-Checking experiment directory-
Experiment folder exists
Experiment for hpc_32c exists
Overwriting code files
Copying code files to experiment directory

-Navigating to experiment directory-
/home/mschee/projects/def-ngrisoua/mschee/Dedalus_repos/1D_measure_T/_experiments/hpc_32c

-Checking simulation directory-
Simulation for 000_hpc_32c exists
Overwriting simulation switchboard

-Writing parameters file-

-Running script-
Removing old snapshots
Running Dedalus script
mL= 0.0
2020-12-07 14:53:53,830 pencil 0/1 INFO :: Building pencil matrix 1/1 (~100%) Elapsed: 0s, Remaining: 0s, Rate: 2.3e+00/s
2020-12-07 14:53:53,831 __main__ 0/1 INFO :: Solver built
2020-12-07 14:53:53,833 __main__ 0/1 INFO :: Sim end period: 23.000000
2020-12-07 14:53:53,833 __main__ 0/1 INFO :: Starting loop
2020-12-07 14:53:55,127 __main__ 0/1 INFO :: Iteration: 100, t/T: 1.562500e+00, dt/T: 1.562500e-02
2020-12-07 14:53:55,999 __main__ 0/1 INFO :: Iteration: 200, t/T: 3.125000e+00, dt/T: 1.562500e-02
2020-12-07 14:53:56,965 __main__ 0/1 INFO :: Iteration: 300, t/T: 4.687500e+00, dt/T: 1.562500e-02
2020-12-07 14:53:57,896 __main__ 0/1 INFO :: Iteration: 400, t/T: 6.250000e+00, dt/T: 1.562500e-02
2020-12-07 14:53:58,783 __main__ 0/1 INFO :: Iteration: 500, t/T: 7.812500e+00, dt/T: 1.562500e-02
2020-12-07 14:53:59,663 __main__ 0/1 INFO :: Iteration: 600, t/T: 9.375000e+00, dt/T: 1.562500e-02
2020-12-07 14:54:00,635 __main__ 0/1 INFO :: Iteration: 700, t/T: 1.093750e+01, dt/T: 1.562500e-02
2020-12-07 14:54:01,581 __main__ 0/1 INFO :: Iteration: 800, t/T: 1.250000e+01, dt/T: 1.562500e-02
2020-12-07 14:54:02,447 __main__ 0/1 INFO :: Iteration: 900, t/T: 1.406250e+01, dt/T: 1.562500e-02
2020-12-07 14:54:03,395 __main__ 0/1 INFO :: Iteration: 1000, t/T: 1.562500e+01, dt/T: 1.562500e-02
2020-12-07 14:54:04,307 __main__ 0/1 INFO :: Iteration: 1100, t/T: 1.718750e+01, dt/T: 1.562500e-02
2020-12-07 14:54:05,226 __main__ 0/1 INFO :: Iteration: 1200, t/T: 1.875000e+01, dt/T: 1.562500e-02
2020-12-07 14:54:06,088 __main__ 0/1 INFO :: Iteration: 1300, t/T: 2.031250e+01, dt/T: 1.562500e-02
2020-12-07 14:54:07,105 __main__ 0/1 INFO :: Iteration: 1400, t/T: 2.187500e+01, dt/T: 1.562500e-02
2020-12-07 14:54:07,796 solvers 0/1 INFO :: Simulation stop time reached.
2020-12-07 14:54:07,796 __main__ 0/1 INFO :: Iterations: 1472
2020-12-07 14:54:07,796 __main__ 0/1 INFO :: Sim end period: 23.000000
2020-12-07 14:54:07,796 __main__ 0/1 INFO :: Run time: 13.96 sec
2020-12-07 14:54:07,796 __main__ 0/1 INFO :: Run time: 0.003879 cpu-hr

Done running script

-Merging snapshots-
Checking for snapshots in directory: 000_hpc_32c/snapshots
Found snapshots
Merging snapshots
2020-12-07 14:54:10,398 post 0/32 INFO :: Merging files from 000_hpc_32c/snapshots
2020-12-07 14:54:10,892 post 0/32 INFO :: Creating joint file 000_hpc_32c/snapshots/consolidated_analysis.h5
Done merging snapshots

-Post processing-
Checking for snapshots in directory: 000_hpc_32c/snapshots
Snapshots found
Running post processing script
nt is not a power of 2: 284
(n_layers = 1 (mL = 0.0 , theta = 0.7853981633974483 )
Simulated transmission coefficient is: 1.013354132848333
AnaEq 2.4 transmission coefficient is: 1.0
Done post processing

Done running simulation

--Running simulation 1--
-e, Name specified, using EXP=hpc_32c
-i, Simulation ID specified, using ID=1
-n, No simulation name specified, using NAME=001_hpc_32c
-s, Number of simulations specified, using SIMS=5
-c, Number of cores specified, using CORES=32
-a, Will not ask before overwriting files
-r, Run the simulation
-m, Merge the data
-o, Post-process data

-Checking experiment directory-
Experiment folder exists
Experiment for hpc_32c exists
Overwriting code files
Copying code files to experiment directory

-Navigating to experiment directory-
/home/mschee/projects/def-ngrisoua/mschee/Dedalus_repos/1D_measure_T/_experiments/hpc_32c

-Checking simulation directory-
Simulation for 001_hpc_32c exists
Overwriting simulation switchboard

-Writing parameters file-

-Running script-
Removing old snapshots
Running Dedalus script
mL= 1.25
2020-12-07 14:54:18,348 pencil 0/1 INFO :: Building pencil matrix 1/1 (~100%) Elapsed: 0s, Remaining: 0s, Rate: 2.1e+00/s
2020-12-07 14:54:18,350 __main__ 0/1 INFO :: Solver built
2020-12-07 14:54:18,353 __main__ 0/1 INFO :: Sim end period: 23.000000
2020-12-07 14:54:18,353 __main__ 0/1 INFO :: Starting loop
2020-12-07 14:54:19,658 __main__ 0/1 INFO :: Iteration: 100, t/T: 1.562500e+00, dt/T: 1.562500e-02
2020-12-07 14:54:20,630 __main__ 0/1 INFO :: Iteration: 200, t/T: 3.125000e+00, dt/T: 1.562500e-02
2020-12-07 14:54:21,515 __main__ 0/1 INFO :: Iteration: 300, t/T: 4.687500e+00, dt/T: 1.562500e-02
2020-12-07 14:54:22,481 __main__ 0/1 INFO :: Iteration: 400, t/T: 6.250000e+00, dt/T: 1.562500e-02
2020-12-07 14:54:23,363 __main__ 0/1 INFO :: Iteration: 500, t/T: 7.812500e+00, dt/T: 1.562500e-02
2020-12-07 14:54:24,290 __main__ 0/1 INFO :: Iteration: 600, t/T: 9.375000e+00, dt/T: 1.562500e-02
2020-12-07 14:54:25,242 __main__ 0/1 INFO :: Iteration: 700, t/T: 1.093750e+01, dt/T: 1.562500e-02
2020-12-07 14:54:26,212 __main__ 0/1 INFO :: Iteration: 800, t/T: 1.250000e+01, dt/T: 1.562500e-02
2020-12-07 14:54:27,139 __main__ 0/1 INFO :: Iteration: 900, t/T: 1.406250e+01, dt/T: 1.562500e-02
2020-12-07 14:54:28,014 __main__ 0/1 INFO :: Iteration: 1000, t/T: 1.562500e+01, dt/T: 1.562500e-02
2020-12-07 14:54:28,883 __main__ 0/1 INFO :: Iteration: 1100, t/T: 1.718750e+01, dt/T: 1.562500e-02
2020-12-07 14:54:29,889 __main__ 0/1 INFO :: Iteration: 1200, t/T: 1.875000e+01, dt/T: 1.562500e-02
2020-12-07 14:54:30,852 __main__ 0/1 INFO :: Iteration: 1300, t/T: 2.031250e+01, dt/T: 1.562500e-02
2020-12-07 14:54:31,830 __main__ 0/1 INFO :: Iteration: 1400, t/T: 2.187500e+01, dt/T: 1.562500e-02
2020-12-07 14:54:32,446 solvers 0/1 INFO :: Simulation stop time reached.
2020-12-07 14:54:32,446 __main__ 0/1 INFO :: Iterations: 1472
2020-12-07 14:54:32,446 __main__ 0/1 INFO :: Sim end period: 23.000000
2020-12-07 14:54:32,446 __main__ 0/1 INFO :: Run time: 14.09 sec
2020-12-07 14:54:32,446 __main__ 0/1 INFO :: Run time: 0.003915 cpu-hr

Done running script

-Merging snapshots-
Checking for snapshots in directory: 001_hpc_32c/snapshots
Found snapshots
Merging snapshots
2020-12-07 14:54:34,950 post 0/32 INFO :: Merging files from 001_hpc_32c/snapshots
2020-12-07 14:54:35,538 post 0/32 INFO :: Creating joint file 001_hpc_32c/snapshots/consolidated_analysis.h5
Done merging snapshots

-Post processing-
Checking for snapshots in directory: 001_hpc_32c/snapshots
Snapshots found
Running post processing script
nt is not a power of 2: 284
(n_layers = 1 (mL = 1.25 , theta = 0.7853981633974483 )
Simulated transmission coefficient is: 0.32952243261109837
AnaEq 2.4 transmission coefficient is: 0.28041486618043265
Done post processing

Done running simulation

--Running simulation 2--
-e, Name specified, using EXP=hpc_32c
-i, Simulation ID specified, using ID=2
-n, No simulation name specified, using NAME=002_hpc_32c
-s, Number of simulations specified, using SIMS=5
-c, Number of cores specified, using CORES=32
-a, Will not ask before overwriting files
-r, Run the simulation
-m, Merge the data
-o, Post-process data

-Checking experiment directory-
Experiment folder exists
Experiment for hpc_32c exists
Overwriting code files
Copying code files to experiment directory

-Navigating to experiment directory-
/home/mschee/projects/def-ngrisoua/mschee/Dedalus_repos/1D_measure_T/_experiments/hpc_32c

-Checking simulation directory-
Simulation for 002_hpc_32c exists
Overwriting simulation switchboard

-Writing parameters file-

-Running script-
Removing old snapshots
Running Dedalus script
mL= 2.5
2020-12-07 14:54:42,859 pencil 0/1 INFO :: Building pencil matrix 1/1 (~100%) Elapsed: 0s, Remaining: 0s, Rate: 2.5e+00/s
2020-12-07 14:54:42,860 __main__ 0/1 INFO :: Solver built
2020-12-07 14:54:42,863 __main__ 0/1 INFO :: Sim end period: 23.000000
2020-12-07 14:54:42,863 __main__ 0/1 INFO :: Starting loop
2020-12-07 14:54:44,276 __main__ 0/1 INFO :: Iteration: 100, t/T: 1.562500e+00, dt/T: 1.562500e-02
2020-12-07 14:54:45,166 __main__ 0/1 INFO :: Iteration: 200, t/T: 3.125000e+00, dt/T: 1.562500e-02
2020-12-07 14:54:46,121 __main__ 0/1 INFO :: Iteration: 300, t/T: 4.687500e+00, dt/T: 1.562500e-02
2020-12-07 14:54:47,002 __main__ 0/1 INFO :: Iteration: 400, t/T: 6.250000e+00, dt/T: 1.562500e-02
2020-12-07 14:54:47,973 __main__ 0/1 INFO :: Iteration: 500, t/T: 7.812500e+00, dt/T: 1.562500e-02
2020-12-07 14:54:48,922 __main__ 0/1 INFO :: Iteration: 600, t/T: 9.375000e+00, dt/T: 1.562500e-02
2020-12-07 14:54:49,857 __main__ 0/1 INFO :: Iteration: 700, t/T: 1.093750e+01, dt/T: 1.562500e-02
2020-12-07 14:54:50,724 __main__ 0/1 INFO :: Iteration: 800, t/T: 1.250000e+01, dt/T: 1.562500e-02
2020-12-07 14:54:51,587 __main__ 0/1 INFO :: Iteration: 900, t/T: 1.406250e+01, dt/T: 1.562500e-02
2020-12-07 14:54:52,523 __main__ 0/1 INFO :: Iteration: 1000, t/T: 1.562500e+01, dt/T: 1.562500e-02
2020-12-07 14:54:53,391 __main__ 0/1 INFO :: Iteration: 1100, t/T: 1.718750e+01, dt/T: 1.562500e-02
2020-12-07 14:54:54,336 __main__ 0/1 INFO :: Iteration: 1200, t/T: 1.875000e+01, dt/T: 1.562500e-02
2020-12-07 14:54:55,240 __main__ 0/1 INFO :: Iteration: 1300, t/T: 2.031250e+01, dt/T: 1.562500e-02
2020-12-07 14:54:56,373 __main__ 0/1 INFO :: Iteration: 1400, t/T: 2.187500e+01, dt/T: 1.562500e-02
2020-12-07 14:54:57,060 solvers 0/1 INFO :: Simulation stop time reached.
2020-12-07 14:54:57,061 __main__ 0/1 INFO :: Iterations: 1472
2020-12-07 14:54:57,061 __main__ 0/1 INFO :: Sim end period: 23.000000
2020-12-07 14:54:57,061 __main__ 0/1 INFO :: Run time: 14.20 sec
2020-12-07 14:54:57,061 __main__ 0/1 INFO :: Run time: 0.003944 cpu-hr

Done running script

-Merging snapshots-
Checking for snapshots in directory: 002_hpc_32c/snapshots
Found snapshots
Merging snapshots
2020-12-07 14:54:59,801 post 0/32 INFO :: Merging files from 002_hpc_32c/snapshots
2020-12-07 14:55:00,390 post 0/32 INFO :: Creating joint file 002_hpc_32c/snapshots/consolidated_analysis.h5
Done merging snapshots

-Post processing-
Checking for snapshots in directory: 002_hpc_32c/snapshots
Snapshots found
Running post processing script
nt is not a power of 2: 284
(n_layers = 1 (mL = 2.5 , theta = 0.7853981633974483 )
Simulated transmission coefficient is: 0.048369932575640685
AnaEq 2.4 transmission coefficient is: 0.02659222668316062
Done post processing

Done running simulation

--Running simulation 3--
-e, Name specified, using EXP=hpc_32c
-i, Simulation ID specified, using ID=3
-n, No simulation name specified, using NAME=003_hpc_32c
-s, Number of simulations specified, using SIMS=5
-c, Number of cores specified, using CORES=32
-a, Will not ask before overwriting files
-r, Run the simulation
-m, Merge the data
-o, Post-process data

-Checking experiment directory-
Experiment folder exists
Experiment for hpc_32c exists
Overwriting code files
Copying code files to experiment directory

-Navigating to experiment directory-
/home/mschee/projects/def-ngrisoua/mschee/Dedalus_repos/1D_measure_T/_experiments/hpc_32c

-Checking simulation directory-
Simulation for 003_hpc_32c exists
Overwriting simulation switchboard

-Writing parameters file-

-Running script-
Removing old snapshots
Running Dedalus script
mL= 3.75
2020-12-07 14:55:07,891 pencil 0/1 INFO :: Building pencil matrix 1/1 (~100%) Elapsed: 0s, Remaining: 0s, Rate: 2.1e+00/s
2020-12-07 14:55:07,893 __main__ 0/1 INFO :: Solver built
2020-12-07 14:55:07,896 __main__ 0/1 INFO :: Sim end period: 23.000000
2020-12-07 14:55:07,896 __main__ 0/1 INFO :: Starting loop
2020-12-07 14:55:09,288 __main__ 0/1 INFO :: Iteration: 100, t/T: 1.562500e+00, dt/T: 1.562500e-02
2020-12-07 14:55:10,285 __main__ 0/1 INFO :: Iteration: 200, t/T: 3.125000e+00, dt/T: 1.562500e-02
2020-12-07 14:55:11,147 __main__ 0/1 INFO :: Iteration: 300, t/T: 4.687500e+00, dt/T: 1.562500e-02
2020-12-07 14:55:11,999 __main__ 0/1 INFO :: Iteration: 400, t/T: 6.250000e+00, dt/T: 1.562500e-02
2020-12-07 14:55:12,972 __main__ 0/1 INFO :: Iteration: 500, t/T: 7.812500e+00, dt/T: 1.562500e-02
2020-12-07 14:55:13,824 __main__ 0/1 INFO :: Iteration: 600, t/T: 9.375000e+00, dt/T: 1.562500e-02
2020-12-07 14:55:14,711 __main__ 0/1 INFO :: Iteration: 700, t/T: 1.093750e+01, dt/T: 1.562500e-02
2020-12-07 14:55:15,690 __main__ 0/1 INFO :: Iteration: 800, t/T: 1.250000e+01, dt/T: 1.562500e-02
2020-12-07 14:55:16,656 __main__ 0/1 INFO :: Iteration: 900, t/T: 1.406250e+01, dt/T: 1.562500e-02
2020-12-07 14:55:17,829 __main__ 0/1 INFO :: Iteration: 1000, t/T: 1.562500e+01, dt/T: 1.562500e-02
2020-12-07 14:55:18,771 __main__ 0/1 INFO :: Iteration: 1100, t/T: 1.718750e+01, dt/T: 1.562500e-02
2020-12-07 14:55:19,802 __main__ 0/1 INFO :: Iteration: 1200, t/T: 1.875000e+01, dt/T: 1.562500e-02
2020-12-07 14:55:20,727 __main__ 0/1 INFO :: Iteration: 1300, t/T: 2.031250e+01, dt/T: 1.562500e-02
2020-12-07 14:55:21,616 __main__ 0/1 INFO :: Iteration: 1400, t/T: 2.187500e+01, dt/T: 1.562500e-02
2020-12-07 14:55:22,340 solvers 0/1 INFO :: Simulation stop time reached.
2020-12-07 14:55:22,341 __main__ 0/1 INFO :: Iterations: 1472
2020-12-07 14:55:22,341 __main__ 0/1 INFO :: Sim end period: 23.000000
2020-12-07 14:55:22,341 __main__ 0/1 INFO :: Run time: 14.44 sec
2020-12-07 14:55:22,341 __main__ 0/1 INFO :: Run time: 0.004012 cpu-hr

Done running script

-Merging snapshots-
Checking for snapshots in directory: 003_hpc_32c/snapshots
Found snapshots
Merging snapshots
2020-12-07 14:55:25,316 post 0/32 INFO :: Merging files from 003_hpc_32c/snapshots
Traceback (most recent call last):
  File "merge.py", line 28, in <module>
    post.merge_sets(base_path+'/consolidated_analysis.h5', set_paths, cleanup=clean_up)
  File "/home/mschee/.local/lib/python3.7/site-packages/dedalus/tools/post.py", line 289, in merge_sets
    with h5py.File(str(set_path), mode='r') as file:
  File "/home/mschee/.local/lib/python3.7/site-packages/h5py/_hl/files.py", line 408, in __init__
    swmr=swmr)
  File "/home/mschee/.local/lib/python3.7/site-packages/h5py/_hl/files.py", line 173, in make_fid
    fid = h5f.open(name, flags, fapl=fapl)
  File "h5py/_objects.pyx", line 54, in h5py._objects.with_phil.wrapper
  File "h5py/_objects.pyx", line 55, in h5py._objects.with_phil.wrapper
  File "h5py/h5f.pyx", line 88, in h5py.h5f.open
OSError: Unable to open file (unable to lock file, errno = 11, error message = 'Resource temporarily unavailable')
--------------------------------------------------------------------------
Primary job  terminated normally, but 1 process returned
a non-zero exit code. Per user-direction, the job has been aborted.
--------------------------------------------------------------------------
--------------------------------------------------------------------------
mpiexec detected that one or more processes exited with non-zero status, thus causing
the job to be terminated. The first process to do so was:

  Process name: [[43485,1],0]
  Exit code:    1
--------------------------------------------------------------------------
Done merging snapshots
Reformatting snapshot file names
Reformatting: 003_hpc_32c/snapshots/snapshots_s1.h5
Reformatting: 003_hpc_32c/snapshots/snapshots_s2.h5
Reformatting: 003_hpc_32c/snapshots/snapshots_s3.h5
Reformatting: 003_hpc_32c/snapshots/snapshots_s4.h5
Reformatting: 003_hpc_32c/snapshots/snapshots_s5.h5
Reformatting: 003_hpc_32c/snapshots/snapshots_s6.h5
Reformatting: 003_hpc_32c/snapshots/snapshots_s7.h5
Reformatting: 003_hpc_32c/snapshots/snapshots_s8.h5
Reformatting: 003_hpc_32c/snapshots/snapshots_s9.h5

-Post processing-
Checking for snapshots in directory: 003_hpc_32c/snapshots
Snapshots found
Running post processing script
Traceback (most recent call last):
  File "post_process.py", line 116, in <module>
    t_tr, psi_tr = hf.trim_data_t(t, psi_tr, T_cutoff, T)
  File "/project/6002522/mschee/Dedalus_repos/1D_measure_T/_experiments/hpc_32c/helper_functions.py", line 273, in trim_data_t
    idx_cutoff = find_nearest_index(t_array, cutoff_time)
  File "/project/6002522/mschee/Dedalus_repos/1D_measure_T/_experiments/hpc_32c/helper_functions.py", line 42, in find_nearest_index
    raise Error("Value to the left of index range")
helper_functions.Error: Value to the left of index range
Done post processing

Done running simulation

--Running simulation 4--
-e, Name specified, using EXP=hpc_32c
-i, Simulation ID specified, using ID=4
-n, No simulation name specified, using NAME=004_hpc_32c
-s, Number of simulations specified, using SIMS=5
-c, Number of cores specified, using CORES=32
-a, Will not ask before overwriting files
-r, Run the simulation
-m, Merge the data
-o, Post-process data

-Checking experiment directory-
Experiment folder exists
Experiment for hpc_32c exists
Overwriting code files
Copying code files to experiment directory

-Navigating to experiment directory-
/home/mschee/projects/def-ngrisoua/mschee/Dedalus_repos/1D_measure_T/_experiments/hpc_32c

-Checking simulation directory-
Simulation for 004_hpc_32c exists
Overwriting simulation switchboard

-Writing parameters file-

-Running script-
Removing old snapshots
Running Dedalus script
mL= 5.0
2020-12-07 14:55:32,796 pencil 0/1 INFO :: Building pencil matrix 1/1 (~100%) Elapsed: 0s, Remaining: 0s, Rate: 2.1e+00/s
2020-12-07 14:55:32,797 __main__ 0/1 INFO :: Solver built
2020-12-07 14:55:32,799 __main__ 0/1 INFO :: Sim end period: 23.000000
2020-12-07 14:55:32,799 __main__ 0/1 INFO :: Starting loop
2020-12-07 14:55:34,104 __main__ 0/1 INFO :: Iteration: 100, t/T: 1.562500e+00, dt/T: 1.562500e-02
2020-12-07 14:55:35,009 __main__ 0/1 INFO :: Iteration: 200, t/T: 3.125000e+00, dt/T: 1.562500e-02
2020-12-07 14:55:35,939 __main__ 0/1 INFO :: Iteration: 300, t/T: 4.687500e+00, dt/T: 1.562500e-02
2020-12-07 14:55:36,917 __main__ 0/1 INFO :: Iteration: 400, t/T: 6.250000e+00, dt/T: 1.562500e-02
2020-12-07 14:55:37,967 __main__ 0/1 INFO :: Iteration: 500, t/T: 7.812500e+00, dt/T: 1.562500e-02
2020-12-07 14:55:38,844 __main__ 0/1 INFO :: Iteration: 600, t/T: 9.375000e+00, dt/T: 1.562500e-02
2020-12-07 14:55:39,714 __main__ 0/1 INFO :: Iteration: 700, t/T: 1.093750e+01, dt/T: 1.562500e-02
2020-12-07 14:55:40,657 __main__ 0/1 INFO :: Iteration: 800, t/T: 1.250000e+01, dt/T: 1.562500e-02
2020-12-07 14:55:41,587 __main__ 0/1 INFO :: Iteration: 900, t/T: 1.406250e+01, dt/T: 1.562500e-02
2020-12-07 14:55:42,562 __main__ 0/1 INFO :: Iteration: 1000, t/T: 1.562500e+01, dt/T: 1.562500e-02
2020-12-07 14:55:43,420 __main__ 0/1 INFO :: Iteration: 1100, t/T: 1.718750e+01, dt/T: 1.562500e-02
2020-12-07 14:55:44,285 __main__ 0/1 INFO :: Iteration: 1200, t/T: 1.875000e+01, dt/T: 1.562500e-02
2020-12-07 14:55:45,147 __main__ 0/1 INFO :: Iteration: 1300, t/T: 2.031250e+01, dt/T: 1.562500e-02
2020-12-07 14:55:46,012 __main__ 0/1 INFO :: Iteration: 1400, t/T: 2.187500e+01, dt/T: 1.562500e-02
2020-12-07 14:55:46,634 solvers 0/1 INFO :: Simulation stop time reached.
2020-12-07 14:55:46,635 __main__ 0/1 INFO :: Iterations: 1472
2020-12-07 14:55:46,635 __main__ 0/1 INFO :: Sim end period: 23.000000
2020-12-07 14:55:46,635 __main__ 0/1 INFO :: Run time: 13.84 sec
2020-12-07 14:55:46,635 __main__ 0/1 INFO :: Run time: 0.003843 cpu-hr

Done running script

-Merging snapshots-
Checking for snapshots in directory: 004_hpc_32c/snapshots
Found snapshots
Merging snapshots
2020-12-07 14:55:49,146 post 0/32 INFO :: Merging files from 004_hpc_32c/snapshots
Traceback (most recent call last):
  File "merge.py", line 28, in <module>
    post.merge_sets(base_path+'/consolidated_analysis.h5', set_paths, cleanup=clean_up)
  File "/home/mschee/.local/lib/python3.7/site-packages/dedalus/tools/post.py", line 289, in merge_sets
    with h5py.File(str(set_path), mode='r') as file:
  File "/home/mschee/.local/lib/python3.7/site-packages/h5py/_hl/files.py", line 408, in __init__
    swmr=swmr)
  File "/home/mschee/.local/lib/python3.7/site-packages/h5py/_hl/files.py", line 173, in make_fid
    fid = h5f.open(name, flags, fapl=fapl)
  File "h5py/_objects.pyx", line 54, in h5py._objects.with_phil.wrapper
  File "h5py/_objects.pyx", line 55, in h5py._objects.with_phil.wrapper
  File "h5py/h5f.pyx", line 88, in h5py.h5f.open
OSError: Unable to open file (unable to lock file, errno = 11, error message = 'Resource temporarily unavailable')
--------------------------------------------------------------------------
Primary job  terminated normally, but 1 process returned
a non-zero exit code. Per user-direction, the job has been aborted.
--------------------------------------------------------------------------
--------------------------------------------------------------------------
mpiexec detected that one or more processes exited with non-zero status, thus causing
the job to be terminated. The first process to do so was:

  Process name: [[46333,1],0]
  Exit code:    1
--------------------------------------------------------------------------
Done merging snapshots
Reformatting snapshot file names
Reformatting: 004_hpc_32c/snapshots/snapshots_s1.h5
Reformatting: 004_hpc_32c/snapshots/snapshots_s2.h5
Reformatting: 004_hpc_32c/snapshots/snapshots_s3.h5
Reformatting: 004_hpc_32c/snapshots/snapshots_s4.h5
Reformatting: 004_hpc_32c/snapshots/snapshots_s5.h5
Reformatting: 004_hpc_32c/snapshots/snapshots_s6.h5
Reformatting: 004_hpc_32c/snapshots/snapshots_s7.h5
Reformatting: 004_hpc_32c/snapshots/snapshots_s8.h5
Reformatting: 004_hpc_32c/snapshots/snapshots_s9.h5

-Post processing-
Checking for snapshots in directory: 004_hpc_32c/snapshots
Snapshots found
Running post processing script
Traceback (most recent call last):
  File "post_process.py", line 116, in <module>
    t_tr, psi_tr = hf.trim_data_t(t, psi_tr, T_cutoff, T)
  File "/project/6002522/mschee/Dedalus_repos/1D_measure_T/_experiments/hpc_32c/helper_functions.py", line 273, in trim_data_t
    idx_cutoff = find_nearest_index(t_array, cutoff_time)
  File "/project/6002522/mschee/Dedalus_repos/1D_measure_T/_experiments/hpc_32c/helper_functions.py", line 42, in find_nearest_index
    raise Error("Value to the left of index range")
helper_functions.Error: Value to the left of index range
Done post processing

Done running simulation


--Plotting transmission coefficients--
Checking for csv data file
Data found
Plotting experiment data
2020-12-07 14:55:56,007 matplotlib.mathtext 0/1 INFO :: Substituting symbol T from STIXNonUnicode
2020-12-07 14:55:56,022 matplotlib.mathtext 0/1 INFO :: Substituting symbol T from STIXNonUnicode
2020-12-07 14:55:56,041 matplotlib.mathtext 0/1 INFO :: Substituting symbol T from STIXNonUnicode
Done plotting

Done running experiment

