Launched script: 2020-12-07_15h26

Inactive Modules:
  1) python/3.7.4

Due to MODULEPATH changes, the following have been reloaded:
  1) mpi4py/3.0.3

The following have been reloaded with a version change:
  1) StdEnv/2016.4 => StdEnv/2020           4) intel/2016.4 => intel/2020.1.217
  2) gcccore/.5.4.0 => gcccore/.9.3.0       5) openmpi/2.1.1 => openmpi/4.0.3
  3) imkl/11.3.4.258 => imkl/2020.1.217


Activating Modules:
  1) python/3.7.7

-e, Name specified, using EXP=hpc_32c
-s, Number of simulations specified, using SIMS=5
-c, Number of cores specified, using CORES=32
-a, Will not ask before overwriting files
-r, Run the simulation
-m, Merge the data
-o, Post-process data

--Checking experiment directory--
Experiment folder exists

--Running simulation 0--
-e, Name specified, using EXP=hpc_32c
-i, Simulation ID specified, using ID=0
-n, No simulation name specified, using NAME=000_hpc_32c
-s, Number of simulations specified, using SIMS=5
-c, Number of cores specified, using CORES=32
-a, Will not ask before overwriting files
-r, Run the simulation
-m, Merge the data
-o, Post-process data

0-Checking experiment directory-
Experiment folder exists
Experiment for hpc_32c exists
Overwriting code files
Copying code files to experiment directory

0-Navigating to experiment directory-
/home/mschee/projects/def-ngrisoua/mschee/Dedalus_repos/1D_measure_T/_experiments/hpc_32c

0-Checking simulation directory-
Simulation for 000_hpc_32c exists
Overwriting simulation switchboard

0-Writing parameters file-

0-Running script-
Removing old snapshots
Running Dedalus script
mL= 0.0
2020-12-07 15:26:16,612 pencil 0/1 INFO :: Building pencil matrix 1/1 (~100%) Elapsed: 0s, Remaining: 0s, Rate: 2.4e+00/s
2020-12-07 15:26:16,612 __main__ 0/1 INFO :: Solver built
2020-12-07 15:26:16,614 __main__ 0/1 INFO :: Sim end period: 23.000000
2020-12-07 15:26:16,614 __main__ 0/1 INFO :: Starting loop
2020-12-07 15:26:17,981 __main__ 0/1 INFO :: Iteration: 100, t/T: 1.562500e+00, dt/T: 1.562500e-02
2020-12-07 15:26:18,867 __main__ 0/1 INFO :: Iteration: 200, t/T: 3.125000e+00, dt/T: 1.562500e-02
2020-12-07 15:26:19,798 __main__ 0/1 INFO :: Iteration: 300, t/T: 4.687500e+00, dt/T: 1.562500e-02
2020-12-07 15:26:20,729 __main__ 0/1 INFO :: Iteration: 400, t/T: 6.250000e+00, dt/T: 1.562500e-02
2020-12-07 15:26:21,642 __main__ 0/1 INFO :: Iteration: 500, t/T: 7.812500e+00, dt/T: 1.562500e-02
2020-12-07 15:26:22,579 __main__ 0/1 INFO :: Iteration: 600, t/T: 9.375000e+00, dt/T: 1.562500e-02
2020-12-07 15:26:23,469 __main__ 0/1 INFO :: Iteration: 700, t/T: 1.093750e+01, dt/T: 1.562500e-02
2020-12-07 15:26:24,346 __main__ 0/1 INFO :: Iteration: 800, t/T: 1.250000e+01, dt/T: 1.562500e-02
2020-12-07 15:26:25,210 __main__ 0/1 INFO :: Iteration: 900, t/T: 1.406250e+01, dt/T: 1.562500e-02
2020-12-07 15:26:26,086 __main__ 0/1 INFO :: Iteration: 1000, t/T: 1.562500e+01, dt/T: 1.562500e-02
2020-12-07 15:26:26,955 __main__ 0/1 INFO :: Iteration: 1100, t/T: 1.718750e+01, dt/T: 1.562500e-02
2020-12-07 15:26:27,860 __main__ 0/1 INFO :: Iteration: 1200, t/T: 1.875000e+01, dt/T: 1.562500e-02
2020-12-07 15:26:28,766 __main__ 0/1 INFO :: Iteration: 1300, t/T: 2.031250e+01, dt/T: 1.562500e-02
2020-12-07 15:26:29,653 __main__ 0/1 INFO :: Iteration: 1400, t/T: 2.187500e+01, dt/T: 1.562500e-02
2020-12-07 15:26:30,325 solvers 0/1 INFO :: Simulation stop time reached.
2020-12-07 15:26:30,325 __main__ 0/1 INFO :: Iterations: 1472
2020-12-07 15:26:30,325 __main__ 0/1 INFO :: Sim end period: 23.000000
2020-12-07 15:26:30,326 __main__ 0/1 INFO :: Run time: 13.71 sec
2020-12-07 15:26:30,326 __main__ 0/1 INFO :: Run time: 0.003809 cpu-hr

Done running script

0-Merging snapshots-
Checking for snapshots in directory: 000_hpc_32c/snapshots
Found snapshots
Merging snapshots
2020-12-07 15:26:34,497 post 0/32 INFO :: Merging files from 000_hpc_32c/snapshots
2020-12-07 15:26:35,457 post 0/32 INFO :: Creating joint file 000_hpc_32c/snapshots/consolidated_analysis.h5
Done merging snapshots

0-Post processing-
Checking for snapshots in directory: 000_hpc_32c/snapshots
Snapshots found
Running post processing script
nt is not a power of 2: 284
(n_layers = 1 (mL = 0.0 , theta = 0.7853981633974483 )
Simulated transmission coefficient is: 1.013354132848404
AnaEq 2.4 transmission coefficient is: 1.0
Done post processing

0-Done running simulation

--Running simulation 1--
-e, Name specified, using EXP=hpc_32c
-i, Simulation ID specified, using ID=1
-n, No simulation name specified, using NAME=001_hpc_32c
-s, Number of simulations specified, using SIMS=5
-c, Number of cores specified, using CORES=32
-a, Will not ask before overwriting files
-r, Run the simulation
-m, Merge the data
-o, Post-process data

1-Checking experiment directory-
Experiment folder exists
Experiment for hpc_32c exists
Overwriting code files
Copying code files to experiment directory

1-Navigating to experiment directory-
/home/mschee/projects/def-ngrisoua/mschee/Dedalus_repos/1D_measure_T/_experiments/hpc_32c

1-Checking simulation directory-
Simulation for 001_hpc_32c exists
Overwriting simulation switchboard

1-Writing parameters file-

1-Running script-
Removing old snapshots
Running Dedalus script
mL= 1.25
2020-12-07 15:26:47,071 pencil 0/1 INFO :: Building pencil matrix 1/1 (~100%) Elapsed: 0s, Remaining: 0s, Rate: 2.1e+00/s
2020-12-07 15:26:47,073 __main__ 0/1 INFO :: Solver built
2020-12-07 15:26:47,077 __main__ 0/1 INFO :: Sim end period: 23.000000
2020-12-07 15:26:47,077 __main__ 0/1 INFO :: Starting loop
2020-12-07 15:26:48,359 __main__ 0/1 INFO :: Iteration: 100, t/T: 1.562500e+00, dt/T: 1.562500e-02
2020-12-07 15:26:49,233 __main__ 0/1 INFO :: Iteration: 200, t/T: 3.125000e+00, dt/T: 1.562500e-02
2020-12-07 15:26:50,228 __main__ 0/1 INFO :: Iteration: 300, t/T: 4.687500e+00, dt/T: 1.562500e-02
2020-12-07 15:26:51,176 __main__ 0/1 INFO :: Iteration: 400, t/T: 6.250000e+00, dt/T: 1.562500e-02
2020-12-07 15:26:52,083 __main__ 0/1 INFO :: Iteration: 500, t/T: 7.812500e+00, dt/T: 1.562500e-02
2020-12-07 15:26:53,010 __main__ 0/1 INFO :: Iteration: 600, t/T: 9.375000e+00, dt/T: 1.562500e-02
2020-12-07 15:26:54,024 __main__ 0/1 INFO :: Iteration: 700, t/T: 1.093750e+01, dt/T: 1.562500e-02
2020-12-07 15:26:54,885 __main__ 0/1 INFO :: Iteration: 800, t/T: 1.250000e+01, dt/T: 1.562500e-02
2020-12-07 15:26:55,815 __main__ 0/1 INFO :: Iteration: 900, t/T: 1.406250e+01, dt/T: 1.562500e-02
2020-12-07 15:26:56,697 __main__ 0/1 INFO :: Iteration: 1000, t/T: 1.562500e+01, dt/T: 1.562500e-02
2020-12-07 15:26:57,573 __main__ 0/1 INFO :: Iteration: 1100, t/T: 1.718750e+01, dt/T: 1.562500e-02
2020-12-07 15:26:58,530 __main__ 0/1 INFO :: Iteration: 1200, t/T: 1.875000e+01, dt/T: 1.562500e-02
2020-12-07 15:26:59,487 __main__ 0/1 INFO :: Iteration: 1300, t/T: 2.031250e+01, dt/T: 1.562500e-02
2020-12-07 15:27:00,360 __main__ 0/1 INFO :: Iteration: 1400, t/T: 2.187500e+01, dt/T: 1.562500e-02
2020-12-07 15:27:01,034 solvers 0/1 INFO :: Simulation stop time reached.
2020-12-07 15:27:01,034 __main__ 0/1 INFO :: Iterations: 1472
2020-12-07 15:27:01,034 __main__ 0/1 INFO :: Sim end period: 23.000000
2020-12-07 15:27:01,034 __main__ 0/1 INFO :: Run time: 13.96 sec
2020-12-07 15:27:01,035 __main__ 0/1 INFO :: Run time: 0.003877 cpu-hr

Done running script

1-Merging snapshots-
Checking for snapshots in directory: 001_hpc_32c/snapshots
Found snapshots
Merging snapshots
2020-12-07 15:27:05,005 post 0/32 INFO :: Merging files from 001_hpc_32c/snapshots
2020-12-07 15:27:06,385 post 0/32 INFO :: Creating joint file 001_hpc_32c/snapshots/consolidated_analysis.h5
Done merging snapshots

1-Post processing-
Checking for snapshots in directory: 001_hpc_32c/snapshots
Snapshots found
Running post processing script
nt is not a power of 2: 284
(n_layers = 1 (mL = 1.25 , theta = 0.7853981633974483 )
Simulated transmission coefficient is: 0.32952243261109737
AnaEq 2.4 transmission coefficient is: 0.28041486618043265
Done post processing

1-Done running simulation

--Running simulation 2--
-e, Name specified, using EXP=hpc_32c
-i, Simulation ID specified, using ID=2
-n, No simulation name specified, using NAME=002_hpc_32c
-s, Number of simulations specified, using SIMS=5
-c, Number of cores specified, using CORES=32
-a, Will not ask before overwriting files
-r, Run the simulation
-m, Merge the data
-o, Post-process data

2-Checking experiment directory-
Experiment folder exists
Experiment for hpc_32c exists
Overwriting code files
Copying code files to experiment directory

2-Navigating to experiment directory-
/home/mschee/projects/def-ngrisoua/mschee/Dedalus_repos/1D_measure_T/_experiments/hpc_32c

2-Checking simulation directory-
Simulation for 002_hpc_32c exists
Overwriting simulation switchboard

2-Writing parameters file-

2-Running script-
Removing old snapshots
Running Dedalus script
mL= 2.5
2020-12-07 15:27:18,551 pencil 0/1 INFO :: Building pencil matrix 1/1 (~100%) Elapsed: 0s, Remaining: 0s, Rate: 2.1e+00/s
2020-12-07 15:27:18,552 __main__ 0/1 INFO :: Solver built
2020-12-07 15:27:18,553 __main__ 0/1 INFO :: Sim end period: 23.000000
2020-12-07 15:27:18,554 __main__ 0/1 INFO :: Starting loop
2020-12-07 15:27:19,825 __main__ 0/1 INFO :: Iteration: 100, t/T: 1.562500e+00, dt/T: 1.562500e-02
2020-12-07 15:27:20,788 __main__ 0/1 INFO :: Iteration: 200, t/T: 3.125000e+00, dt/T: 1.562500e-02
2020-12-07 15:27:21,666 __main__ 0/1 INFO :: Iteration: 300, t/T: 4.687500e+00, dt/T: 1.562500e-02
2020-12-07 15:27:22,534 __main__ 0/1 INFO :: Iteration: 400, t/T: 6.250000e+00, dt/T: 1.562500e-02
2020-12-07 15:27:23,587 __main__ 0/1 INFO :: Iteration: 500, t/T: 7.812500e+00, dt/T: 1.562500e-02
2020-12-07 15:27:24,496 __main__ 0/1 INFO :: Iteration: 600, t/T: 9.375000e+00, dt/T: 1.562500e-02
2020-12-07 15:27:25,428 __main__ 0/1 INFO :: Iteration: 700, t/T: 1.093750e+01, dt/T: 1.562500e-02
2020-12-07 15:27:26,425 __main__ 0/1 INFO :: Iteration: 800, t/T: 1.250000e+01, dt/T: 1.562500e-02
2020-12-07 15:27:27,365 __main__ 0/1 INFO :: Iteration: 900, t/T: 1.406250e+01, dt/T: 1.562500e-02
2020-12-07 15:27:28,290 __main__ 0/1 INFO :: Iteration: 1000, t/T: 1.562500e+01, dt/T: 1.562500e-02
2020-12-07 15:27:29,224 __main__ 0/1 INFO :: Iteration: 1100, t/T: 1.718750e+01, dt/T: 1.562500e-02
2020-12-07 15:27:30,103 __main__ 0/1 INFO :: Iteration: 1200, t/T: 1.875000e+01, dt/T: 1.562500e-02
2020-12-07 15:27:31,071 __main__ 0/1 INFO :: Iteration: 1300, t/T: 2.031250e+01, dt/T: 1.562500e-02
2020-12-07 15:27:32,061 __main__ 0/1 INFO :: Iteration: 1400, t/T: 2.187500e+01, dt/T: 1.562500e-02
2020-12-07 15:27:32,682 solvers 0/1 INFO :: Simulation stop time reached.
2020-12-07 15:27:32,682 __main__ 0/1 INFO :: Iterations: 1472
2020-12-07 15:27:32,682 __main__ 0/1 INFO :: Sim end period: 23.000000
2020-12-07 15:27:32,682 __main__ 0/1 INFO :: Run time: 14.13 sec
2020-12-07 15:27:32,682 __main__ 0/1 INFO :: Run time: 0.003924 cpu-hr

Done running script

2-Merging snapshots-
Checking for snapshots in directory: 002_hpc_32c/snapshots
Found snapshots
Merging snapshots
2020-12-07 15:27:37,799 post 0/32 INFO :: Merging files from 002_hpc_32c/snapshots
2020-12-07 15:27:38,064 post 0/32 INFO :: Creating joint file 002_hpc_32c/snapshots/consolidated_analysis.h5
Done merging snapshots

2-Post processing-
Checking for snapshots in directory: 002_hpc_32c/snapshots
Snapshots found
Running post processing script
nt is not a power of 2: 284
(n_layers = 1 (mL = 2.5 , theta = 0.7853981633974483 )
Simulated transmission coefficient is: 0.04836993257563142
AnaEq 2.4 transmission coefficient is: 0.02659222668316062
Done post processing

2-Done running simulation

--Running simulation 3--
-e, Name specified, using EXP=hpc_32c
-i, Simulation ID specified, using ID=3
-n, No simulation name specified, using NAME=003_hpc_32c
-s, Number of simulations specified, using SIMS=5
-c, Number of cores specified, using CORES=32
-a, Will not ask before overwriting files
-r, Run the simulation
-m, Merge the data
-o, Post-process data

3-Checking experiment directory-
Experiment folder exists
Experiment for hpc_32c exists
Overwriting code files
Copying code files to experiment directory

3-Navigating to experiment directory-
/home/mschee/projects/def-ngrisoua/mschee/Dedalus_repos/1D_measure_T/_experiments/hpc_32c

3-Checking simulation directory-
Simulation for 003_hpc_32c exists
Overwriting simulation switchboard

3-Writing parameters file-

3-Running script-
Removing old snapshots
Running Dedalus script
mL= 3.75
2020-12-07 15:27:49,848 pencil 0/1 INFO :: Building pencil matrix 1/1 (~100%) Elapsed: 0s, Remaining: 0s, Rate: 2.1e+00/s
2020-12-07 15:27:49,850 __main__ 0/1 INFO :: Solver built
2020-12-07 15:27:49,853 __main__ 0/1 INFO :: Sim end period: 23.000000
2020-12-07 15:27:49,853 __main__ 0/1 INFO :: Starting loop
2020-12-07 15:27:51,151 __main__ 0/1 INFO :: Iteration: 100, t/T: 1.562500e+00, dt/T: 1.562500e-02
2020-12-07 15:27:52,018 __main__ 0/1 INFO :: Iteration: 200, t/T: 3.125000e+00, dt/T: 1.562500e-02
2020-12-07 15:27:52,882 __main__ 0/1 INFO :: Iteration: 300, t/T: 4.687500e+00, dt/T: 1.562500e-02
2020-12-07 15:27:53,738 __main__ 0/1 INFO :: Iteration: 400, t/T: 6.250000e+00, dt/T: 1.562500e-02
2020-12-07 15:27:54,651 __main__ 0/1 INFO :: Iteration: 500, t/T: 7.812500e+00, dt/T: 1.562500e-02
2020-12-07 15:27:55,503 __main__ 0/1 INFO :: Iteration: 600, t/T: 9.375000e+00, dt/T: 1.562500e-02
2020-12-07 15:27:56,384 __main__ 0/1 INFO :: Iteration: 700, t/T: 1.093750e+01, dt/T: 1.562500e-02
2020-12-07 15:27:57,346 __main__ 0/1 INFO :: Iteration: 800, t/T: 1.250000e+01, dt/T: 1.562500e-02
2020-12-07 15:27:58,266 __main__ 0/1 INFO :: Iteration: 900, t/T: 1.406250e+01, dt/T: 1.562500e-02
2020-12-07 15:27:59,138 __main__ 0/1 INFO :: Iteration: 1000, t/T: 1.562500e+01, dt/T: 1.562500e-02
2020-12-07 15:28:00,121 __main__ 0/1 INFO :: Iteration: 1100, t/T: 1.718750e+01, dt/T: 1.562500e-02
2020-12-07 15:28:01,094 __main__ 0/1 INFO :: Iteration: 1200, t/T: 1.875000e+01, dt/T: 1.562500e-02
2020-12-07 15:28:01,972 __main__ 0/1 INFO :: Iteration: 1300, t/T: 2.031250e+01, dt/T: 1.562500e-02
2020-12-07 15:28:02,880 __main__ 0/1 INFO :: Iteration: 1400, t/T: 2.187500e+01, dt/T: 1.562500e-02
2020-12-07 15:28:03,534 solvers 0/1 INFO :: Simulation stop time reached.
2020-12-07 15:28:03,534 __main__ 0/1 INFO :: Iterations: 1472
2020-12-07 15:28:03,534 __main__ 0/1 INFO :: Sim end period: 23.000000
2020-12-07 15:28:03,534 __main__ 0/1 INFO :: Run time: 13.68 sec
2020-12-07 15:28:03,534 __main__ 0/1 INFO :: Run time: 0.003800 cpu-hr

Done running script

3-Merging snapshots-
Checking for snapshots in directory: 003_hpc_32c/snapshots
Found snapshots
Merging snapshots
2020-12-07 15:28:07,852 post 0/32 INFO :: Merging files from 003_hpc_32c/snapshots
2020-12-07 15:28:09,278 post 0/32 INFO :: Creating joint file 003_hpc_32c/snapshots/consolidated_analysis.h5
Done merging snapshots

3-Post processing-
Checking for snapshots in directory: 003_hpc_32c/snapshots
Snapshots found
Running post processing script
nt is not a power of 2: 284
(n_layers = 1 (mL = 3.75 , theta = 0.7853981633974483 )
Simulated transmission coefficient is: 0.010775095391567544
AnaEq 2.4 transmission coefficient is: 0.0022098922908086417
Done post processing

3-Done running simulation

--Running simulation 4--
-e, Name specified, using EXP=hpc_32c
-i, Simulation ID specified, using ID=4
-n, No simulation name specified, using NAME=004_hpc_32c
-s, Number of simulations specified, using SIMS=5
-c, Number of cores specified, using CORES=32
-a, Will not ask before overwriting files
-r, Run the simulation
-m, Merge the data
-o, Post-process data

4-Checking experiment directory-
Experiment folder exists
Experiment for hpc_32c exists
Overwriting code files
Copying code files to experiment directory

4-Navigating to experiment directory-
/home/mschee/projects/def-ngrisoua/mschee/Dedalus_repos/1D_measure_T/_experiments/hpc_32c

4-Checking simulation directory-
Simulation for 004_hpc_32c exists
Overwriting simulation switchboard

4-Writing parameters file-

4-Running script-
Removing old snapshots
Running Dedalus script
mL= 5.0
2020-12-07 15:28:21,664 pencil 0/1 INFO :: Building pencil matrix 1/1 (~100%) Elapsed: 0s, Remaining: 0s, Rate: 2.3e+00/s
2020-12-07 15:28:21,665 __main__ 0/1 INFO :: Solver built
2020-12-07 15:28:21,668 __main__ 0/1 INFO :: Sim end period: 23.000000
2020-12-07 15:28:21,668 __main__ 0/1 INFO :: Starting loop
2020-12-07 15:28:23,057 __main__ 0/1 INFO :: Iteration: 100, t/T: 1.562500e+00, dt/T: 1.562500e-02
2020-12-07 15:28:23,927 __main__ 0/1 INFO :: Iteration: 200, t/T: 3.125000e+00, dt/T: 1.562500e-02
2020-12-07 15:28:24,922 __main__ 0/1 INFO :: Iteration: 300, t/T: 4.687500e+00, dt/T: 1.562500e-02
2020-12-07 15:28:25,881 __main__ 0/1 INFO :: Iteration: 400, t/T: 6.250000e+00, dt/T: 1.562500e-02
2020-12-07 15:28:27,029 __main__ 0/1 INFO :: Iteration: 500, t/T: 7.812500e+00, dt/T: 1.562500e-02
2020-12-07 15:28:28,067 __main__ 0/1 INFO :: Iteration: 600, t/T: 9.375000e+00, dt/T: 1.562500e-02
2020-12-07 15:28:38,340 __main__ 0/1 INFO :: Iteration: 700, t/T: 1.093750e+01, dt/T: 1.562500e-02
2020-12-07 15:28:39,298 __main__ 0/1 INFO :: Iteration: 800, t/T: 1.250000e+01, dt/T: 1.562500e-02
2020-12-07 15:28:40,179 __main__ 0/1 INFO :: Iteration: 900, t/T: 1.406250e+01, dt/T: 1.562500e-02
2020-12-07 15:28:41,104 __main__ 0/1 INFO :: Iteration: 1000, t/T: 1.562500e+01, dt/T: 1.562500e-02
2020-12-07 15:28:41,996 __main__ 0/1 INFO :: Iteration: 1100, t/T: 1.718750e+01, dt/T: 1.562500e-02
2020-12-07 15:28:42,871 __main__ 0/1 INFO :: Iteration: 1200, t/T: 1.875000e+01, dt/T: 1.562500e-02
2020-12-07 15:28:43,737 __main__ 0/1 INFO :: Iteration: 1300, t/T: 2.031250e+01, dt/T: 1.562500e-02
2020-12-07 15:28:44,685 __main__ 0/1 INFO :: Iteration: 1400, t/T: 2.187500e+01, dt/T: 1.562500e-02
2020-12-07 15:28:45,301 solvers 0/1 INFO :: Simulation stop time reached.
2020-12-07 15:28:45,302 __main__ 0/1 INFO :: Iterations: 1472
2020-12-07 15:28:45,302 __main__ 0/1 INFO :: Sim end period: 23.000000
2020-12-07 15:28:45,302 __main__ 0/1 INFO :: Run time: 23.63 sec
2020-12-07 15:28:45,302 __main__ 0/1 INFO :: Run time: 0.006565 cpu-hr

Done running script

4-Merging snapshots-
Checking for snapshots in directory: 004_hpc_32c/snapshots
Found snapshots
Merging snapshots
2020-12-07 15:28:50,276 post 0/32 INFO :: Merging files from 004_hpc_32c/snapshots
2020-12-07 15:28:50,901 post 0/32 INFO :: Creating joint file 004_hpc_32c/snapshots/consolidated_analysis.h5
Done merging snapshots

4-Post processing-
Checking for snapshots in directory: 004_hpc_32c/snapshots
Snapshots found
Running post processing script
nt is not a power of 2: 284
(n_layers = 1 (mL = 5.0 , theta = 0.7853981633974483 )
Simulated transmission coefficient is: 0.0043270335547450885
AnaEq 2.4 transmission coefficient is: 0.00018158323094380672
Done post processing

4-Done running simulation


--Plotting transmission coefficients--
Checking for csv data file
Data found
Plotting experiment data
2020-12-07 15:29:01,899 matplotlib.mathtext 0/1 INFO :: Substituting symbol T from STIXNonUnicode
2020-12-07 15:29:01,915 matplotlib.mathtext 0/1 INFO :: Substituting symbol T from STIXNonUnicode
2020-12-07 15:29:01,935 matplotlib.mathtext 0/1 INFO :: Substituting symbol T from STIXNonUnicode
Done plotting

Done running experiment

