Launched script: 2020-12-07_11h13

Inactive Modules:
  1) python/3.7.4

Due to MODULEPATH changes, the following have been reloaded:
  1) mpi4py/3.0.3

The following have been reloaded with a version change:
  1) StdEnv/2016.4 => StdEnv/2020           4) intel/2016.4 => intel/2020.1.217
  2) gcccore/.5.4.0 => gcccore/.9.3.0       5) openmpi/2.1.1 => openmpi/4.0.3
  3) imkl/11.3.4.258 => imkl/2020.1.217


Activating Modules:
  1) python/3.7.7

-e, Name specified, using EXP=hpc_02c
-s, Number of simulations specified, using SIMS=5
-c, Number of cores specified, using CORES=2
-a, Will not ask before overwriting files
-r, Run the simulation
-m, Merge the data
-o, Post-process data

--Checking experiment directory--
Experiment folder exists

--Running simulation 0--
-e, Name specified, using EXP=hpc_02c
-i, Simulation ID specified, using ID=0
-n, No simulation name specified, using NAME=000_hpc_02c
-s, Number of simulations specified, using SIMS=5
-c, Number of cores specified, using CORES=2
-a, Will not ask before overwriting files
-r, Run the simulation
-m, Merge the data
-o, Post-process data

-Checking experiment directory-
Experiment folder exists
Experiment for hpc_02c exists
Overwriting code files
Copying code files to experiment directory

-Navigating to experiment directory-
/home/mschee/projects/def-ngrisoua/mschee/Dedalus_repos/1D_measure_T/_experiments/hpc_02c

-Checking simulation directory-
Creating simulation for 000_hpc_02c
Overwriting simulation switchboard

-Writing parameters file-

-Running script-
Running Dedalus script
mL= 0.0
2020-12-07 11:13:34,614 pencil 0/1 INFO :: Building pencil matrix 1/1 (~100%) Elapsed: 0s, Remaining: 0s, Rate: 2.1e+00/s
2020-12-07 11:13:34,615 __main__ 0/1 INFO :: Solver built
2020-12-07 11:13:34,617 __main__ 0/1 INFO :: Sim end period: 23.000000
2020-12-07 11:13:34,618 __main__ 0/1 INFO :: Starting loop
2020-12-07 11:13:36,247 __main__ 0/1 INFO :: Iteration: 100, t/T: 1.562500e+00, dt/T: 1.562500e-02
2020-12-07 11:13:37,390 __main__ 0/1 INFO :: Iteration: 200, t/T: 3.125000e+00, dt/T: 1.562500e-02
2020-12-07 11:13:38,463 __main__ 0/1 INFO :: Iteration: 300, t/T: 4.687500e+00, dt/T: 1.562500e-02
2020-12-07 11:13:39,526 __main__ 0/1 INFO :: Iteration: 400, t/T: 6.250000e+00, dt/T: 1.562500e-02
2020-12-07 11:13:40,756 __main__ 0/1 INFO :: Iteration: 500, t/T: 7.812500e+00, dt/T: 1.562500e-02
2020-12-07 11:13:41,901 __main__ 0/1 INFO :: Iteration: 600, t/T: 9.375000e+00, dt/T: 1.562500e-02
2020-12-07 11:13:43,194 __main__ 0/1 INFO :: Iteration: 700, t/T: 1.093750e+01, dt/T: 1.562500e-02
2020-12-07 11:13:44,414 __main__ 0/1 INFO :: Iteration: 800, t/T: 1.250000e+01, dt/T: 1.562500e-02
2020-12-07 11:13:45,611 __main__ 0/1 INFO :: Iteration: 900, t/T: 1.406250e+01, dt/T: 1.562500e-02
2020-12-07 11:13:46,811 __main__ 0/1 INFO :: Iteration: 1000, t/T: 1.562500e+01, dt/T: 1.562500e-02
2020-12-07 11:13:48,013 __main__ 0/1 INFO :: Iteration: 1100, t/T: 1.718750e+01, dt/T: 1.562500e-02
2020-12-07 11:13:49,158 __main__ 0/1 INFO :: Iteration: 1200, t/T: 1.875000e+01, dt/T: 1.562500e-02
2020-12-07 11:13:50,339 __main__ 0/1 INFO :: Iteration: 1300, t/T: 2.031250e+01, dt/T: 1.562500e-02
2020-12-07 11:13:51,454 __main__ 0/1 INFO :: Iteration: 1400, t/T: 2.187500e+01, dt/T: 1.562500e-02
2020-12-07 11:13:52,269 solvers 0/1 INFO :: Simulation stop time reached.
2020-12-07 11:13:52,269 __main__ 0/1 INFO :: Iterations: 1472
2020-12-07 11:13:52,269 __main__ 0/1 INFO :: Sim end period: 23.000000
2020-12-07 11:13:52,269 __main__ 0/1 INFO :: Run time: 17.65 sec
2020-12-07 11:13:52,270 __main__ 0/1 INFO :: Run time: 0.004903 cpu-hr

Done running script

-Merging snapshots-
Checking for snapshots in directory: 000_hpc_02c/snapshots
Found snapshots
Merging snapshots
2020-12-07 11:13:55,166 post 0/2 INFO :: Merging files from 000_hpc_02c/snapshots
2020-12-07 11:13:56,070 post 0/2 INFO :: Creating joint file 000_hpc_02c/snapshots/consolidated_analysis.h5
Done merging snapshots

-Post processing-
Checking for snapshots in directory: 000_hpc_02c/snapshots
Snapshots found
Running post processing script
Traceback (most recent call last):
  File "post_process.py", line 114, in <module>
    t_tr, psi_tr = hf.trim_data_t(t, psi_tr, T_cutoff, T)
  File "/project/6002522/mschee/Dedalus_repos/1D_measure_T/_experiments/hpc_02c/helper_functions.py", line 272, in trim_data_t
    idx_cutoff = find_nearest_index(t_array, cutoff_time)
  File "/project/6002522/mschee/Dedalus_repos/1D_measure_T/_experiments/hpc_02c/helper_functions.py", line 42, in find_nearest_index
    raise Error("Value to the left of index range")
helper_functions.Error: Value to the left of index range
Done post processing

Done running simulation

--Running simulation 1--
-e, Name specified, using EXP=hpc_02c
-i, Simulation ID specified, using ID=1
-n, No simulation name specified, using NAME=001_hpc_02c
-s, Number of simulations specified, using SIMS=5
-c, Number of cores specified, using CORES=2
-a, Will not ask before overwriting files
-r, Run the simulation
-m, Merge the data
-o, Post-process data

-Checking experiment directory-
Experiment folder exists
Experiment for hpc_02c exists
Overwriting code files
Copying code files to experiment directory

-Navigating to experiment directory-
/home/mschee/projects/def-ngrisoua/mschee/Dedalus_repos/1D_measure_T/_experiments/hpc_02c

-Checking simulation directory-
Creating simulation for 001_hpc_02c
Overwriting simulation switchboard

-Writing parameters file-

-Running script-
Running Dedalus script
mL= 1.25
2020-12-07 11:14:08,422 pencil 0/1 INFO :: Building pencil matrix 1/1 (~100%) Elapsed: 0s, Remaining: 0s, Rate: 2.5e+00/s
2020-12-07 11:14:08,423 __main__ 0/1 INFO :: Solver built
2020-12-07 11:14:08,425 __main__ 0/1 INFO :: Sim end period: 23.000000
2020-12-07 11:14:08,425 __main__ 0/1 INFO :: Starting loop
2020-12-07 11:14:09,943 __main__ 0/1 INFO :: Iteration: 100, t/T: 1.562500e+00, dt/T: 1.562500e-02
2020-12-07 11:14:11,070 __main__ 0/1 INFO :: Iteration: 200, t/T: 3.125000e+00, dt/T: 1.562500e-02
2020-12-07 11:14:12,135 __main__ 0/1 INFO :: Iteration: 300, t/T: 4.687500e+00, dt/T: 1.562500e-02
2020-12-07 11:14:13,172 __main__ 0/1 INFO :: Iteration: 400, t/T: 6.250000e+00, dt/T: 1.562500e-02
2020-12-07 11:14:14,482 __main__ 0/1 INFO :: Iteration: 500, t/T: 7.812500e+00, dt/T: 1.562500e-02
2020-12-07 11:14:15,552 __main__ 0/1 INFO :: Iteration: 600, t/T: 9.375000e+00, dt/T: 1.562500e-02
2020-12-07 11:14:16,550 __main__ 0/1 INFO :: Iteration: 700, t/T: 1.093750e+01, dt/T: 1.562500e-02
2020-12-07 11:14:17,653 __main__ 0/1 INFO :: Iteration: 800, t/T: 1.250000e+01, dt/T: 1.562500e-02
2020-12-07 11:14:18,805 __main__ 0/1 INFO :: Iteration: 900, t/T: 1.406250e+01, dt/T: 1.562500e-02
2020-12-07 11:14:19,953 __main__ 0/1 INFO :: Iteration: 1000, t/T: 1.562500e+01, dt/T: 1.562500e-02
2020-12-07 11:14:21,046 __main__ 0/1 INFO :: Iteration: 1100, t/T: 1.718750e+01, dt/T: 1.562500e-02
2020-12-07 11:14:22,171 __main__ 0/1 INFO :: Iteration: 1200, t/T: 1.875000e+01, dt/T: 1.562500e-02
2020-12-07 11:14:23,315 __main__ 0/1 INFO :: Iteration: 1300, t/T: 2.031250e+01, dt/T: 1.562500e-02
2020-12-07 11:14:24,425 __main__ 0/1 INFO :: Iteration: 1400, t/T: 2.187500e+01, dt/T: 1.562500e-02
2020-12-07 11:14:25,154 solvers 0/1 INFO :: Simulation stop time reached.
2020-12-07 11:14:25,154 __main__ 0/1 INFO :: Iterations: 1472
2020-12-07 11:14:25,154 __main__ 0/1 INFO :: Sim end period: 23.000000
2020-12-07 11:14:25,154 __main__ 0/1 INFO :: Run time: 16.73 sec
2020-12-07 11:14:25,154 __main__ 0/1 INFO :: Run time: 0.004647 cpu-hr

Done running script

-Merging snapshots-
Checking for snapshots in directory: 001_hpc_02c/snapshots
Found snapshots
Merging snapshots
2020-12-07 11:14:27,751 post 0/2 INFO :: Merging files from 001_hpc_02c/snapshots
2020-12-07 11:14:28,558 post 0/2 INFO :: Creating joint file 001_hpc_02c/snapshots/consolidated_analysis.h5
Done merging snapshots

-Post processing-
Checking for snapshots in directory: 001_hpc_02c/snapshots
Snapshots found
Running post processing script
Traceback (most recent call last):
  File "post_process.py", line 114, in <module>
    t_tr, psi_tr = hf.trim_data_t(t, psi_tr, T_cutoff, T)
  File "/project/6002522/mschee/Dedalus_repos/1D_measure_T/_experiments/hpc_02c/helper_functions.py", line 272, in trim_data_t
    idx_cutoff = find_nearest_index(t_array, cutoff_time)
  File "/project/6002522/mschee/Dedalus_repos/1D_measure_T/_experiments/hpc_02c/helper_functions.py", line 42, in find_nearest_index
    raise Error("Value to the left of index range")
helper_functions.Error: Value to the left of index range
Done post processing

Done running simulation

--Running simulation 2--
-e, Name specified, using EXP=hpc_02c
-i, Simulation ID specified, using ID=2
-n, No simulation name specified, using NAME=002_hpc_02c
-s, Number of simulations specified, using SIMS=5
-c, Number of cores specified, using CORES=2
-a, Will not ask before overwriting files
-r, Run the simulation
-m, Merge the data
-o, Post-process data

-Checking experiment directory-
Experiment folder exists
Experiment for hpc_02c exists
Overwriting code files
Copying code files to experiment directory

-Navigating to experiment directory-
/home/mschee/projects/def-ngrisoua/mschee/Dedalus_repos/1D_measure_T/_experiments/hpc_02c

-Checking simulation directory-
Creating simulation for 002_hpc_02c
Overwriting simulation switchboard

-Writing parameters file-

-Running script-
Running Dedalus script
mL= 2.5
2020-12-07 11:14:40,270 pencil 0/1 INFO :: Building pencil matrix 1/1 (~100%) Elapsed: 0s, Remaining: 0s, Rate: 2.1e+00/s
2020-12-07 11:14:40,271 __main__ 0/1 INFO :: Solver built
2020-12-07 11:14:40,273 __main__ 0/1 INFO :: Sim end period: 23.000000
2020-12-07 11:14:40,273 __main__ 0/1 INFO :: Starting loop
2020-12-07 11:14:41,843 __main__ 0/1 INFO :: Iteration: 100, t/T: 1.562500e+00, dt/T: 1.562500e-02
2020-12-07 11:14:43,047 __main__ 0/1 INFO :: Iteration: 200, t/T: 3.125000e+00, dt/T: 1.562500e-02
2020-12-07 11:14:44,157 __main__ 0/1 INFO :: Iteration: 300, t/T: 4.687500e+00, dt/T: 1.562500e-02
2020-12-07 11:14:45,328 __main__ 0/1 INFO :: Iteration: 400, t/T: 6.250000e+00, dt/T: 1.562500e-02
2020-12-07 11:14:46,454 __main__ 0/1 INFO :: Iteration: 500, t/T: 7.812500e+00, dt/T: 1.562500e-02
2020-12-07 11:14:47,515 __main__ 0/1 INFO :: Iteration: 600, t/T: 9.375000e+00, dt/T: 1.562500e-02
2020-12-07 11:14:48,536 __main__ 0/1 INFO :: Iteration: 700, t/T: 1.093750e+01, dt/T: 1.562500e-02
2020-12-07 11:14:49,698 __main__ 0/1 INFO :: Iteration: 800, t/T: 1.250000e+01, dt/T: 1.562500e-02
2020-12-07 11:14:50,753 __main__ 0/1 INFO :: Iteration: 900, t/T: 1.406250e+01, dt/T: 1.562500e-02
2020-12-07 11:14:51,798 __main__ 0/1 INFO :: Iteration: 1000, t/T: 1.562500e+01, dt/T: 1.562500e-02
2020-12-07 11:14:52,944 __main__ 0/1 INFO :: Iteration: 1100, t/T: 1.718750e+01, dt/T: 1.562500e-02
2020-12-07 11:14:54,113 __main__ 0/1 INFO :: Iteration: 1200, t/T: 1.875000e+01, dt/T: 1.562500e-02
2020-12-07 11:14:55,248 __main__ 0/1 INFO :: Iteration: 1300, t/T: 2.031250e+01, dt/T: 1.562500e-02
2020-12-07 11:14:56,429 __main__ 0/1 INFO :: Iteration: 1400, t/T: 2.187500e+01, dt/T: 1.562500e-02
2020-12-07 11:14:57,225 solvers 0/1 INFO :: Simulation stop time reached.
2020-12-07 11:14:57,225 __main__ 0/1 INFO :: Iterations: 1472
2020-12-07 11:14:57,225 __main__ 0/1 INFO :: Sim end period: 23.000000
2020-12-07 11:14:57,225 __main__ 0/1 INFO :: Run time: 16.95 sec
2020-12-07 11:14:57,225 __main__ 0/1 INFO :: Run time: 0.004709 cpu-hr

Done running script

-Merging snapshots-
Checking for snapshots in directory: 002_hpc_02c/snapshots
Found snapshots
Merging snapshots
2020-12-07 11:15:00,072 post 0/2 INFO :: Merging files from 002_hpc_02c/snapshots
2020-12-07 11:15:00,881 post 0/2 INFO :: Creating joint file 002_hpc_02c/snapshots/consolidated_analysis.h5
Done merging snapshots

-Post processing-
Checking for snapshots in directory: 002_hpc_02c/snapshots
Snapshots found
Running post processing script
nt is not a power of 2: 284
(n_layers = 1 (mL = 2.5 , theta = 0.7853981633974483 )
Simulated transmission coefficient is: 0.048369932575640685
AnaEq 2.4 transmission coefficient is: 0.02659222668316062
Done post processing

Done running simulation

--Running simulation 3--
-e, Name specified, using EXP=hpc_02c
-i, Simulation ID specified, using ID=3
-n, No simulation name specified, using NAME=003_hpc_02c
-s, Number of simulations specified, using SIMS=5
-c, Number of cores specified, using CORES=2
-a, Will not ask before overwriting files
-r, Run the simulation
-m, Merge the data
-o, Post-process data

-Checking experiment directory-
Experiment folder exists
Experiment for hpc_02c exists
Overwriting code files
Copying code files to experiment directory

-Navigating to experiment directory-
/home/mschee/projects/def-ngrisoua/mschee/Dedalus_repos/1D_measure_T/_experiments/hpc_02c

-Checking simulation directory-
Creating simulation for 003_hpc_02c
Overwriting simulation switchboard

-Writing parameters file-

-Running script-
Running Dedalus script
mL= 3.75
2020-12-07 11:15:10,562 pencil 0/1 INFO :: Building pencil matrix 1/1 (~100%) Elapsed: 0s, Remaining: 0s, Rate: 2.5e+00/s
2020-12-07 11:15:10,564 __main__ 0/1 INFO :: Solver built
2020-12-07 11:15:10,565 __main__ 0/1 INFO :: Sim end period: 23.000000
2020-12-07 11:15:10,566 __main__ 0/1 INFO :: Starting loop
2020-12-07 11:15:12,030 __main__ 0/1 INFO :: Iteration: 100, t/T: 1.562500e+00, dt/T: 1.562500e-02
2020-12-07 11:15:13,094 __main__ 0/1 INFO :: Iteration: 200, t/T: 3.125000e+00, dt/T: 1.562500e-02
2020-12-07 11:15:14,235 __main__ 0/1 INFO :: Iteration: 300, t/T: 4.687500e+00, dt/T: 1.562500e-02
2020-12-07 11:15:15,218 __main__ 0/1 INFO :: Iteration: 400, t/T: 6.250000e+00, dt/T: 1.562500e-02
2020-12-07 11:15:16,291 __main__ 0/1 INFO :: Iteration: 500, t/T: 7.812500e+00, dt/T: 1.562500e-02
2020-12-07 11:15:17,343 __main__ 0/1 INFO :: Iteration: 600, t/T: 9.375000e+00, dt/T: 1.562500e-02
2020-12-07 11:15:18,430 __main__ 0/1 INFO :: Iteration: 700, t/T: 1.093750e+01, dt/T: 1.562500e-02
2020-12-07 11:15:19,503 __main__ 0/1 INFO :: Iteration: 800, t/T: 1.250000e+01, dt/T: 1.562500e-02
2020-12-07 11:15:20,662 __main__ 0/1 INFO :: Iteration: 900, t/T: 1.406250e+01, dt/T: 1.562500e-02
2020-12-07 11:15:21,746 __main__ 0/1 INFO :: Iteration: 1000, t/T: 1.562500e+01, dt/T: 1.562500e-02
2020-12-07 11:15:22,743 __main__ 0/1 INFO :: Iteration: 1100, t/T: 1.718750e+01, dt/T: 1.562500e-02
2020-12-07 11:15:23,761 __main__ 0/1 INFO :: Iteration: 1200, t/T: 1.875000e+01, dt/T: 1.562500e-02
2020-12-07 11:15:24,761 __main__ 0/1 INFO :: Iteration: 1300, t/T: 2.031250e+01, dt/T: 1.562500e-02
2020-12-07 11:15:25,759 __main__ 0/1 INFO :: Iteration: 1400, t/T: 2.187500e+01, dt/T: 1.562500e-02
2020-12-07 11:15:26,448 solvers 0/1 INFO :: Simulation stop time reached.
2020-12-07 11:15:26,448 __main__ 0/1 INFO :: Iterations: 1472
2020-12-07 11:15:26,449 __main__ 0/1 INFO :: Sim end period: 23.000000
2020-12-07 11:15:26,449 __main__ 0/1 INFO :: Run time: 15.88 sec
2020-12-07 11:15:26,449 __main__ 0/1 INFO :: Run time: 0.004412 cpu-hr

Done running script

-Merging snapshots-
Checking for snapshots in directory: 003_hpc_02c/snapshots
Found snapshots
Merging snapshots
2020-12-07 11:15:29,145 post 0/2 INFO :: Merging files from 003_hpc_02c/snapshots
2020-12-07 11:15:29,877 post 0/2 INFO :: Creating joint file 003_hpc_02c/snapshots/consolidated_analysis.h5
Done merging snapshots

-Post processing-
Checking for snapshots in directory: 003_hpc_02c/snapshots
Snapshots found
Running post processing script
nt is not a power of 2: 284
(n_layers = 1 (mL = 3.75 , theta = 0.7853981633974483 )
Simulated transmission coefficient is: 0.01077509539156778
AnaEq 2.4 transmission coefficient is: 0.0022098922908086417
Done post processing

Done running simulation

--Running simulation 4--
-e, Name specified, using EXP=hpc_02c
-i, Simulation ID specified, using ID=4
-n, No simulation name specified, using NAME=004_hpc_02c
-s, Number of simulations specified, using SIMS=5
-c, Number of cores specified, using CORES=2
-a, Will not ask before overwriting files
-r, Run the simulation
-m, Merge the data
-o, Post-process data

-Checking experiment directory-
Experiment folder exists
Experiment for hpc_02c exists
Overwriting code files
Copying code files to experiment directory

-Navigating to experiment directory-
/home/mschee/projects/def-ngrisoua/mschee/Dedalus_repos/1D_measure_T/_experiments/hpc_02c

-Checking simulation directory-
Creating simulation for 004_hpc_02c
Overwriting simulation switchboard

-Writing parameters file-

-Running script-
Running Dedalus script
mL= 5.0
2020-12-07 11:15:41,303 pencil 0/1 INFO :: Building pencil matrix 1/1 (~100%) Elapsed: 0s, Remaining: 0s, Rate: 2.1e+00/s
2020-12-07 11:15:41,304 __main__ 0/1 INFO :: Solver built
2020-12-07 11:15:41,306 __main__ 0/1 INFO :: Sim end period: 23.000000
2020-12-07 11:15:41,306 __main__ 0/1 INFO :: Starting loop
2020-12-07 11:15:42,807 __main__ 0/1 INFO :: Iteration: 100, t/T: 1.562500e+00, dt/T: 1.562500e-02
2020-12-07 11:15:43,853 __main__ 0/1 INFO :: Iteration: 200, t/T: 3.125000e+00, dt/T: 1.562500e-02
2020-12-07 11:15:44,906 __main__ 0/1 INFO :: Iteration: 300, t/T: 4.687500e+00, dt/T: 1.562500e-02
2020-12-07 11:15:46,003 __main__ 0/1 INFO :: Iteration: 400, t/T: 6.250000e+00, dt/T: 1.562500e-02
2020-12-07 11:15:47,056 __main__ 0/1 INFO :: Iteration: 500, t/T: 7.812500e+00, dt/T: 1.562500e-02
2020-12-07 11:15:48,186 __main__ 0/1 INFO :: Iteration: 600, t/T: 9.375000e+00, dt/T: 1.562500e-02
2020-12-07 11:15:49,435 __main__ 0/1 INFO :: Iteration: 700, t/T: 1.093750e+01, dt/T: 1.562500e-02
2020-12-07 11:15:50,569 __main__ 0/1 INFO :: Iteration: 800, t/T: 1.250000e+01, dt/T: 1.562500e-02
2020-12-07 11:15:51,688 __main__ 0/1 INFO :: Iteration: 900, t/T: 1.406250e+01, dt/T: 1.562500e-02
2020-12-07 11:15:52,775 __main__ 0/1 INFO :: Iteration: 1000, t/T: 1.562500e+01, dt/T: 1.562500e-02
2020-12-07 11:15:53,811 __main__ 0/1 INFO :: Iteration: 1100, t/T: 1.718750e+01, dt/T: 1.562500e-02
2020-12-07 11:15:54,864 __main__ 0/1 INFO :: Iteration: 1200, t/T: 1.875000e+01, dt/T: 1.562500e-02
2020-12-07 11:15:55,897 __main__ 0/1 INFO :: Iteration: 1300, t/T: 2.031250e+01, dt/T: 1.562500e-02
2020-12-07 11:15:56,965 __main__ 0/1 INFO :: Iteration: 1400, t/T: 2.187500e+01, dt/T: 1.562500e-02
2020-12-07 11:15:57,790 solvers 0/1 INFO :: Simulation stop time reached.
2020-12-07 11:15:57,790 __main__ 0/1 INFO :: Iterations: 1472
2020-12-07 11:15:57,790 __main__ 0/1 INFO :: Sim end period: 23.000000
2020-12-07 11:15:57,790 __main__ 0/1 INFO :: Run time: 16.48 sec
2020-12-07 11:15:57,790 __main__ 0/1 INFO :: Run time: 0.004579 cpu-hr

Done running script

-Merging snapshots-
Checking for snapshots in directory: 004_hpc_02c/snapshots
Found snapshots
Merging snapshots
2020-12-07 11:15:59,960 post 0/2 INFO :: Merging files from 004_hpc_02c/snapshots
2020-12-07 11:16:00,666 post 0/2 INFO :: Creating joint file 004_hpc_02c/snapshots/consolidated_analysis.h5
Done merging snapshots

-Post processing-
Checking for snapshots in directory: 004_hpc_02c/snapshots
Snapshots found
Running post processing script
Traceback (most recent call last):
  File "post_process.py", line 114, in <module>
    t_tr, psi_tr = hf.trim_data_t(t, psi_tr, T_cutoff, T)
  File "/project/6002522/mschee/Dedalus_repos/1D_measure_T/_experiments/hpc_02c/helper_functions.py", line 272, in trim_data_t
    idx_cutoff = find_nearest_index(t_array, cutoff_time)
  File "/project/6002522/mschee/Dedalus_repos/1D_measure_T/_experiments/hpc_02c/helper_functions.py", line 42, in find_nearest_index
    raise Error("Value to the left of index range")
helper_functions.Error: Value to the left of index range
Done post processing

Done running simulation


--Plotting transmission coefficients--
Checking for csv data file
Data found
Plotting experiment data
2020-12-07 11:16:08,715 matplotlib.mathtext 0/1 INFO :: Substituting symbol T from STIXNonUnicode
2020-12-07 11:16:08,731 matplotlib.mathtext 0/1 INFO :: Substituting symbol T from STIXNonUnicode
2020-12-07 11:16:08,750 matplotlib.mathtext 0/1 INFO :: Substituting symbol T from STIXNonUnicode
Done plotting

Done running experiment

