Launched script: 2020-12-07_16h09

Inactive Modules:
  1) python/3.7.4

Due to MODULEPATH changes, the following have been reloaded:
  1) mpi4py/3.0.3

The following have been reloaded with a version change:
  1) StdEnv/2016.4 => StdEnv/2020           4) intel/2016.4 => intel/2020.1.217
  2) gcccore/.5.4.0 => gcccore/.9.3.0       5) openmpi/2.1.1 => openmpi/4.0.3
  3) imkl/11.3.4.258 => imkl/2020.1.217


Activating Modules:
  1) python/3.7.7

-e, Name specified, using EXP=hpc_02c
-s, Number of simulations specified, using SIMS=5
-c, Number of cores specified, using CORES=2
-a, Will not ask before overwriting files
-r, Run the simulation
-m, Merge the data
-o, Post-process data

--Checking experiment directory--
Experiment folder exists

--Running simulation 0--
--Running simulation 1--
--Running simulation 2--
--Running simulation 3--
--Running simulation 4--

--Plotting transmission coefficients--
Checking for csv data file
Cannot find data. Aborting script
