Launched script: 2020-12-07_16h34

Inactive Modules:
  1) python/3.7.4

Due to MODULEPATH changes, the following have been reloaded:
  1) mpi4py/3.0.3

The following have been reloaded with a version change:
  1) StdEnv/2016.4 => StdEnv/2020           4) intel/2016.4 => intel/2020.1.217
  2) gcccore/.5.4.0 => gcccore/.9.3.0       5) openmpi/2.1.1 => openmpi/4.0.3
  3) imkl/11.3.4.258 => imkl/2020.1.217


Activating Modules:
  1) python/3.7.7

-e, Name specified, using EXP=hpc_02c
-s, Number of simulations specified, using SIMS=5
-c, Number of cores specified, using CORES=2
-a, Will not ask before overwriting files
-r, Run the simulation
-m, Merge the data
-o, Post-process data

--Checking experiment directory--
Experiment folder exists

--Running simulation 0--
--Running simulation 1--
--Running simulation 2--
--Running simulation 3--
--Running simulation 4--
-e, Name specified, using EXP=hpc_02c
-i, Simulation ID specified, using ID=0
-n, No simulation name specified, using NAME=000_hpc_02c
-s, Number of simulations specified, using SIMS=5
-c, Number of cores specified, using CORES=2
-a, Will not ask before overwriting files
-r, Run the simulation
-m, Merge the data
-o, Post-process data

-e, Name specified, using EXP=hpc_02c
0-Checking experiment directory-
-i, Simulation ID specified, using ID=1
Experiment folder exists
-n, No simulation name specified, using NAME=001_hpc_02c
-s, Number of simulations specified, using SIMS=5
-c, Number of cores specified, using CORES=2
-a, Will not ask before overwriting files
Experiment for hpc_02c exists
-r, Run the simulation
Overwriting code files
-m, Merge the data
-o, Post-process data

1-Checking experiment directory-
Experiment folder exists
Experiment for hpc_02c exists
Overwriting code files
-e, Name specified, using EXP=hpc_02c
-i, Simulation ID specified, using ID=2
-n, No simulation name specified, using NAME=002_hpc_02c
-s, Number of simulations specified, using SIMS=5
-c, Number of cores specified, using CORES=2
-a, Will not ask before overwriting files
-r, Run the simulation
-m, Merge the data
-o, Post-process data

2-Checking experiment directory-
Experiment folder exists
-e, Name specified, using EXP=hpc_02c
Experiment for hpc_02c exists
-i, Simulation ID specified, using ID=3
Overwriting code files
-n, No simulation name specified, using NAME=003_hpc_02c
-s, Number of simulations specified, using SIMS=5
-c, Number of cores specified, using CORES=2
-a, Will not ask before overwriting files
-r, Run the simulation
-m, Merge the data
-o, Post-process data

3-Checking experiment directory-
Experiment folder exists
Experiment for hpc_02c exists
Overwriting code files
-e, Name specified, using EXP=hpc_02c
-i, Simulation ID specified, using ID=4
-n, No simulation name specified, using NAME=004_hpc_02c
-s, Number of simulations specified, using SIMS=5
-c, Number of cores specified, using CORES=2
-a, Will not ask before overwriting files
-r, Run the simulation
-m, Merge the data
-o, Post-process data

4-Checking experiment directory-
Experiment folder exists
Experiment for hpc_02c exists
Overwriting code files
Copying code files to experiment directory
Copying code files to experiment directory
Copying code files to experiment directory
Copying code files to experiment directory
Copying code files to experiment directory
cp: cp: cannot create regular file '_experiments/hpc_02c/write_params.py'cannot create regular file '_experiments/hpc_02c/write_params.py'cp: cannot create regular file '_experiments/hpc_02c/write_params.py': File exists: File exists

: File exists
cp: cannot create regular file '_experiments/hpc_02c/main.py': File exists
cp: cannot create regular file '_experiments/hpc_02c/main.py': File exists
cp: cannot create regular file '_experiments/hpc_02c/switchboard.py': File exists
cp: cannot create regular file '_experiments/hpc_02c/helper_functions.py': File exists
cp: cannot create regular file '_experiments/hpc_02c/helper_functions.py': File exists
cp: cannot create regular file '_experiments/hpc_02c/helper_functions.py': File exists
cp: cannot create regular file '_experiments/hpc_02c/helper_functions.py': File exists
cp: cannot create regular file '_experiments/hpc_02c/post_process.py': File exists
cp: cannot create regular file '_experiments/hpc_02c/post_process.py': File exists
cp: cannot create regular file '_experiments/hpc_02c/post_process.py'cp: : File existscannot create regular file '_experiments/hpc_02c/post_process.py'
: File exists
cp: cannot create regular file '_experiments/hpc_02c/plot_slices.py'cp: : File existscannot create regular file '_experiments/hpc_02c/plot_slices.py'
: File exists
cp: cp: cannot create regular file '_experiments/hpc_02c/plot_slices.py'cannot create regular file '_experiments/hpc_02c/plot_slices.py': File exists: File exists

cp: cannot create regular file '_experiments/hpc_02c/create_gif.py': File exists

4-Navigating to experiment directory-
/home/mschee/projects/def-ngrisoua/mschee/Dedalus_repos/1D_measure_T/_experiments/hpc_02c

4-Checking simulation directory-
Simulation for 004_hpc_02c exists
Overwriting simulation switchboard

3-Navigating to experiment directory-
/home/mschee/projects/def-ngrisoua/mschee/Dedalus_repos/1D_measure_T/_experiments/hpc_02c

3-Checking simulation directory-

1-Navigating to experiment directory-
/home/mschee/projects/def-ngrisoua/mschee/Dedalus_repos/1D_measure_T/_experiments/hpc_02c


2-Navigating to experiment directory-
1-Checking simulation directory-
/home/mschee/projects/def-ngrisoua/mschee/Dedalus_repos/1D_measure_T/_experiments/hpc_02c

2-Checking simulation directory-

Simulation for 003_hpc_02c exists
0-Navigating to experiment directory-
Overwriting simulation switchboard
/home/mschee/projects/def-ngrisoua/mschee/Dedalus_repos/1D_measure_T/_experiments/hpc_02c

0-Checking simulation directory-
Simulation for 001_hpc_02c exists
Overwriting simulation switchboard
Simulation for 002_hpc_02c exists
Overwriting simulation switchboard
Simulation for 000_hpc_02c exists
Overwriting simulation switchboard

3-Writing parameters file-

1-Writing parameters file-

0-Writing parameters file-

4-Writing parameters file-

2-Writing parameters file-

0-Running script-

2-Running script-
Removing old snapshots
Removing old snapshots

3-Running script-
Removing old snapshots

1-Running script-

4-Running script-
Removing old snapshots
Removing old snapshots
Running Dedalus script
Running Dedalus script
Running Dedalus script
Running Dedalus script
Running Dedalus script
[1607376886.078868] [gra94:29150:0]          ib_md.c:325  UCX  ERROR ibv_reg_mr(address=0x2ae61c200000, length=39845888, access=0xf) failed: Cannot allocate memory
[1607376886.090454] [gra94:29149:0]          ib_md.c:325  UCX  ERROR ibv_reg_mr(address=0x2b47dc000000, length=39845888, access=0xf) failed: Cannot allocate memory
[1607376887.823925] [gra94:29150:0]          mpool.c:191  UCX  ERROR Failed to allocate memory pool (name=rc_recv_desc) chunk: Input/output error
[1607376888.149835] [gra94:29149:0]          mpool.c:191  UCX  ERROR Failed to allocate memory pool (name=rc_recv_desc) chunk: Input/output error
run.sh: line 263: 29149 Killed                  ${python_command} $code_file $NAME $ID $switchboard $PLT

Done running script

2-Merging snapshots-
Checking for snapshots in directory: 002_hpc_02c/snapshots
Cannot find snapshots. Aborting script
[1607376892.229016] [gra94:29150:0]          ib_md.c:325  UCX  ERROR ibv_reg_mr(address=0x2ae61ea00000, length=39845888, access=0xf) failed: Cannot allocate memory
[1607376892.250763] [gra94:29159:0]          ib_md.c:325  UCX  ERROR ibv_reg_mr(address=0x2ab69c000000, length=39845888, access=0xf) failed: Cannot allocate memory
[1607376892.251802] [gra94:29157:0]          ib_md.c:325  UCX  ERROR ibv_reg_mr(address=0x2b76aea00000, length=39845888, access=0xf) failed: Cannot allocate memory
[1607376892.251707] [gra94:29158:0]          ib_md.c:325  UCX  ERROR ibv_reg_mr(address=0x2b43d4000000, length=39845888, access=0xf) failed: Cannot allocate memory
[1607376892.700420] [gra94:29150:0]          mpool.c:191  UCX  ERROR Failed to allocate memory pool (name=rc_recv_desc) chunk: Input/output error
[1607376892.704006] [gra94:29159:0]          mpool.c:191  UCX  ERROR Failed to allocate memory pool (name=rc_recv_desc) chunk: Input/output error
[1607376893.164764] [gra94:29157:0]          mpool.c:191  UCX  ERROR Failed to allocate memory pool (name=rc_recv_desc) chunk: Input/output error
[1607376893.587838] [gra94:29158:0]          mpool.c:191  UCX  ERROR Failed to allocate memory pool (name=rc_recv_desc) chunk: Input/output error

Done running script

3-Merging snapshots-
Checking for snapshots in directory: 003_hpc_02c/snapshots
Cannot find snapshots. Aborting script
run.sh: line 263: 29158 Killed                  ${python_command} $code_file $NAME $ID $switchboard $PLT

Done running script

4-Merging snapshots-
Checking for snapshots in directory: 004_hpc_02c/snapshots
Cannot find snapshots. Aborting script
mL= 0.0
2020-12-07 16:35:05,456 pencil 0/1 INFO :: Building pencil matrix 1/1 (~100%) Elapsed: 1s, Remaining: 0s, Rate: 1.9e+00/s
2020-12-07 16:35:05,457 __main__ 0/1 INFO :: Solver built
2020-12-07 16:35:05,460 __main__ 0/1 INFO :: Sim end period: 23.000000
2020-12-07 16:35:05,460 __main__ 0/1 INFO :: Starting loop
mL= 1.25
2020-12-07 16:35:05,464 pencil 0/1 INFO :: Building pencil matrix 1/1 (~100%) Elapsed: 1s, Remaining: 0s, Rate: 1.9e+00/s
2020-12-07 16:35:05,465 __main__ 0/1 INFO :: Solver built
2020-12-07 16:35:05,468 __main__ 0/1 INFO :: Sim end period: 23.000000
2020-12-07 16:35:05,468 __main__ 0/1 INFO :: Starting loop
2020-12-07 16:35:06,946 __main__ 0/1 INFO :: Iteration: 100, t/T: 1.562500e+00, dt/T: 1.562500e-02
2020-12-07 16:35:06,969 __main__ 0/1 INFO :: Iteration: 100, t/T: 1.562500e+00, dt/T: 1.562500e-02
2020-12-07 16:35:07,824 __main__ 0/1 INFO :: Iteration: 200, t/T: 3.125000e+00, dt/T: 1.562500e-02
2020-12-07 16:35:07,865 __main__ 0/1 INFO :: Iteration: 200, t/T: 3.125000e+00, dt/T: 1.562500e-02
2020-12-07 16:35:08,700 __main__ 0/1 INFO :: Iteration: 300, t/T: 4.687500e+00, dt/T: 1.562500e-02
2020-12-07 16:35:08,875 __main__ 0/1 INFO :: Iteration: 300, t/T: 4.687500e+00, dt/T: 1.562500e-02
2020-12-07 16:35:09,611 __main__ 0/1 INFO :: Iteration: 400, t/T: 6.250000e+00, dt/T: 1.562500e-02
2020-12-07 16:35:09,790 __main__ 0/1 INFO :: Iteration: 400, t/T: 6.250000e+00, dt/T: 1.562500e-02
2020-12-07 16:35:10,514 __main__ 0/1 INFO :: Iteration: 500, t/T: 7.812500e+00, dt/T: 1.562500e-02
2020-12-07 16:35:10,704 __main__ 0/1 INFO :: Iteration: 500, t/T: 7.812500e+00, dt/T: 1.562500e-02
2020-12-07 16:35:11,391 __main__ 0/1 INFO :: Iteration: 600, t/T: 9.375000e+00, dt/T: 1.562500e-02
2020-12-07 16:35:11,650 __main__ 0/1 INFO :: Iteration: 600, t/T: 9.375000e+00, dt/T: 1.562500e-02
2020-12-07 16:35:12,278 __main__ 0/1 INFO :: Iteration: 700, t/T: 1.093750e+01, dt/T: 1.562500e-02
2020-12-07 16:35:12,551 __main__ 0/1 INFO :: Iteration: 700, t/T: 1.093750e+01, dt/T: 1.562500e-02
2020-12-07 16:35:13,233 __main__ 0/1 INFO :: Iteration: 800, t/T: 1.250000e+01, dt/T: 1.562500e-02
2020-12-07 16:35:13,459 __main__ 0/1 INFO :: Iteration: 800, t/T: 1.250000e+01, dt/T: 1.562500e-02
2020-12-07 16:35:14,121 __main__ 0/1 INFO :: Iteration: 900, t/T: 1.406250e+01, dt/T: 1.562500e-02
2020-12-07 16:35:14,410 __main__ 0/1 INFO :: Iteration: 900, t/T: 1.406250e+01, dt/T: 1.562500e-02
2020-12-07 16:35:15,003 __main__ 0/1 INFO :: Iteration: 1000, t/T: 1.562500e+01, dt/T: 1.562500e-02
2020-12-07 16:35:15,511 __main__ 0/1 INFO :: Iteration: 1000, t/T: 1.562500e+01, dt/T: 1.562500e-02
2020-12-07 16:35:15,961 __main__ 0/1 INFO :: Iteration: 1100, t/T: 1.718750e+01, dt/T: 1.562500e-02
2020-12-07 16:35:16,463 __main__ 0/1 INFO :: Iteration: 1100, t/T: 1.718750e+01, dt/T: 1.562500e-02
2020-12-07 16:35:16,882 __main__ 0/1 INFO :: Iteration: 1200, t/T: 1.875000e+01, dt/T: 1.562500e-02
2020-12-07 16:35:17,391 __main__ 0/1 INFO :: Iteration: 1200, t/T: 1.875000e+01, dt/T: 1.562500e-02
2020-12-07 16:35:17,971 __main__ 0/1 INFO :: Iteration: 1300, t/T: 2.031250e+01, dt/T: 1.562500e-02
2020-12-07 16:35:18,290 __main__ 0/1 INFO :: Iteration: 1300, t/T: 2.031250e+01, dt/T: 1.562500e-02
2020-12-07 16:35:18,904 __main__ 0/1 INFO :: Iteration: 1400, t/T: 2.187500e+01, dt/T: 1.562500e-02
2020-12-07 16:35:19,183 __main__ 0/1 INFO :: Iteration: 1400, t/T: 2.187500e+01, dt/T: 1.562500e-02
2020-12-07 16:35:19,559 solvers 0/1 INFO :: Simulation stop time reached.
2020-12-07 16:35:19,560 __main__ 0/1 INFO :: Iterations: 1472
2020-12-07 16:35:19,560 __main__ 0/1 INFO :: Sim end period: 23.000000
2020-12-07 16:35:19,560 __main__ 0/1 INFO :: Run time: 14.09 sec
2020-12-07 16:35:19,560 __main__ 0/1 INFO :: Run time: 0.003914 cpu-hr
2020-12-07 16:35:19,864 solvers 0/1 INFO :: Simulation stop time reached.
2020-12-07 16:35:19,864 __main__ 0/1 INFO :: Iterations: 1472
2020-12-07 16:35:19,864 __main__ 0/1 INFO :: Sim end period: 23.000000
2020-12-07 16:35:19,864 __main__ 0/1 INFO :: Run time: 14.40 sec
2020-12-07 16:35:19,864 __main__ 0/1 INFO :: Run time: 0.004001 cpu-hr

Done running script

Done running script

0-Merging snapshots-
Checking for snapshots in directory: 000_hpc_02c/snapshots

1-Merging snapshots-
Checking for snapshots in directory: 001_hpc_02c/snapshots
Found snapshots
Found snapshots
Merging snapshots
Merging snapshots
2020-12-07 16:35:23,322 post 0/2 INFO :: Merging files from 000_hpc_02c/snapshots
2020-12-07 16:35:23,321 post 0/2 INFO :: Merging files from 001_hpc_02c/snapshots
2020-12-07 16:35:24,615 post 0/2 INFO :: Creating joint file 000_hpc_02c/snapshots/consolidated_analysis.h5
2020-12-07 16:35:24,627 post 0/2 INFO :: Creating joint file 001_hpc_02c/snapshots/consolidated_analysis.h5
Done merging snapshots
Done merging snapshots

1-Post processing-
Checking for snapshots in directory: 001_hpc_02c/snapshots
Snapshots found
Running post processing script

0-Post processing-
Checking for snapshots in directory: 000_hpc_02c/snapshots
Snapshots found
Running post processing script
nt is not a power of 2: 284
(n_layers = 1 (mL = 0.0 , theta = 0.7853981633974483 )
Simulated transmission coefficient is: 1.0133541328483495
AnaEq 2.4 transmission coefficient is: 1.0
nt is not a power of 2: 284
(n_layers = 1 (mL = 1.25 , theta = 0.7853981633974483 )
Simulated transmission coefficient is: 0.32952243261109004
AnaEq 2.4 transmission coefficient is: 0.28041486618043265
Done post processing
Done post processing

1-Done running simulation


0-Done running simulation


--Plotting transmission coefficients--
Checking for csv data file
Data found
Plotting experiment data
2020-12-07 16:35:36,555 matplotlib.mathtext 0/1 INFO :: Substituting symbol T from STIXNonUnicode
2020-12-07 16:35:36,571 matplotlib.mathtext 0/1 INFO :: Substituting symbol T from STIXNonUnicode
2020-12-07 16:35:36,590 matplotlib.mathtext 0/1 INFO :: Substituting symbol T from STIXNonUnicode
Done plotting

Done running experiment

slurmstepd: error: Detected 37 oom-kill event(s) in step 41631119.batch cgroup. Some of your processes may have been killed by the cgroup out-of-memory handler.
