Launched script: 2020-12-07_14h05

Inactive Modules:
  1) python/3.7.4

Due to MODULEPATH changes, the following have been reloaded:
  1) mpi4py/3.0.3

The following have been reloaded with a version change:
  1) StdEnv/2016.4 => StdEnv/2020           4) intel/2016.4 => intel/2020.1.217
  2) gcccore/.5.4.0 => gcccore/.9.3.0       5) openmpi/2.1.1 => openmpi/4.0.3
  3) imkl/11.3.4.258 => imkl/2020.1.217


Activating Modules:
  1) python/3.7.7

-e, Name specified, using EXP=hpc_02c
-s, Number of simulations specified, using SIMS=5
-c, Number of cores specified, using CORES=2
-a, Will not ask before overwriting files
-r, Run the simulation
-m, Merge the data
-o, Post-process data

--Checking experiment directory--
Experiment folder exists

--Running simulation 0--
-e, Name specified, using EXP=hpc_02c
-i, Simulation ID specified, using ID=0
-n, No simulation name specified, using NAME=000_hpc_02c
-s, Number of simulations specified, using SIMS=5
-c, Number of cores specified, using CORES=2
-a, Will not ask before overwriting files
-r, Run the simulation
-m, Merge the data
-o, Post-process data

-Checking experiment directory-
Experiment folder exists
Experiment for hpc_02c exists
Overwriting code files
Copying code files to experiment directory

-Navigating to experiment directory-
/home/mschee/projects/def-ngrisoua/mschee/Dedalus_repos/1D_measure_T/_experiments/hpc_02c

-Checking simulation directory-
Simulation for 000_hpc_02c exists
Overwriting simulation switchboard

-Writing parameters file-

-Running script-
Removing old snapshots
Running Dedalus script
mL= 0.0
2020-12-07 14:06:03,907 pencil 0/1 INFO :: Building pencil matrix 1/1 (~100%) Elapsed: 0s, Remaining: 0s, Rate: 2.0e+00/s
2020-12-07 14:06:03,908 __main__ 0/1 INFO :: Solver built
2020-12-07 14:06:03,910 __main__ 0/1 INFO :: Sim end period: 23.000000
2020-12-07 14:06:03,910 __main__ 0/1 INFO :: Starting loop
2020-12-07 14:06:05,584 __main__ 0/1 INFO :: Iteration: 100, t/T: 1.562500e+00, dt/T: 1.562500e-02
2020-12-07 14:06:06,799 __main__ 0/1 INFO :: Iteration: 200, t/T: 3.125000e+00, dt/T: 1.562500e-02
2020-12-07 14:06:07,954 __main__ 0/1 INFO :: Iteration: 300, t/T: 4.687500e+00, dt/T: 1.562500e-02
2020-12-07 14:06:09,210 __main__ 0/1 INFO :: Iteration: 400, t/T: 6.250000e+00, dt/T: 1.562500e-02
2020-12-07 14:06:10,472 __main__ 0/1 INFO :: Iteration: 500, t/T: 7.812500e+00, dt/T: 1.562500e-02
2020-12-07 14:06:11,746 __main__ 0/1 INFO :: Iteration: 600, t/T: 9.375000e+00, dt/T: 1.562500e-02
2020-12-07 14:06:12,976 __main__ 0/1 INFO :: Iteration: 700, t/T: 1.093750e+01, dt/T: 1.562500e-02
2020-12-07 14:06:14,188 __main__ 0/1 INFO :: Iteration: 800, t/T: 1.250000e+01, dt/T: 1.562500e-02
2020-12-07 14:06:15,429 __main__ 0/1 INFO :: Iteration: 900, t/T: 1.406250e+01, dt/T: 1.562500e-02
2020-12-07 14:06:16,634 __main__ 0/1 INFO :: Iteration: 1000, t/T: 1.562500e+01, dt/T: 1.562500e-02
2020-12-07 14:06:17,873 __main__ 0/1 INFO :: Iteration: 1100, t/T: 1.718750e+01, dt/T: 1.562500e-02
2020-12-07 14:06:19,049 __main__ 0/1 INFO :: Iteration: 1200, t/T: 1.875000e+01, dt/T: 1.562500e-02
2020-12-07 14:06:20,260 __main__ 0/1 INFO :: Iteration: 1300, t/T: 2.031250e+01, dt/T: 1.562500e-02
2020-12-07 14:06:21,461 __main__ 0/1 INFO :: Iteration: 1400, t/T: 2.187500e+01, dt/T: 1.562500e-02
2020-12-07 14:06:22,323 solvers 0/1 INFO :: Simulation stop time reached.
2020-12-07 14:06:22,324 __main__ 0/1 INFO :: Iterations: 1472
2020-12-07 14:06:22,324 __main__ 0/1 INFO :: Sim end period: 23.000000
2020-12-07 14:06:22,324 __main__ 0/1 INFO :: Run time: 18.41 sec
2020-12-07 14:06:22,324 __main__ 0/1 INFO :: Run time: 0.005115 cpu-hr

Done running script

-Merging snapshots-
Checking for snapshots in directory: 000_hpc_02c/snapshots
Found snapshots
Merging snapshots
2020-12-07 14:06:26,320 post 0/2 INFO :: Merging files from 000_hpc_02c/snapshots
2020-12-07 14:06:27,174 post 0/2 INFO :: Creating joint file 000_hpc_02c/snapshots/consolidated_analysis.h5
Done merging snapshots

-Post processing-
Checking for snapshots in directory: 000_hpc_02c/snapshots
Snapshots found
Running post processing script
T_cutoff =  15
t =  [  0.           0.27768018   0.55536037   0.83304055   1.11072073
   1.38840092   1.52724101   1.80492119   2.08260138   2.36028156
   2.63796174   2.77680184   3.05448202   3.3321622    3.60984239
   3.88752257   4.02636266   4.30404285   4.58172303   4.85940321
   5.1370834    5.27592349   5.55360367   5.83128386   6.10896404
   6.38664422   6.52548432   6.8031645    7.08084468   7.35852487
   7.63620505   7.77504514   8.05272533   8.33040551   8.60808569
   8.88576588   9.02460597   9.30228615   9.57996634   9.85764652
  10.1353267   10.27416679  10.55184698  10.82952716  11.10720735
  11.38488753  11.52372762  11.8014078   12.07908799  12.35676817
  12.63444836  12.77328845  13.05096863  13.32864881  13.606329
  13.88400918  14.02284927  14.30052946  14.57820964  14.85588982
  15.13357001  15.2724101   15.55009028  15.82777047  16.10545065
  16.38313083  16.52197093  16.79965111  17.07733129  17.35501148
  17.63269166  17.77153175  18.04921194  18.32689212  18.6045723
  18.88225249  19.02109258  19.29877276  19.57645295  19.85413313
  20.13181331  20.27065341  20.54833359  20.82601377  21.10369396
  21.38137414  21.52021423  21.79789442  22.0755746   22.35325478
  22.63093497  22.76977506  23.04745524  23.32513543  23.60281561
  23.88049579  24.01933588  24.29701607  24.57469625  24.85237644
  25.13005662  25.26889671  25.54657689  25.82425708  26.10193726
  26.37961745  26.51845754  26.79613772  27.0738179   27.35149809
  27.62917827  27.76801836  28.04569855  28.32337873  28.60105891
  28.8787391   29.01757919  29.29525937  29.57293956  29.85061974
  30.12829992  30.26714002  30.5448202   30.82250038  31.10018057
  31.37786075  31.51670084  31.79438103  32.07206121  32.34974139
  32.62742158  32.76626167  33.04394185  33.32162204  33.59930222
  33.8769824   34.0158225   34.29350268  34.57118286  34.84886305
  35.12654323  35.26538332  35.54306351  35.82074369  36.09842387
  36.37610406  36.51494415  36.79262433  37.07030452  37.3479847
  37.62566488  37.76450497  38.04218516  38.31986534  38.59754553
  38.87522571  39.0140658   39.29174598  39.56942617  39.84710635
  40.12478654  40.26362663  40.54130681  40.81898699  41.09666718
  41.37434736  41.51318745  41.79086764  42.06854782  42.346228
  42.62390819  42.76274828  43.04042846  43.31810865  43.59578883
  43.87346901  44.01230911  44.28998929  44.56766947  44.84534966
  45.12302984  45.26186993  45.53955012  45.8172303   46.09491048
  46.37259067  46.51143076  46.78911094  47.06679113  47.34447131
  47.62215149  47.76099159  48.03867177  48.31635195  48.59403214
  48.87171232  49.01055241  49.2882326   49.56591278  49.84359296
  50.12127315  50.26011324  50.53779342  50.81547361  51.09315379
  51.37083397  51.50967406  51.78735425  52.06503443  52.34271462
  52.6203948   52.75923489  53.03691507  53.31459526  53.59227544
  53.86995563  54.00879572  54.2864759   54.56415608  54.84183627
  55.11951645  55.25835654  55.53603673  55.81371691  56.09139709
  56.36907728  56.50791737  56.78559755  57.06327774  57.34095792
  57.6186381   57.7574782   58.03515838  58.31283856  58.59051875
  58.86819893  59.00703902  59.28471921  59.56239939  59.84007957
  60.11775976  60.25659985  60.53428003  60.81196022  61.0896404
  61.36732058  61.50616068  61.78384086  62.06152104  62.33920123
  62.61688141  62.7557215   63.03340169  63.31108187  63.58876205
  63.86644224  64.00528233  64.28296251  64.5606427   64.83832288
  65.11600306  65.25484315  65.53252334  65.81020352  66.08788371
  66.36556389  66.50440398  66.78208416  67.05976435  67.33744453
  67.61512472  67.75396481  68.03164499  68.30932517  68.58700536
  68.86468554  69.00352563  69.28120582  69.558886    69.83656618
  70.11424637  70.25308646  70.53076664  70.80844683  71.08612701
  71.36380719  71.50264729  71.78032747  72.05800765  72.33568784
  72.61336802  72.75220811  73.0298883   73.30756848  73.58524866
  73.86292885  74.00176894  74.27944912  74.55712931  74.83480949
  75.11248967  75.25132977  75.52900995  75.80669013  76.08437032
  76.3620505   76.50089059  76.77857078  77.05625096  77.33393114
  77.61161133  77.75045142  78.0281316   78.30581179  78.58349197
  78.86117215  79.00001224  79.27769243  79.55537261  79.8330528
  80.11073298  80.38841316  80.52725325  80.80493344  81.08261362
  81.36029381  81.63797399  81.77681408  82.05449426  82.33217445
  82.60985463  82.88753482  83.02637491  83.30405509  83.58173527
  83.85941546  84.13709564  84.27593573  84.55361592  84.8312961
  85.10897628  85.38665647  85.52549656  85.80317674  86.08085693
  86.35853711  86.63621729  86.77505739  87.05273757  87.33041775
  87.60809794  87.88577812  88.02461821  88.3022984   88.57997858
  88.85765876  89.13533895  89.27417904  89.55185922  89.82953941
  90.10721959  90.38489977  90.52373986  90.80142005  91.07910023
  91.35678042  91.6344606   91.77330069  92.05098087  92.32866106
  92.60634124  92.88402143  93.02286152  93.3005417   93.57822188
  93.85590207  94.13358225  94.27242234  94.55010253  94.82778271
  95.10546289  95.38314308  95.52198317  95.79966335  96.07734354
  96.35502372  96.6327039   96.771544    97.04922418  97.32690436
  97.60458455  97.88226473  98.02110482  98.29878501  98.57646519
  98.85414537  99.13182556  99.27066565  99.54834583  99.82602602
 100.1037062  100.38138638 100.52022648 100.79790666 101.07558684
 101.35326703 101.63094721 101.7697873  102.04746749 102.32514767
 102.60282785 102.88050804 103.01934813 103.29702831 103.5747085
 103.85238868 104.13006886 104.26890895 104.54658914 104.82426932
 105.10194951 105.37962969 105.51846978 105.79614996 106.07383015
 106.35151033 106.62919052 106.76803061 107.04571079 107.32339097
 107.60107116 107.87875134 108.01759143 108.29527162 108.5729518
 108.85063198 109.12831217 109.26715226 109.54483244 109.82251263
 110.10019281 110.37787299 110.51671309 110.79439327 111.07207345
 111.34975364 111.62743382 111.76627391 112.0439541  112.32163428
 112.59931446 112.87699465 113.01583474 113.29351492 113.57119511
 113.84887529 114.12655547 114.26539557 114.54307575 114.82075593
 115.09843612 115.3761163  115.51495639 115.79263658 116.07031676
 116.34799694 116.62567713 116.76451722 117.0421974  117.31987759
 117.59755777 117.87523795 118.01407804 118.29175823 118.56943841
 118.8471186  119.12479878 119.26363887 119.54131905 119.81899924
 120.09667942 120.37435961 120.5131997  120.79087988 121.06856006
 121.34624025 121.62392043 121.76276052 122.04044071 122.31812089
 122.59580107 122.87348126 123.01232135 123.29000153 123.56768172
 123.8453619  124.12304208 124.26188218 124.53956236 124.81724254
 125.09492273 125.37260291 125.511443   125.78912319 126.06680337
 126.34448355 126.62216374 126.76100383 127.03868401 127.3163642
 127.59404438 127.87172456 128.01056466 128.28824484 128.56592502
 128.84360521 129.12128539 129.26012548 129.53780567 129.81548585
 130.09316603 130.37084622 130.50968631 130.78736649 131.06504668
 131.34272686 131.62040704 131.75924713 132.03692732 132.3146075
 132.59228769 132.86996787 133.00880796 133.28648814 133.56416833
 133.84184851 134.1195287  134.25836879 134.53604897 134.81372915
 135.09140934 135.36908952 135.50792961 135.7856098  136.06328998
 136.34097016 136.61865035 136.75749044 137.03517062 137.31285081
 137.59053099 137.86821117 138.00705127 138.28473145 138.56241163
 138.84009182 139.117772   139.25661209 139.53429228 139.81197246
 140.08965264 140.36733283 140.50617292 140.7838531  141.06153329
 141.33921347 141.61689365 141.75573375 142.03341393 142.31109411
 142.5887743  142.86645448 143.00529457 143.28297476 143.56065494
 143.83833512 144.11601531 144.2548554  144.53253558 144.81021577
 145.08789595 145.36557613 145.50441622 145.78209641 146.05977659
 146.33745678 146.61513696 146.75397705 147.03165723 147.30933742
 147.5870176  147.86469779 148.00353788 148.28121806 148.55889824
 148.83657843 149.11425861 149.2530987  149.53077889 149.80845907
 150.08613925 150.36381944 150.50265953 150.78033971 151.0580199
 151.33570008 151.61338026 151.75222036 152.02990054 152.30758072
 152.58526091 152.86294109 153.00178118 153.27946137 153.55714155
 153.83482173 154.11250192 154.25134201 154.52902219 154.80670238
 155.08438256 155.36206274 155.50090284 155.77858302 156.0562632
 156.33394339 156.61162357 156.75046366 157.02814385 157.30582403
 157.58350421 157.8611844  158.00002449 158.27770467 158.55538486
 158.83306504 159.11074522 159.38842541 159.5272655  159.80494568
 160.08262587 160.36030605 160.63798623 160.77682632 161.05450651
 161.33218669 161.60986688 161.88754706 162.02638715 162.30406733
 162.58174752 162.8594277  163.13710789 163.27594798 163.55362816
 163.83130834 164.10898853 164.38666871 164.5255088  164.80318899
 165.08086917 165.35854935 165.63622954 165.77506963 166.05274981
 166.33043    166.60811018 166.88579036 167.02463046 167.30231064
 167.57999082 167.85767101 168.13535119 168.27419128 168.55187147
 168.82955165 169.10723183 169.38491202 169.52375211 169.80143229
 170.07911248 170.35679266 170.63447284 170.77331294 171.05099312
 171.3286733  171.60635349 171.88403367 172.02287376 172.30055395
 172.57823413 172.85591431 173.1335945  173.27243459 173.55011477
 173.82779496 174.10547514 174.38315532 174.52199541 174.7996756
 175.07735578 175.35503597 175.63271615 175.77155624 176.04923642
 176.32691661 176.60459679 176.88227698 177.02111707 177.29879725
 177.57647743 177.85415762 178.1318378  178.27067789 178.54835808
 178.82603826 179.10371844 179.38139863 179.52023872 179.7979189
 180.07559909 180.35327927 180.63095945 180.76979955 181.04747973
 181.32515991 181.6028401  181.88052028 182.01936037 182.29704056
 182.57472074 182.85240092 183.13008111 183.2689212  183.54660138
 183.82428157 184.10196175 184.37964193 184.51848203 184.79616221
 185.07384239 185.35152258 185.62920276 185.76804285 186.04572304
 186.32340322 186.6010834  186.87876359 187.01760368 187.29528386
 187.57296405 187.85064423 188.12832441 188.2671645  188.54484469
 188.82252487 189.10020506 189.37788524 189.51672533 189.79440551
 190.0720857  190.34976588 190.62744607 190.76628616 191.04396634
 191.32164652 191.59932671 191.87700689 192.01584698 192.29352717
 192.57120735 192.84888753 193.12656772 193.26540781 193.54308799
 193.82076818 194.09844836 194.37612854 194.51496864 194.79264882
 195.070329   195.34800919 195.62568937 195.76452946 196.04220965
 196.31988983 196.59757001 196.8752502  197.01409029 197.29177047
 197.56945066 197.84713084 198.12481102 198.26365112 198.5413313
 198.81901148 199.09669167 199.37437185 199.51321194 199.79089213
 200.06857231 200.34625249 200.62393268 200.76277277 201.04045295
 201.31813314 201.59581332 201.8734935  202.01233359 202.29001378
 202.56769396 202.84537415 203.12305433 203.26189442 203.5395746
 203.81725479 204.09493497]
cutoff_time =  133.286488144751
nt is not a power of 2: 284
(n_layers = 1 (mL = 0.0 , theta = 0.7853981633974483 )
Simulated transmission coefficient is: 1.0133541328483495
AnaEq 2.4 transmission coefficient is: 1.0
Done post processing

Done running simulation

--Running simulation 1--
-e, Name specified, using EXP=hpc_02c
-i, Simulation ID specified, using ID=1
-n, No simulation name specified, using NAME=001_hpc_02c
-s, Number of simulations specified, using SIMS=5
-c, Number of cores specified, using CORES=2
-a, Will not ask before overwriting files
-r, Run the simulation
-m, Merge the data
-o, Post-process data

-Checking experiment directory-
Experiment folder exists
Experiment for hpc_02c exists
Overwriting code files
Copying code files to experiment directory

-Navigating to experiment directory-
/home/mschee/projects/def-ngrisoua/mschee/Dedalus_repos/1D_measure_T/_experiments/hpc_02c

-Checking simulation directory-
Simulation for 001_hpc_02c exists
Overwriting simulation switchboard

-Writing parameters file-

-Running script-
Removing old snapshots
Running Dedalus script
mL= 1.25
2020-12-07 14:06:44,446 pencil 0/1 INFO :: Building pencil matrix 1/1 (~100%) Elapsed: 0s, Remaining: 0s, Rate: 2.1e+00/s
2020-12-07 14:06:44,447 __main__ 0/1 INFO :: Solver built
2020-12-07 14:06:44,449 __main__ 0/1 INFO :: Sim end period: 23.000000
2020-12-07 14:06:44,449 __main__ 0/1 INFO :: Starting loop
2020-12-07 14:06:46,086 __main__ 0/1 INFO :: Iteration: 100, t/T: 1.562500e+00, dt/T: 1.562500e-02
2020-12-07 14:06:47,244 __main__ 0/1 INFO :: Iteration: 200, t/T: 3.125000e+00, dt/T: 1.562500e-02
2020-12-07 14:06:48,517 __main__ 0/1 INFO :: Iteration: 300, t/T: 4.687500e+00, dt/T: 1.562500e-02
2020-12-07 14:06:49,701 __main__ 0/1 INFO :: Iteration: 400, t/T: 6.250000e+00, dt/T: 1.562500e-02
2020-12-07 14:06:50,940 __main__ 0/1 INFO :: Iteration: 500, t/T: 7.812500e+00, dt/T: 1.562500e-02
2020-12-07 14:06:52,211 __main__ 0/1 INFO :: Iteration: 600, t/T: 9.375000e+00, dt/T: 1.562500e-02
2020-12-07 14:06:53,453 __main__ 0/1 INFO :: Iteration: 700, t/T: 1.093750e+01, dt/T: 1.562500e-02
2020-12-07 14:06:54,582 __main__ 0/1 INFO :: Iteration: 800, t/T: 1.250000e+01, dt/T: 1.562500e-02
2020-12-07 14:06:55,763 __main__ 0/1 INFO :: Iteration: 900, t/T: 1.406250e+01, dt/T: 1.562500e-02
2020-12-07 14:06:56,916 __main__ 0/1 INFO :: Iteration: 1000, t/T: 1.562500e+01, dt/T: 1.562500e-02
2020-12-07 14:06:57,910 __main__ 0/1 INFO :: Iteration: 1100, t/T: 1.718750e+01, dt/T: 1.562500e-02
2020-12-07 14:06:58,854 __main__ 0/1 INFO :: Iteration: 1200, t/T: 1.875000e+01, dt/T: 1.562500e-02
2020-12-07 14:06:59,965 __main__ 0/1 INFO :: Iteration: 1300, t/T: 2.031250e+01, dt/T: 1.562500e-02
2020-12-07 14:07:01,105 __main__ 0/1 INFO :: Iteration: 1400, t/T: 2.187500e+01, dt/T: 1.562500e-02
2020-12-07 14:07:01,976 solvers 0/1 INFO :: Simulation stop time reached.
2020-12-07 14:07:01,976 __main__ 0/1 INFO :: Iterations: 1472
2020-12-07 14:07:01,976 __main__ 0/1 INFO :: Sim end period: 23.000000
2020-12-07 14:07:01,977 __main__ 0/1 INFO :: Run time: 17.53 sec
2020-12-07 14:07:01,977 __main__ 0/1 INFO :: Run time: 0.004869 cpu-hr

Done running script

-Merging snapshots-
Checking for snapshots in directory: 001_hpc_02c/snapshots
Found snapshots
Merging snapshots
2020-12-07 14:07:06,635 post 0/2 INFO :: Merging files from 001_hpc_02c/snapshots
2020-12-07 14:07:07,382 post 0/2 INFO :: Creating joint file 001_hpc_02c/snapshots/consolidated_analysis.h5
Done merging snapshots

-Post processing-
Checking for snapshots in directory: 001_hpc_02c/snapshots
Snapshots found
Running post processing script
T_cutoff =  15
t =  [193.82076818 194.09844836 194.37612854 194.51496864 194.79264882
 195.070329   195.34800919 195.62568937 195.76452946 196.04220965
 196.31988983 196.59757001 196.8752502  197.01409029 197.29177047
 197.56945066 197.84713084 198.12481102 198.26365112 198.5413313
 198.81901148 199.09669167 199.37437185 199.51321194 199.79089213]
cutoff_time =  133.286488144751
Traceback (most recent call last):
  File "post_process.py", line 116, in <module>
    t_tr, psi_tr = hf.trim_data_t(t, psi_tr, T_cutoff, T)
  File "/project/6002522/mschee/Dedalus_repos/1D_measure_T/_experiments/hpc_02c/helper_functions.py", line 273, in trim_data_t
    idx_cutoff = find_nearest_index(t_array, cutoff_time)
  File "/project/6002522/mschee/Dedalus_repos/1D_measure_T/_experiments/hpc_02c/helper_functions.py", line 42, in find_nearest_index
    raise Error("Value to the left of index range")
helper_functions.Error: Value to the left of index range
Done post processing

Done running simulation

--Running simulation 2--
-e, Name specified, using EXP=hpc_02c
-i, Simulation ID specified, using ID=2
-n, No simulation name specified, using NAME=002_hpc_02c
-s, Number of simulations specified, using SIMS=5
-c, Number of cores specified, using CORES=2
-a, Will not ask before overwriting files
-r, Run the simulation
-m, Merge the data
-o, Post-process data

-Checking experiment directory-
Experiment folder exists
Experiment for hpc_02c exists
Overwriting code files
Copying code files to experiment directory

-Navigating to experiment directory-
/home/mschee/projects/def-ngrisoua/mschee/Dedalus_repos/1D_measure_T/_experiments/hpc_02c

-Checking simulation directory-
Simulation for 002_hpc_02c exists
Overwriting simulation switchboard

-Writing parameters file-

-Running script-
Removing old snapshots
Running Dedalus script
mL= 2.5
2020-12-07 14:07:28,406 pencil 0/1 INFO :: Building pencil matrix 1/1 (~100%) Elapsed: 0s, Remaining: 0s, Rate: 2.0e+00/s
2020-12-07 14:07:28,407 __main__ 0/1 INFO :: Solver built
2020-12-07 14:07:28,409 __main__ 0/1 INFO :: Sim end period: 23.000000
2020-12-07 14:07:28,409 __main__ 0/1 INFO :: Starting loop
2020-12-07 14:07:30,127 __main__ 0/1 INFO :: Iteration: 100, t/T: 1.562500e+00, dt/T: 1.562500e-02
2020-12-07 14:07:31,396 __main__ 0/1 INFO :: Iteration: 200, t/T: 3.125000e+00, dt/T: 1.562500e-02
2020-12-07 14:07:32,622 __main__ 0/1 INFO :: Iteration: 300, t/T: 4.687500e+00, dt/T: 1.562500e-02
2020-12-07 14:07:33,870 __main__ 0/1 INFO :: Iteration: 400, t/T: 6.250000e+00, dt/T: 1.562500e-02
2020-12-07 14:07:35,057 __main__ 0/1 INFO :: Iteration: 500, t/T: 7.812500e+00, dt/T: 1.562500e-02
2020-12-07 14:07:36,265 __main__ 0/1 INFO :: Iteration: 600, t/T: 9.375000e+00, dt/T: 1.562500e-02
2020-12-07 14:07:37,539 __main__ 0/1 INFO :: Iteration: 700, t/T: 1.093750e+01, dt/T: 1.562500e-02
2020-12-07 14:07:38,757 __main__ 0/1 INFO :: Iteration: 800, t/T: 1.250000e+01, dt/T: 1.562500e-02
2020-12-07 14:07:39,981 __main__ 0/1 INFO :: Iteration: 900, t/T: 1.406250e+01, dt/T: 1.562500e-02
2020-12-07 14:07:41,168 __main__ 0/1 INFO :: Iteration: 1000, t/T: 1.562500e+01, dt/T: 1.562500e-02
2020-12-07 14:07:42,361 __main__ 0/1 INFO :: Iteration: 1100, t/T: 1.718750e+01, dt/T: 1.562500e-02
2020-12-07 14:07:43,567 __main__ 0/1 INFO :: Iteration: 1200, t/T: 1.875000e+01, dt/T: 1.562500e-02
2020-12-07 14:07:44,747 __main__ 0/1 INFO :: Iteration: 1300, t/T: 2.031250e+01, dt/T: 1.562500e-02
2020-12-07 14:07:46,018 __main__ 0/1 INFO :: Iteration: 1400, t/T: 2.187500e+01, dt/T: 1.562500e-02
2020-12-07 14:07:46,828 solvers 0/1 INFO :: Simulation stop time reached.
2020-12-07 14:07:46,828 __main__ 0/1 INFO :: Iterations: 1472
2020-12-07 14:07:46,828 __main__ 0/1 INFO :: Sim end period: 23.000000
2020-12-07 14:07:46,828 __main__ 0/1 INFO :: Run time: 18.42 sec
2020-12-07 14:07:46,828 __main__ 0/1 INFO :: Run time: 0.005116 cpu-hr

Done running script

-Merging snapshots-
Checking for snapshots in directory: 002_hpc_02c/snapshots
Found snapshots
Merging snapshots
2020-12-07 14:07:51,140 post 0/2 INFO :: Merging files from 002_hpc_02c/snapshots
2020-12-07 14:07:51,916 post 0/2 INFO :: Creating joint file 002_hpc_02c/snapshots/consolidated_analysis.h5
Done merging snapshots

-Post processing-
Checking for snapshots in directory: 002_hpc_02c/snapshots
Snapshots found
Running post processing script
T_cutoff =  15
t =  [  0.           0.27768018   0.55536037   0.83304055   1.11072073
   1.38840092   1.52724101   1.80492119   2.08260138   2.36028156
   2.63796174   2.77680184   3.05448202   3.3321622    3.60984239
   3.88752257   4.02636266   4.30404285   4.58172303   4.85940321
   5.1370834    5.27592349   5.55360367   5.83128386   6.10896404
   6.38664422   6.52548432   6.8031645    7.08084468   7.35852487
   7.63620505   7.77504514   8.05272533   8.33040551   8.60808569
   8.88576588   9.02460597   9.30228615   9.57996634   9.85764652
  10.1353267   10.27416679  10.55184698  10.82952716  11.10720735
  11.38488753  11.52372762  11.8014078   12.07908799  12.35676817
  12.63444836  12.77328845  13.05096863  13.32864881  13.606329
  13.88400918  14.02284927  14.30052946  14.57820964  14.85588982
  15.13357001  15.2724101   15.55009028  15.82777047  16.10545065
  16.38313083  16.52197093  16.79965111  17.07733129  17.35501148
  17.63269166  17.77153175  18.04921194  18.32689212  18.6045723
  18.88225249  19.02109258  19.29877276  19.57645295  19.85413313
  20.13181331  20.27065341  20.54833359  20.82601377  21.10369396
  21.38137414  21.52021423  21.79789442  22.0755746   22.35325478
  22.63093497  22.76977506  23.04745524  23.32513543  23.60281561
  23.88049579  24.01933588  24.29701607  24.57469625  24.85237644
  25.13005662  25.26889671  25.54657689  25.82425708  26.10193726
  26.37961745  26.51845754  26.79613772  27.0738179   27.35149809
  27.62917827  27.76801836  28.04569855  28.32337873  28.60105891
  28.8787391   29.01757919  29.29525937  29.57293956  29.85061974
  30.12829992  30.26714002  30.5448202   30.82250038  31.10018057
  31.37786075  31.51670084  31.79438103  32.07206121  32.34974139
  32.62742158  32.76626167  33.04394185  33.32162204  33.59930222
  33.8769824   34.0158225   34.29350268  34.57118286  34.84886305
  35.12654323  35.26538332  35.54306351  35.82074369  36.09842387
  36.37610406  36.51494415  36.79262433  37.07030452  37.3479847
  37.62566488  37.76450497  38.04218516  38.31986534  38.59754553
  38.87522571  39.0140658   39.29174598  39.56942617  39.84710635
  40.12478654  40.26362663  40.54130681  40.81898699  41.09666718
  41.37434736  41.51318745  41.79086764  42.06854782  42.346228
  42.62390819  42.76274828  43.04042846  43.31810865  43.59578883
  43.87346901  44.01230911  44.28998929  44.56766947  44.84534966
  45.12302984  45.26186993  45.53955012  45.8172303   46.09491048
  46.37259067  46.51143076  46.78911094  47.06679113  47.34447131
  47.62215149  47.76099159  48.03867177  48.31635195  48.59403214
  48.87171232  49.01055241  49.2882326   49.56591278  49.84359296
  50.12127315  50.26011324  50.53779342  50.81547361  51.09315379
  51.37083397  51.50967406  51.78735425  52.06503443  52.34271462
  52.6203948   52.75923489  53.03691507  53.31459526  53.59227544
  53.86995563  54.00879572  54.2864759   54.56415608  54.84183627
  55.11951645  55.25835654  55.53603673  55.81371691  56.09139709
  56.36907728  56.50791737  56.78559755  57.06327774  57.34095792
  57.6186381   57.7574782   58.03515838  58.31283856  58.59051875
  58.86819893  59.00703902  59.28471921  59.56239939  59.84007957
  60.11775976  60.25659985  60.53428003  60.81196022  61.0896404
  61.36732058  61.50616068  61.78384086  62.06152104  62.33920123
  62.61688141  62.7557215   63.03340169  63.31108187  63.58876205
  63.86644224  64.00528233  64.28296251  64.5606427   64.83832288
  65.11600306  65.25484315  65.53252334  65.81020352  66.08788371
  66.36556389  66.50440398  66.78208416  67.05976435  67.33744453
  67.61512472  67.75396481  68.03164499  68.30932517  68.58700536
  68.86468554  69.00352563  69.28120582  69.558886    69.83656618
  70.11424637  70.25308646  70.53076664  70.80844683  71.08612701
  71.36380719  71.50264729  71.78032747  72.05800765  72.33568784
  72.61336802  72.75220811  73.0298883   73.30756848  73.58524866
  73.86292885  74.00176894  74.27944912  74.55712931  74.83480949
  75.11248967  75.25132977  75.52900995  75.80669013  76.08437032
  76.3620505   76.50089059  76.77857078  77.05625096  77.33393114
  77.61161133  77.75045142  78.0281316   78.30581179  78.58349197
  78.86117215  79.00001224  79.27769243  79.55537261  79.8330528
  80.11073298  80.38841316  80.52725325  80.80493344  81.08261362
  81.36029381  81.63797399  81.77681408  82.05449426  82.33217445
  82.60985463  82.88753482  83.02637491  83.30405509  83.58173527
  83.85941546  84.13709564  84.27593573  84.55361592  84.8312961
  85.10897628  85.38665647  85.52549656  85.80317674  86.08085693
  86.35853711  86.63621729  86.77505739  87.05273757  87.33041775
  87.60809794  87.88577812  88.02461821  88.3022984   88.57997858
  88.85765876  89.13533895  89.27417904  89.55185922  89.82953941
  90.10721959  90.38489977  90.52373986  90.80142005  91.07910023
  91.35678042  91.6344606   91.77330069  92.05098087  92.32866106
  92.60634124  92.88402143  93.02286152  93.3005417   93.57822188
  93.85590207  94.13358225  94.27242234  94.55010253  94.82778271
  95.10546289  95.38314308  95.52198317  95.79966335  96.07734354
  96.35502372  96.6327039   96.771544    97.04922418  97.32690436
  97.60458455  97.88226473  98.02110482  98.29878501  98.57646519
  98.85414537  99.13182556  99.27066565  99.54834583  99.82602602
 100.1037062  100.38138638 100.52022648 100.79790666 101.07558684
 101.35326703 101.63094721 101.7697873  102.04746749 102.32514767
 102.60282785 102.88050804 103.01934813 103.29702831 103.5747085
 103.85238868 104.13006886 104.26890895 104.54658914 104.82426932
 105.10194951 105.37962969 105.51846978 105.79614996 106.07383015
 106.35151033 106.62919052 106.76803061 107.04571079 107.32339097
 107.60107116 107.87875134 108.01759143 108.29527162 108.5729518
 108.85063198 109.12831217 109.26715226 109.54483244 109.82251263
 110.10019281 110.37787299 110.51671309 110.79439327 111.07207345
 111.34975364 111.62743382 111.76627391 112.0439541  112.32163428
 112.59931446 112.87699465 113.01583474 113.29351492 113.57119511
 113.84887529 114.12655547 114.26539557 114.54307575 114.82075593
 115.09843612 115.3761163  115.51495639 115.79263658 116.07031676
 116.34799694 116.62567713 116.76451722 117.0421974  117.31987759
 117.59755777 117.87523795 118.01407804 118.29175823 118.56943841
 118.8471186  119.12479878 119.26363887 119.54131905 119.81899924
 120.09667942 120.37435961 120.5131997  120.79087988 121.06856006
 121.34624025 121.62392043 121.76276052 122.04044071 122.31812089
 122.59580107 122.87348126 123.01232135 123.29000153 123.56768172
 123.8453619  124.12304208 124.26188218 124.53956236 124.81724254
 125.09492273 125.37260291 125.511443   125.78912319 126.06680337
 126.34448355 126.62216374 126.76100383 127.03868401 127.3163642
 127.59404438 127.87172456 128.01056466 128.28824484 128.56592502
 128.84360521 129.12128539 129.26012548 129.53780567 129.81548585
 130.09316603 130.37084622 130.50968631 130.78736649 131.06504668
 131.34272686 131.62040704 131.75924713 132.03692732 132.3146075
 132.59228769 132.86996787 133.00880796 133.28648814 133.56416833
 133.84184851 134.1195287  134.25836879 134.53604897 134.81372915
 135.09140934 135.36908952 135.50792961 135.7856098  136.06328998
 136.34097016 136.61865035 136.75749044 137.03517062 137.31285081
 137.59053099 137.86821117 138.00705127 138.28473145 138.56241163
 138.84009182 139.117772   139.25661209 139.53429228 139.81197246
 140.08965264 140.36733283 140.50617292 140.7838531  141.06153329
 141.33921347 141.61689365 141.75573375 142.03341393 142.31109411
 142.5887743  142.86645448 143.00529457 143.28297476 143.56065494
 143.83833512 144.11601531 144.2548554  144.53253558 144.81021577
 145.08789595 145.36557613 145.50441622 145.78209641 146.05977659
 146.33745678 146.61513696 146.75397705 147.03165723 147.30933742
 147.5870176  147.86469779 148.00353788 148.28121806 148.55889824
 148.83657843 149.11425861 149.2530987  149.53077889 149.80845907
 150.08613925 150.36381944 150.50265953 150.78033971 151.0580199
 151.33570008 151.61338026 151.75222036 152.02990054 152.30758072
 152.58526091 152.86294109 153.00178118 153.27946137 153.55714155
 153.83482173 154.11250192 154.25134201 154.52902219 154.80670238
 155.08438256 155.36206274 155.50090284 155.77858302 156.0562632
 156.33394339 156.61162357 156.75046366 157.02814385 157.30582403
 157.58350421 157.8611844  158.00002449 158.27770467 158.55538486
 158.83306504 159.11074522 159.38842541 159.5272655  159.80494568
 160.08262587 160.36030605 160.63798623 160.77682632 161.05450651
 161.33218669 161.60986688 161.88754706 162.02638715 162.30406733
 162.58174752 162.8594277  163.13710789 163.27594798 163.55362816
 163.83130834 164.10898853 164.38666871 164.5255088  164.80318899
 165.08086917 165.35854935 165.63622954 165.77506963 166.05274981
 166.33043    166.60811018 166.88579036 167.02463046 167.30231064
 167.57999082 167.85767101 168.13535119 168.27419128 168.55187147
 168.82955165 169.10723183 169.38491202 169.52375211 169.80143229
 170.07911248 170.35679266 170.63447284 170.77331294 171.05099312
 171.3286733  171.60635349 171.88403367 172.02287376 172.30055395
 172.57823413 172.85591431 173.1335945  173.27243459 173.55011477
 173.82779496 174.10547514 174.38315532 174.52199541 174.7996756
 175.07735578 175.35503597 175.63271615 175.77155624 176.04923642
 176.32691661 176.60459679 176.88227698 177.02111707 177.29879725
 177.57647743 177.85415762 178.1318378  178.27067789 178.54835808
 178.82603826 179.10371844 179.38139863 179.52023872 179.7979189
 180.07559909 180.35327927 180.63095945 180.76979955 181.04747973
 181.32515991 181.6028401  181.88052028 182.01936037 182.29704056
 182.57472074 182.85240092 183.13008111 183.2689212  183.54660138
 183.82428157 184.10196175 184.37964193 184.51848203 184.79616221
 185.07384239 185.35152258 185.62920276 185.76804285 186.04572304
 186.32340322 186.6010834  186.87876359 187.01760368 187.29528386
 187.57296405 187.85064423 188.12832441 188.2671645  188.54484469
 188.82252487 189.10020506 189.37788524 189.51672533 189.79440551
 190.0720857  190.34976588 190.62744607 190.76628616 191.04396634
 191.32164652 191.59932671 191.87700689 192.01584698 192.29352717
 192.57120735 192.84888753 193.12656772 193.26540781 193.54308799
 193.82076818 194.09844836 194.37612854 194.51496864 194.79264882
 195.070329   195.34800919 195.62568937 195.76452946 196.04220965
 196.31988983 196.59757001 196.8752502  197.01409029 197.29177047
 197.56945066 197.84713084 198.12481102 198.26365112 198.5413313
 198.81901148 199.09669167 199.37437185 199.51321194 199.79089213
 200.06857231 200.34625249 200.62393268 200.76277277 201.04045295
 201.31813314 201.59581332 201.8734935  202.01233359 202.29001378
 202.56769396 202.84537415 203.12305433 203.26189442 203.5395746
 203.81725479 204.09493497]
cutoff_time =  133.286488144751
nt is not a power of 2: 284
(n_layers = 1 (mL = 2.5 , theta = 0.7853981633974483 )
Simulated transmission coefficient is: 0.04836993257563142
AnaEq 2.4 transmission coefficient is: 0.02659222668316062
Done post processing

Done running simulation

--Running simulation 3--
-e, Name specified, using EXP=hpc_02c
-i, Simulation ID specified, using ID=3
-n, No simulation name specified, using NAME=003_hpc_02c
-s, Number of simulations specified, using SIMS=5
-c, Number of cores specified, using CORES=2
-a, Will not ask before overwriting files
-r, Run the simulation
-m, Merge the data
-o, Post-process data

-Checking experiment directory-
Experiment folder exists
Experiment for hpc_02c exists
Overwriting code files
Copying code files to experiment directory

-Navigating to experiment directory-
/home/mschee/projects/def-ngrisoua/mschee/Dedalus_repos/1D_measure_T/_experiments/hpc_02c

-Checking simulation directory-
Simulation for 003_hpc_02c exists
Overwriting simulation switchboard

-Writing parameters file-

-Running script-
Removing old snapshots
Running Dedalus script
mL= 3.75
2020-12-07 14:08:13,598 pencil 0/1 INFO :: Building pencil matrix 1/1 (~100%) Elapsed: 0s, Remaining: 0s, Rate: 2.4e+00/s
2020-12-07 14:08:13,599 __main__ 0/1 INFO :: Solver built
2020-12-07 14:08:13,601 __main__ 0/1 INFO :: Sim end period: 23.000000
2020-12-07 14:08:13,601 __main__ 0/1 INFO :: Starting loop
2020-12-07 14:08:15,361 __main__ 0/1 INFO :: Iteration: 100, t/T: 1.562500e+00, dt/T: 1.562500e-02
2020-12-07 14:08:16,615 __main__ 0/1 INFO :: Iteration: 200, t/T: 3.125000e+00, dt/T: 1.562500e-02
2020-12-07 14:08:17,791 __main__ 0/1 INFO :: Iteration: 300, t/T: 4.687500e+00, dt/T: 1.562500e-02
2020-12-07 14:08:18,966 __main__ 0/1 INFO :: Iteration: 400, t/T: 6.250000e+00, dt/T: 1.562500e-02
2020-12-07 14:08:20,214 __main__ 0/1 INFO :: Iteration: 500, t/T: 7.812500e+00, dt/T: 1.562500e-02
2020-12-07 14:08:21,485 __main__ 0/1 INFO :: Iteration: 600, t/T: 9.375000e+00, dt/T: 1.562500e-02
2020-12-07 14:08:22,725 __main__ 0/1 INFO :: Iteration: 700, t/T: 1.093750e+01, dt/T: 1.562500e-02
2020-12-07 14:08:24,007 __main__ 0/1 INFO :: Iteration: 800, t/T: 1.250000e+01, dt/T: 1.562500e-02
2020-12-07 14:08:25,299 __main__ 0/1 INFO :: Iteration: 900, t/T: 1.406250e+01, dt/T: 1.562500e-02
2020-12-07 14:08:26,504 __main__ 0/1 INFO :: Iteration: 1000, t/T: 1.562500e+01, dt/T: 1.562500e-02
2020-12-07 14:08:27,774 __main__ 0/1 INFO :: Iteration: 1100, t/T: 1.718750e+01, dt/T: 1.562500e-02
2020-12-07 14:08:29,055 __main__ 0/1 INFO :: Iteration: 1200, t/T: 1.875000e+01, dt/T: 1.562500e-02
2020-12-07 14:08:30,304 __main__ 0/1 INFO :: Iteration: 1300, t/T: 2.031250e+01, dt/T: 1.562500e-02
2020-12-07 14:08:31,508 __main__ 0/1 INFO :: Iteration: 1400, t/T: 2.187500e+01, dt/T: 1.562500e-02
2020-12-07 14:08:32,349 solvers 0/1 INFO :: Simulation stop time reached.
2020-12-07 14:08:32,349 __main__ 0/1 INFO :: Iterations: 1472
2020-12-07 14:08:32,350 __main__ 0/1 INFO :: Sim end period: 23.000000
2020-12-07 14:08:32,350 __main__ 0/1 INFO :: Run time: 18.75 sec
2020-12-07 14:08:32,350 __main__ 0/1 INFO :: Run time: 0.005208 cpu-hr

Done running script

-Merging snapshots-
Checking for snapshots in directory: 003_hpc_02c/snapshots
Found snapshots
Merging snapshots
2020-12-07 14:08:36,058 post 0/2 INFO :: Merging files from 003_hpc_02c/snapshots
2020-12-07 14:08:36,831 post 0/2 INFO :: Creating joint file 003_hpc_02c/snapshots/consolidated_analysis.h5
Done merging snapshots

-Post processing-
Checking for snapshots in directory: 003_hpc_02c/snapshots
Snapshots found
Running post processing script
T_cutoff =  15
t =  [  0.           0.27768018   0.55536037   0.83304055   1.11072073
   1.38840092   1.52724101   1.80492119   2.08260138   2.36028156
   2.63796174   2.77680184   3.05448202   3.3321622    3.60984239
   3.88752257   4.02636266   4.30404285   4.58172303   4.85940321
   5.1370834    5.27592349   5.55360367   5.83128386   6.10896404
   6.38664422   6.52548432   6.8031645    7.08084468   7.35852487
   7.63620505   7.77504514   8.05272533   8.33040551   8.60808569
   8.88576588   9.02460597   9.30228615   9.57996634   9.85764652
  10.1353267   10.27416679  10.55184698  10.82952716  11.10720735
  11.38488753  11.52372762  11.8014078   12.07908799  12.35676817
  12.63444836  12.77328845  13.05096863  13.32864881  13.606329
  13.88400918  14.02284927  14.30052946  14.57820964  14.85588982
  15.13357001  15.2724101   15.55009028  15.82777047  16.10545065
  16.38313083  16.52197093  16.79965111  17.07733129  17.35501148
  17.63269166  17.77153175  18.04921194  18.32689212  18.6045723
  18.88225249  19.02109258  19.29877276  19.57645295  19.85413313
  20.13181331  20.27065341  20.54833359  20.82601377  21.10369396
  21.38137414  21.52021423  21.79789442  22.0755746   22.35325478
  22.63093497  22.76977506  23.04745524  23.32513543  23.60281561
  23.88049579  24.01933588  24.29701607  24.57469625  24.85237644
  25.13005662  25.26889671  25.54657689  25.82425708  26.10193726
  26.37961745  26.51845754  26.79613772  27.0738179   27.35149809
  27.62917827  27.76801836  28.04569855  28.32337873  28.60105891
  28.8787391   29.01757919  29.29525937  29.57293956  29.85061974
  30.12829992  30.26714002  30.5448202   30.82250038  31.10018057
  31.37786075  31.51670084  31.79438103  32.07206121  32.34974139
  32.62742158  32.76626167  33.04394185  33.32162204  33.59930222
  33.8769824   34.0158225   34.29350268  34.57118286  34.84886305
  35.12654323  35.26538332  35.54306351  35.82074369  36.09842387
  36.37610406  36.51494415  36.79262433  37.07030452  37.3479847
  37.62566488  37.76450497  38.04218516  38.31986534  38.59754553
  38.87522571  39.0140658   39.29174598  39.56942617  39.84710635
  40.12478654  40.26362663  40.54130681  40.81898699  41.09666718
  41.37434736  41.51318745  41.79086764  42.06854782  42.346228
  42.62390819  42.76274828  43.04042846  43.31810865  43.59578883
  43.87346901  44.01230911  44.28998929  44.56766947  44.84534966
  45.12302984  45.26186993  45.53955012  45.8172303   46.09491048
  46.37259067  46.51143076  46.78911094  47.06679113  47.34447131
  47.62215149  47.76099159  48.03867177  48.31635195  48.59403214
  48.87171232  49.01055241  49.2882326   49.56591278  49.84359296
  50.12127315  50.26011324  50.53779342  50.81547361  51.09315379
  51.37083397  51.50967406  51.78735425  52.06503443  52.34271462
  52.6203948   52.75923489  53.03691507  53.31459526  53.59227544
  53.86995563  54.00879572  54.2864759   54.56415608  54.84183627
  55.11951645  55.25835654  55.53603673  55.81371691  56.09139709
  56.36907728  56.50791737  56.78559755  57.06327774  57.34095792
  57.6186381   57.7574782   58.03515838  58.31283856  58.59051875
  58.86819893  59.00703902  59.28471921  59.56239939  59.84007957
  60.11775976  60.25659985  60.53428003  60.81196022  61.0896404
  61.36732058  61.50616068  61.78384086  62.06152104  62.33920123
  62.61688141  62.7557215   63.03340169  63.31108187  63.58876205
  63.86644224  64.00528233  64.28296251  64.5606427   64.83832288
  65.11600306  65.25484315  65.53252334  65.81020352  66.08788371
  66.36556389  66.50440398  66.78208416  67.05976435  67.33744453
  67.61512472  67.75396481  68.03164499  68.30932517  68.58700536
  68.86468554  69.00352563  69.28120582  69.558886    69.83656618
  70.11424637  70.25308646  70.53076664  70.80844683  71.08612701
  71.36380719  71.50264729  71.78032747  72.05800765  72.33568784
  72.61336802  72.75220811  73.0298883   73.30756848  73.58524866
  73.86292885  74.00176894  74.27944912  74.55712931  74.83480949
  75.11248967  75.25132977  75.52900995  75.80669013  76.08437032
  76.3620505   76.50089059  76.77857078  77.05625096  77.33393114
  77.61161133  77.75045142  78.0281316   78.30581179  78.58349197
  78.86117215  79.00001224  79.27769243  79.55537261  79.8330528
  80.11073298  80.38841316  80.52725325  80.80493344  81.08261362
  81.36029381  81.63797399  81.77681408  82.05449426  82.33217445
  82.60985463  82.88753482  83.02637491  83.30405509  83.58173527
  83.85941546  84.13709564  84.27593573  84.55361592  84.8312961
  85.10897628  85.38665647  85.52549656  85.80317674  86.08085693
  86.35853711  86.63621729  86.77505739  87.05273757  87.33041775
  87.60809794  87.88577812  88.02461821  88.3022984   88.57997858
  88.85765876  89.13533895  89.27417904  89.55185922  89.82953941
  90.10721959  90.38489977  90.52373986  90.80142005  91.07910023
  91.35678042  91.6344606   91.77330069  92.05098087  92.32866106
  92.60634124  92.88402143  93.02286152  93.3005417   93.57822188
  93.85590207  94.13358225  94.27242234  94.55010253  94.82778271
  95.10546289  95.38314308  95.52198317  95.79966335  96.07734354
  96.35502372  96.6327039   96.771544    97.04922418  97.32690436
  97.60458455  97.88226473  98.02110482  98.29878501  98.57646519
  98.85414537  99.13182556  99.27066565  99.54834583  99.82602602
 100.1037062  100.38138638 100.52022648 100.79790666 101.07558684
 101.35326703 101.63094721 101.7697873  102.04746749 102.32514767
 102.60282785 102.88050804 103.01934813 103.29702831 103.5747085
 103.85238868 104.13006886 104.26890895 104.54658914 104.82426932
 105.10194951 105.37962969 105.51846978 105.79614996 106.07383015
 106.35151033 106.62919052 106.76803061 107.04571079 107.32339097
 107.60107116 107.87875134 108.01759143 108.29527162 108.5729518
 108.85063198 109.12831217 109.26715226 109.54483244 109.82251263
 110.10019281 110.37787299 110.51671309 110.79439327 111.07207345
 111.34975364 111.62743382 111.76627391 112.0439541  112.32163428
 112.59931446 112.87699465 113.01583474 113.29351492 113.57119511
 113.84887529 114.12655547 114.26539557 114.54307575 114.82075593
 115.09843612 115.3761163  115.51495639 115.79263658 116.07031676
 116.34799694 116.62567713 116.76451722 117.0421974  117.31987759
 117.59755777 117.87523795 118.01407804 118.29175823 118.56943841
 118.8471186  119.12479878 119.26363887 119.54131905 119.81899924
 120.09667942 120.37435961 120.5131997  120.79087988 121.06856006
 121.34624025 121.62392043 121.76276052 122.04044071 122.31812089
 122.59580107 122.87348126 123.01232135 123.29000153 123.56768172
 123.8453619  124.12304208 124.26188218 124.53956236 124.81724254
 125.09492273 125.37260291 125.511443   125.78912319 126.06680337
 126.34448355 126.62216374 126.76100383 127.03868401 127.3163642
 127.59404438 127.87172456 128.01056466 128.28824484 128.56592502
 128.84360521 129.12128539 129.26012548 129.53780567 129.81548585
 130.09316603 130.37084622 130.50968631 130.78736649 131.06504668
 131.34272686 131.62040704 131.75924713 132.03692732 132.3146075
 132.59228769 132.86996787 133.00880796 133.28648814 133.56416833
 133.84184851 134.1195287  134.25836879 134.53604897 134.81372915
 135.09140934 135.36908952 135.50792961 135.7856098  136.06328998
 136.34097016 136.61865035 136.75749044 137.03517062 137.31285081
 137.59053099 137.86821117 138.00705127 138.28473145 138.56241163
 138.84009182 139.117772   139.25661209 139.53429228 139.81197246
 140.08965264 140.36733283 140.50617292 140.7838531  141.06153329
 141.33921347 141.61689365 141.75573375 142.03341393 142.31109411
 142.5887743  142.86645448 143.00529457 143.28297476 143.56065494
 143.83833512 144.11601531 144.2548554  144.53253558 144.81021577
 145.08789595 145.36557613 145.50441622 145.78209641 146.05977659
 146.33745678 146.61513696 146.75397705 147.03165723 147.30933742
 147.5870176  147.86469779 148.00353788 148.28121806 148.55889824
 148.83657843 149.11425861 149.2530987  149.53077889 149.80845907
 150.08613925 150.36381944 150.50265953 150.78033971 151.0580199
 151.33570008 151.61338026 151.75222036 152.02990054 152.30758072
 152.58526091 152.86294109 153.00178118 153.27946137 153.55714155
 153.83482173 154.11250192 154.25134201 154.52902219 154.80670238
 155.08438256 155.36206274 155.50090284 155.77858302 156.0562632
 156.33394339 156.61162357 156.75046366 157.02814385 157.30582403
 157.58350421 157.8611844  158.00002449 158.27770467 158.55538486
 158.83306504 159.11074522 159.38842541 159.5272655  159.80494568
 160.08262587 160.36030605 160.63798623 160.77682632 161.05450651
 161.33218669 161.60986688 161.88754706 162.02638715 162.30406733
 162.58174752 162.8594277  163.13710789 163.27594798 163.55362816
 163.83130834 164.10898853 164.38666871 164.5255088  164.80318899
 165.08086917 165.35854935 165.63622954 165.77506963 166.05274981
 166.33043    166.60811018 166.88579036 167.02463046 167.30231064
 167.57999082 167.85767101 168.13535119 168.27419128 168.55187147
 168.82955165 169.10723183 169.38491202 169.52375211 169.80143229
 170.07911248 170.35679266 170.63447284 170.77331294 171.05099312
 171.3286733  171.60635349 171.88403367 172.02287376 172.30055395
 172.57823413 172.85591431 173.1335945  173.27243459 173.55011477
 173.82779496 174.10547514 174.38315532 174.52199541 174.7996756
 175.07735578 175.35503597 175.63271615 175.77155624 176.04923642
 176.32691661 176.60459679 176.88227698 177.02111707 177.29879725
 177.57647743 177.85415762 178.1318378  178.27067789 178.54835808
 178.82603826 179.10371844 179.38139863 179.52023872 179.7979189
 180.07559909 180.35327927 180.63095945 180.76979955 181.04747973
 181.32515991 181.6028401  181.88052028 182.01936037 182.29704056
 182.57472074 182.85240092 183.13008111 183.2689212  183.54660138
 183.82428157 184.10196175 184.37964193 184.51848203 184.79616221
 185.07384239 185.35152258 185.62920276 185.76804285 186.04572304
 186.32340322 186.6010834  186.87876359 187.01760368 187.29528386
 187.57296405 187.85064423 188.12832441 188.2671645  188.54484469
 188.82252487 189.10020506 189.37788524 189.51672533 189.79440551
 190.0720857  190.34976588 190.62744607 190.76628616 191.04396634
 191.32164652 191.59932671 191.87700689 192.01584698 192.29352717
 192.57120735 192.84888753 193.12656772 193.26540781 193.54308799
 193.82076818 194.09844836 194.37612854 194.51496864 194.79264882
 195.070329   195.34800919 195.62568937 195.76452946 196.04220965
 196.31988983 196.59757001 196.8752502  197.01409029 197.29177047
 197.56945066 197.84713084 198.12481102 198.26365112 198.5413313
 198.81901148 199.09669167 199.37437185 199.51321194 199.79089213
 200.06857231 200.34625249 200.62393268 200.76277277 201.04045295
 201.31813314 201.59581332 201.8734935  202.01233359 202.29001378
 202.56769396 202.84537415 203.12305433 203.26189442 203.5395746
 203.81725479 204.09493497]
cutoff_time =  133.286488144751
nt is not a power of 2: 284
(n_layers = 1 (mL = 3.75 , theta = 0.7853981633974483 )
Simulated transmission coefficient is: 0.01077509539156778
AnaEq 2.4 transmission coefficient is: 0.0022098922908086417
Done post processing

Done running simulation

--Running simulation 4--
-e, Name specified, using EXP=hpc_02c
-i, Simulation ID specified, using ID=4
-n, No simulation name specified, using NAME=004_hpc_02c
-s, Number of simulations specified, using SIMS=5
-c, Number of cores specified, using CORES=2
-a, Will not ask before overwriting files
-r, Run the simulation
-m, Merge the data
-o, Post-process data

-Checking experiment directory-
Experiment folder exists
Experiment for hpc_02c exists
Overwriting code files
Copying code files to experiment directory

-Navigating to experiment directory-
/home/mschee/projects/def-ngrisoua/mschee/Dedalus_repos/1D_measure_T/_experiments/hpc_02c

-Checking simulation directory-
Simulation for 004_hpc_02c exists
Overwriting simulation switchboard

-Writing parameters file-

-Running script-
Removing old snapshots
Running Dedalus script
mL= 5.0
2020-12-07 14:08:54,655 pencil 0/1 INFO :: Building pencil matrix 1/1 (~100%) Elapsed: 0s, Remaining: 0s, Rate: 2.4e+00/s
2020-12-07 14:08:54,656 __main__ 0/1 INFO :: Solver built
2020-12-07 14:08:54,658 __main__ 0/1 INFO :: Sim end period: 23.000000
2020-12-07 14:08:54,658 __main__ 0/1 INFO :: Starting loop
2020-12-07 14:08:56,376 __main__ 0/1 INFO :: Iteration: 100, t/T: 1.562500e+00, dt/T: 1.562500e-02
2020-12-07 14:08:57,549 __main__ 0/1 INFO :: Iteration: 200, t/T: 3.125000e+00, dt/T: 1.562500e-02
2020-12-07 14:08:58,686 __main__ 0/1 INFO :: Iteration: 300, t/T: 4.687500e+00, dt/T: 1.562500e-02
2020-12-07 14:08:59,894 __main__ 0/1 INFO :: Iteration: 400, t/T: 6.250000e+00, dt/T: 1.562500e-02
2020-12-07 14:09:01,042 __main__ 0/1 INFO :: Iteration: 500, t/T: 7.812500e+00, dt/T: 1.562500e-02
2020-12-07 14:09:02,232 __main__ 0/1 INFO :: Iteration: 600, t/T: 9.375000e+00, dt/T: 1.562500e-02
2020-12-07 14:09:03,392 __main__ 0/1 INFO :: Iteration: 700, t/T: 1.093750e+01, dt/T: 1.562500e-02
2020-12-07 14:09:04,568 __main__ 0/1 INFO :: Iteration: 800, t/T: 1.250000e+01, dt/T: 1.562500e-02
2020-12-07 14:09:05,716 __main__ 0/1 INFO :: Iteration: 900, t/T: 1.406250e+01, dt/T: 1.562500e-02
2020-12-07 14:09:06,909 __main__ 0/1 INFO :: Iteration: 1000, t/T: 1.562500e+01, dt/T: 1.562500e-02
2020-12-07 14:09:08,010 __main__ 0/1 INFO :: Iteration: 1100, t/T: 1.718750e+01, dt/T: 1.562500e-02
2020-12-07 14:09:09,235 __main__ 0/1 INFO :: Iteration: 1200, t/T: 1.875000e+01, dt/T: 1.562500e-02
2020-12-07 14:09:10,445 __main__ 0/1 INFO :: Iteration: 1300, t/T: 2.031250e+01, dt/T: 1.562500e-02
2020-12-07 14:09:11,642 __main__ 0/1 INFO :: Iteration: 1400, t/T: 2.187500e+01, dt/T: 1.562500e-02
2020-12-07 14:09:12,447 solvers 0/1 INFO :: Simulation stop time reached.
2020-12-07 14:09:12,447 __main__ 0/1 INFO :: Iterations: 1472
2020-12-07 14:09:12,447 __main__ 0/1 INFO :: Sim end period: 23.000000
2020-12-07 14:09:12,447 __main__ 0/1 INFO :: Run time: 17.79 sec
2020-12-07 14:09:12,447 __main__ 0/1 INFO :: Run time: 0.004941 cpu-hr

Done running script

-Merging snapshots-
Checking for snapshots in directory: 004_hpc_02c/snapshots
Found snapshots
Merging snapshots
2020-12-07 14:09:16,044 post 0/2 INFO :: Merging files from 004_hpc_02c/snapshots
2020-12-07 14:09:16,850 post 0/2 INFO :: Creating joint file 004_hpc_02c/snapshots/consolidated_analysis.h5
Done merging snapshots

-Post processing-
Checking for snapshots in directory: 004_hpc_02c/snapshots
Snapshots found
Running post processing script
T_cutoff =  15
t =  [193.82076818 194.09844836 194.37612854 194.51496864 194.79264882
 195.070329   195.34800919 195.62568937 195.76452946 196.04220965
 196.31988983 196.59757001 196.8752502  197.01409029 197.29177047
 197.56945066 197.84713084 198.12481102 198.26365112 198.5413313
 198.81901148 199.09669167 199.37437185 199.51321194 199.79089213]
cutoff_time =  133.286488144751
Traceback (most recent call last):
  File "post_process.py", line 116, in <module>
    t_tr, psi_tr = hf.trim_data_t(t, psi_tr, T_cutoff, T)
  File "/project/6002522/mschee/Dedalus_repos/1D_measure_T/_experiments/hpc_02c/helper_functions.py", line 273, in trim_data_t
    idx_cutoff = find_nearest_index(t_array, cutoff_time)
  File "/project/6002522/mschee/Dedalus_repos/1D_measure_T/_experiments/hpc_02c/helper_functions.py", line 42, in find_nearest_index
    raise Error("Value to the left of index range")
helper_functions.Error: Value to the left of index range
Done post processing

Done running simulation


--Plotting transmission coefficients--
Checking for csv data file
Data found
Plotting experiment data
2020-12-07 14:09:32,190 matplotlib.mathtext 0/1 INFO :: Substituting symbol T from STIXNonUnicode
2020-12-07 14:09:32,206 matplotlib.mathtext 0/1 INFO :: Substituting symbol T from STIXNonUnicode
2020-12-07 14:09:32,226 matplotlib.mathtext 0/1 INFO :: Substituting symbol T from STIXNonUnicode
Done plotting

Done running experiment

