Launched script: 2020-12-04_16h11

Inactive Modules:
  1) python/3.7.4

Due to MODULEPATH changes, the following have been reloaded:
  1) mpi4py/3.0.3

The following have been reloaded with a version change:
  1) StdEnv/2016.4 => StdEnv/2020           4) intel/2016.4 => intel/2020.1.217
  2) gcccore/.5.4.0 => gcccore/.9.3.0       5) openmpi/2.1.1 => openmpi/4.0.3
  3) imkl/11.3.4.258 => imkl/2020.1.217


Activating Modules:
  1) python/3.7.7

-e, Name specified, using EXP=hpc_02c
-s, Number of simulations specified, using SIMS=8
-c, Number of cores specified, using CORES=2
-a, Will not ask before overwriting files
-r, Run the simulation
-m, Merge the data
-o, Post-process data

--Checking experiment directory--
Experiment folder exists

--Running simulation 0--
-e, Name specified, using EXP=hpc_02c
-i, Simulation ID specified, using ID=0
-n, No simulation name specified, using NAME=000_hpc_02c
-s, Number of simulations specified, using SIMS=8
-c, Number of cores specified, using CORES=2
-a, Will not ask before overwriting files
-r, Run the simulation
-m, Merge the data
-o, Post-process data

-Checking experiment directory-
Experiment folder exists
Experiment for hpc_02c exists
Overwriting code files
Copying code files to experiment directory

-Navigating to experiment directory-
/home/mschee/projects/def-ngrisoua/mschee/Dedalus_repos/1D_measure_T/_experiments/hpc_02c

-Checking simulation directory-
Creating simulation for 000_hpc_02c
Overwriting simulation switchboard

-Writing parameters file-

-Running script-
Running Dedalus script for local pc
switchboard= switchboard
switchboard= switchboard
Traceback (most recent call last):
  File "main.py", line 64, in <module>
    sbp = importlib.import_module(switchboard_module)
  File "/cvmfs/soft.computecanada.ca/easybuild/software/2020/avx2/Core/python/3.7.7/lib/python3.7/importlib/__init__.py", line 127, in import_module
    return _bootstrap._gcd_import(name[level:], package, level)
  File "<frozen importlib._bootstrap>", line 1006, in _gcd_import
  File "<frozen importlib._bootstrap>", line 983, in _find_and_load
  File "<frozen importlib._bootstrap>", line 967, in _find_and_load_unlocked
  File "<frozen importlib._bootstrap>", line 677, in _load_unlocked
  File "<frozen importlib._bootstrap_external>", line 728, in exec_module
  File "<frozen importlib._bootstrap>", line 219, in _call_with_frames_removed
  File "/project/6002522/mschee/Dedalus_repos/1D_measure_T/_experiments/hpc_02c/000_hpc_02c/000_hpc_02c_switchboard.py", line 153, in <module>
    domain = de.Domain([z_basis], grid_dtype=np.complex128)#float64)
  File "/home/mschee/.local/lib/python3.7/site-packages/dedalus/core/domain.py", line 58, in __init__
    self.distributor = self.dist = Distributor(self, comm, mesh)
  File "/home/mschee/.local/lib/python3.7/site-packages/dedalus/core/distributor.py", line 94, in __init__
    raise ValueError("Mesh must have lower dimension than domain.")
ValueError: Mesh must have lower dimension than domain.
Traceback (most recent call last):
  File "main.py", line 64, in <module>
    sbp = importlib.import_module(switchboard_module)
  File "/cvmfs/soft.computecanada.ca/easybuild/software/2020/avx2/Core/python/3.7.7/lib/python3.7/importlib/__init__.py", line 127, in import_module
    return _bootstrap._gcd_import(name[level:], package, level)
  File "<frozen importlib._bootstrap>", line 1006, in _gcd_import
  File "<frozen importlib._bootstrap>", line 983, in _find_and_load
  File "<frozen importlib._bootstrap>", line 967, in _find_and_load_unlocked
  File "<frozen importlib._bootstrap>", line 677, in _load_unlocked
  File "<frozen importlib._bootstrap_external>", line 728, in exec_module
  File "<frozen importlib._bootstrap>", line 219, in _call_with_frames_removed
  File "/project/6002522/mschee/Dedalus_repos/1D_measure_T/_experiments/hpc_02c/000_hpc_02c/000_hpc_02c_switchboard.py", line 153, in <module>
    domain = de.Domain([z_basis], grid_dtype=np.complex128)#float64)
  File "/home/mschee/.local/lib/python3.7/site-packages/dedalus/core/domain.py", line 58, in __init__
    self.distributor = self.dist = Distributor(self, comm, mesh)
  File "/home/mschee/.local/lib/python3.7/site-packages/dedalus/core/distributor.py", line 94, in __init__
    raise ValueError("Mesh must have lower dimension than domain.")
ValueError: Mesh must have lower dimension than domain.
--------------------------------------------------------------------------
Primary job  terminated normally, but 1 process returned
a non-zero exit code. Per user-direction, the job has been aborted.
--------------------------------------------------------------------------
--------------------------------------------------------------------------
mpiexec detected that one or more processes exited with non-zero status, thus causing
the job to be terminated. The first process to do so was:

  Process name: [[15422,1],0]
  Exit code:    1
--------------------------------------------------------------------------

Done running script

-Merging snapshots-
Checking for snapshots in directory: 000_hpc_02c/snapshots
Cannot find snapshots. Aborting script
--Running simulation 1--
-e, Name specified, using EXP=hpc_02c
-i, Simulation ID specified, using ID=1
-n, No simulation name specified, using NAME=001_hpc_02c
-s, Number of simulations specified, using SIMS=8
-c, Number of cores specified, using CORES=2
-a, Will not ask before overwriting files
-r, Run the simulation
-m, Merge the data
-o, Post-process data

-Checking experiment directory-
Experiment folder exists
Experiment for hpc_02c exists
Overwriting code files
Copying code files to experiment directory

-Navigating to experiment directory-
/home/mschee/projects/def-ngrisoua/mschee/Dedalus_repos/1D_measure_T/_experiments/hpc_02c

-Checking simulation directory-
Creating simulation for 001_hpc_02c
Overwriting simulation switchboard

-Writing parameters file-

-Running script-
Running Dedalus script for local pc
switchboard= switchboard
switchboard= switchboard
Traceback (most recent call last):
  File "main.py", line 64, in <module>
    sbp = importlib.import_module(switchboard_module)
  File "/cvmfs/soft.computecanada.ca/easybuild/software/2020/avx2/Core/python/3.7.7/lib/python3.7/importlib/__init__.py", line 127, in import_module
    return _bootstrap._gcd_import(name[level:], package, level)
  File "<frozen importlib._bootstrap>", line 1006, in _gcd_import
  File "<frozen importlib._bootstrap>", line 983, in _find_and_load
  File "<frozen importlib._bootstrap>", line 967, in _find_and_load_unlocked
  File "<frozen importlib._bootstrap>", line 677, in _load_unlocked
  File "<frozen importlib._bootstrap_external>", line 728, in exec_module
  File "<frozen importlib._bootstrap>", line 219, in _call_with_frames_removed
  File "/project/6002522/mschee/Dedalus_repos/1D_measure_T/_experiments/hpc_02c/001_hpc_02c/001_hpc_02c_switchboard.py", line 153, in <module>
    domain = de.Domain([z_basis], grid_dtype=np.complex128)#float64)
  File "/home/mschee/.local/lib/python3.7/site-packages/dedalus/core/domain.py", line 58, in __init__
    self.distributor = self.dist = Distributor(self, comm, mesh)
  File "/home/mschee/.local/lib/python3.7/site-packages/dedalus/core/distributor.py", line 94, in __init__
    raise ValueError("Mesh must have lower dimension than domain.")
ValueError: Mesh must have lower dimension than domain.
Traceback (most recent call last):
  File "main.py", line 64, in <module>
    sbp = importlib.import_module(switchboard_module)
  File "/cvmfs/soft.computecanada.ca/easybuild/software/2020/avx2/Core/python/3.7.7/lib/python3.7/importlib/__init__.py", line 127, in import_module
    return _bootstrap._gcd_import(name[level:], package, level)
  File "<frozen importlib._bootstrap>", line 1006, in _gcd_import
  File "<frozen importlib._bootstrap>", line 983, in _find_and_load
  File "<frozen importlib._bootstrap>", line 967, in _find_and_load_unlocked
  File "<frozen importlib._bootstrap>", line 677, in _load_unlocked
  File "<frozen importlib._bootstrap_external>", line 728, in exec_module
  File "<frozen importlib._bootstrap>", line 219, in _call_with_frames_removed
  File "/project/6002522/mschee/Dedalus_repos/1D_measure_T/_experiments/hpc_02c/001_hpc_02c/001_hpc_02c_switchboard.py", line 153, in <module>
    domain = de.Domain([z_basis], grid_dtype=np.complex128)#float64)
  File "/home/mschee/.local/lib/python3.7/site-packages/dedalus/core/domain.py", line 58, in __init__
    self.distributor = self.dist = Distributor(self, comm, mesh)
  File "/home/mschee/.local/lib/python3.7/site-packages/dedalus/core/distributor.py", line 94, in __init__
    raise ValueError("Mesh must have lower dimension than domain.")
ValueError: Mesh must have lower dimension than domain.
--------------------------------------------------------------------------
Primary job  terminated normally, but 1 process returned
a non-zero exit code. Per user-direction, the job has been aborted.
--------------------------------------------------------------------------
--------------------------------------------------------------------------
mpiexec detected that one or more processes exited with non-zero status, thus causing
the job to be terminated. The first process to do so was:

  Process name: [[15482,1],0]
  Exit code:    1
--------------------------------------------------------------------------

Done running script

-Merging snapshots-
Checking for snapshots in directory: 001_hpc_02c/snapshots
Cannot find snapshots. Aborting script
--Running simulation 2--
-e, Name specified, using EXP=hpc_02c
-i, Simulation ID specified, using ID=2
-n, No simulation name specified, using NAME=002_hpc_02c
-s, Number of simulations specified, using SIMS=8
-c, Number of cores specified, using CORES=2
-a, Will not ask before overwriting files
-r, Run the simulation
-m, Merge the data
-o, Post-process data

-Checking experiment directory-
Experiment folder exists
Experiment for hpc_02c exists
Overwriting code files
Copying code files to experiment directory

-Navigating to experiment directory-
/home/mschee/projects/def-ngrisoua/mschee/Dedalus_repos/1D_measure_T/_experiments/hpc_02c

-Checking simulation directory-
Creating simulation for 002_hpc_02c
Overwriting simulation switchboard

-Writing parameters file-

-Running script-
Running Dedalus script for local pc
switchboard= switchboard
switchboard= switchboard
Traceback (most recent call last):
  File "main.py", line 64, in <module>
    sbp = importlib.import_module(switchboard_module)
  File "/cvmfs/soft.computecanada.ca/easybuild/software/2020/avx2/Core/python/3.7.7/lib/python3.7/importlib/__init__.py", line 127, in import_module
    return _bootstrap._gcd_import(name[level:], package, level)
  File "<frozen importlib._bootstrap>", line 1006, in _gcd_import
  File "<frozen importlib._bootstrap>", line 983, in _find_and_load
  File "<frozen importlib._bootstrap>", line 967, in _find_and_load_unlocked
  File "<frozen importlib._bootstrap>", line 677, in _load_unlocked
  File "<frozen importlib._bootstrap_external>", line 728, in exec_module
  File "<frozen importlib._bootstrap>", line 219, in _call_with_frames_removed
  File "/project/6002522/mschee/Dedalus_repos/1D_measure_T/_experiments/hpc_02c/002_hpc_02c/002_hpc_02c_switchboard.py", line 153, in <module>
    domain = de.Domain([z_basis], grid_dtype=np.complex128)#float64)
  File "/home/mschee/.local/lib/python3.7/site-packages/dedalus/core/domain.py", line 58, in __init__
    self.distributor = self.dist = Distributor(self, comm, mesh)
  File "/home/mschee/.local/lib/python3.7/site-packages/dedalus/core/distributor.py", line 94, in __init__
    raise ValueError("Mesh must have lower dimension than domain.")
ValueError: Mesh must have lower dimension than domain.
Traceback (most recent call last):
  File "main.py", line 64, in <module>
    sbp = importlib.import_module(switchboard_module)
  File "/cvmfs/soft.computecanada.ca/easybuild/software/2020/avx2/Core/python/3.7.7/lib/python3.7/importlib/__init__.py", line 127, in import_module
    return _bootstrap._gcd_import(name[level:], package, level)
  File "<frozen importlib._bootstrap>", line 1006, in _gcd_import
  File "<frozen importlib._bootstrap>", line 983, in _find_and_load
  File "<frozen importlib._bootstrap>", line 967, in _find_and_load_unlocked
  File "<frozen importlib._bootstrap>", line 677, in _load_unlocked
  File "<frozen importlib._bootstrap_external>", line 728, in exec_module
  File "<frozen importlib._bootstrap>", line 219, in _call_with_frames_removed
  File "/project/6002522/mschee/Dedalus_repos/1D_measure_T/_experiments/hpc_02c/002_hpc_02c/002_hpc_02c_switchboard.py", line 153, in <module>
    domain = de.Domain([z_basis], grid_dtype=np.complex128)#float64)
  File "/home/mschee/.local/lib/python3.7/site-packages/dedalus/core/domain.py", line 58, in __init__
    self.distributor = self.dist = Distributor(self, comm, mesh)
  File "/home/mschee/.local/lib/python3.7/site-packages/dedalus/core/distributor.py", line 94, in __init__
    raise ValueError("Mesh must have lower dimension than domain.")
ValueError: Mesh must have lower dimension than domain.
--------------------------------------------------------------------------
Primary job  terminated normally, but 1 process returned
a non-zero exit code. Per user-direction, the job has been aborted.
--------------------------------------------------------------------------
--------------------------------------------------------------------------
mpiexec detected that one or more processes exited with non-zero status, thus causing
the job to be terminated. The first process to do so was:

  Process name: [[15800,1],0]
  Exit code:    1
--------------------------------------------------------------------------

Done running script

-Merging snapshots-
Checking for snapshots in directory: 002_hpc_02c/snapshots
Cannot find snapshots. Aborting script
--Running simulation 3--
-e, Name specified, using EXP=hpc_02c
-i, Simulation ID specified, using ID=3
-n, No simulation name specified, using NAME=003_hpc_02c
-s, Number of simulations specified, using SIMS=8
-c, Number of cores specified, using CORES=2
-a, Will not ask before overwriting files
-r, Run the simulation
-m, Merge the data
-o, Post-process data

-Checking experiment directory-
Experiment folder exists
Experiment for hpc_02c exists
Overwriting code files
Copying code files to experiment directory

-Navigating to experiment directory-
/home/mschee/projects/def-ngrisoua/mschee/Dedalus_repos/1D_measure_T/_experiments/hpc_02c

-Checking simulation directory-
Creating simulation for 003_hpc_02c
Overwriting simulation switchboard

-Writing parameters file-

-Running script-
Running Dedalus script for local pc
switchboard= switchboard
switchboard= switchboard
Traceback (most recent call last):
  File "main.py", line 64, in <module>
    sbp = importlib.import_module(switchboard_module)
  File "/cvmfs/soft.computecanada.ca/easybuild/software/2020/avx2/Core/python/3.7.7/lib/python3.7/importlib/__init__.py", line 127, in import_module
    return _bootstrap._gcd_import(name[level:], package, level)
  File "<frozen importlib._bootstrap>", line 1006, in _gcd_import
  File "<frozen importlib._bootstrap>", line 983, in _find_and_load
  File "<frozen importlib._bootstrap>", line 967, in _find_and_load_unlocked
  File "<frozen importlib._bootstrap>", line 677, in _load_unlocked
  File "<frozen importlib._bootstrap_external>", line 728, in exec_module
  File "<frozen importlib._bootstrap>", line 219, in _call_with_frames_removed
  File "/project/6002522/mschee/Dedalus_repos/1D_measure_T/_experiments/hpc_02c/003_hpc_02c/003_hpc_02c_switchboard.py", line 153, in <module>
    domain = de.Domain([z_basis], grid_dtype=np.complex128)#float64)
  File "/home/mschee/.local/lib/python3.7/site-packages/dedalus/core/domain.py", line 58, in __init__
    self.distributor = self.dist = Distributor(self, comm, mesh)
  File "/home/mschee/.local/lib/python3.7/site-packages/dedalus/core/distributor.py", line 94, in __init__
    raise ValueError("Mesh must have lower dimension than domain.")
ValueError: Mesh must have lower dimension than domain.
Traceback (most recent call last):
  File "main.py", line 64, in <module>
    sbp = importlib.import_module(switchboard_module)
  File "/cvmfs/soft.computecanada.ca/easybuild/software/2020/avx2/Core/python/3.7.7/lib/python3.7/importlib/__init__.py", line 127, in import_module
    return _bootstrap._gcd_import(name[level:], package, level)
  File "<frozen importlib._bootstrap>", line 1006, in _gcd_import
  File "<frozen importlib._bootstrap>", line 983, in _find_and_load
  File "<frozen importlib._bootstrap>", line 967, in _find_and_load_unlocked
  File "<frozen importlib._bootstrap>", line 677, in _load_unlocked
  File "<frozen importlib._bootstrap_external>", line 728, in exec_module
  File "<frozen importlib._bootstrap>", line 219, in _call_with_frames_removed
  File "/project/6002522/mschee/Dedalus_repos/1D_measure_T/_experiments/hpc_02c/003_hpc_02c/003_hpc_02c_switchboard.py", line 153, in <module>
    domain = de.Domain([z_basis], grid_dtype=np.complex128)#float64)
  File "/home/mschee/.local/lib/python3.7/site-packages/dedalus/core/domain.py", line 58, in __init__
    self.distributor = self.dist = Distributor(self, comm, mesh)
  File "/home/mschee/.local/lib/python3.7/site-packages/dedalus/core/distributor.py", line 94, in __init__
    raise ValueError("Mesh must have lower dimension than domain.")
ValueError: Mesh must have lower dimension than domain.
--------------------------------------------------------------------------
Primary job  terminated normally, but 1 process returned
a non-zero exit code. Per user-direction, the job has been aborted.
--------------------------------------------------------------------------
--------------------------------------------------------------------------
mpiexec detected that one or more processes exited with non-zero status, thus causing
the job to be terminated. The first process to do so was:

  Process name: [[15842,1],0]
  Exit code:    1
--------------------------------------------------------------------------

Done running script

-Merging snapshots-
Checking for snapshots in directory: 003_hpc_02c/snapshots
Cannot find snapshots. Aborting script
--Running simulation 4--
-e, Name specified, using EXP=hpc_02c
-i, Simulation ID specified, using ID=4
-n, No simulation name specified, using NAME=004_hpc_02c
-s, Number of simulations specified, using SIMS=8
-c, Number of cores specified, using CORES=2
-a, Will not ask before overwriting files
-r, Run the simulation
-m, Merge the data
-o, Post-process data

-Checking experiment directory-
Experiment folder exists
Experiment for hpc_02c exists
Overwriting code files
Copying code files to experiment directory

-Navigating to experiment directory-
/home/mschee/projects/def-ngrisoua/mschee/Dedalus_repos/1D_measure_T/_experiments/hpc_02c

-Checking simulation directory-
Creating simulation for 004_hpc_02c
Overwriting simulation switchboard

-Writing parameters file-

-Running script-
Running Dedalus script for local pc
switchboard= switchboard
switchboard= switchboard
Traceback (most recent call last):
  File "main.py", line 64, in <module>
    sbp = importlib.import_module(switchboard_module)
  File "/cvmfs/soft.computecanada.ca/easybuild/software/2020/avx2/Core/python/3.7.7/lib/python3.7/importlib/__init__.py", line 127, in import_module
    return _bootstrap._gcd_import(name[level:], package, level)
  File "<frozen importlib._bootstrap>", line 1006, in _gcd_import
  File "<frozen importlib._bootstrap>", line 983, in _find_and_load
  File "<frozen importlib._bootstrap>", line 967, in _find_and_load_unlocked
  File "<frozen importlib._bootstrap>", line 677, in _load_unlocked
  File "<frozen importlib._bootstrap_external>", line 728, in exec_module
  File "<frozen importlib._bootstrap>", line 219, in _call_with_frames_removed
  File "/project/6002522/mschee/Dedalus_repos/1D_measure_T/_experiments/hpc_02c/004_hpc_02c/004_hpc_02c_switchboard.py", line 153, in <module>
    domain = de.Domain([z_basis], grid_dtype=np.complex128)#float64)
  File "/home/mschee/.local/lib/python3.7/site-packages/dedalus/core/domain.py", line 58, in __init__
    self.distributor = self.dist = Distributor(self, comm, mesh)
  File "/home/mschee/.local/lib/python3.7/site-packages/dedalus/core/distributor.py", line 94, in __init__
    raise ValueError("Mesh must have lower dimension than domain.")
ValueError: Mesh must have lower dimension than domain.
Traceback (most recent call last):
  File "main.py", line 64, in <module>
    sbp = importlib.import_module(switchboard_module)
  File "/cvmfs/soft.computecanada.ca/easybuild/software/2020/avx2/Core/python/3.7.7/lib/python3.7/importlib/__init__.py", line 127, in import_module
    return _bootstrap._gcd_import(name[level:], package, level)
  File "<frozen importlib._bootstrap>", line 1006, in _gcd_import
  File "<frozen importlib._bootstrap>", line 983, in _find_and_load
  File "<frozen importlib._bootstrap>", line 967, in _find_and_load_unlocked
  File "<frozen importlib._bootstrap>", line 677, in _load_unlocked
  File "<frozen importlib._bootstrap_external>", line 728, in exec_module
  File "<frozen importlib._bootstrap>", line 219, in _call_with_frames_removed
  File "/project/6002522/mschee/Dedalus_repos/1D_measure_T/_experiments/hpc_02c/004_hpc_02c/004_hpc_02c_switchboard.py", line 153, in <module>
    domain = de.Domain([z_basis], grid_dtype=np.complex128)#float64)
  File "/home/mschee/.local/lib/python3.7/site-packages/dedalus/core/domain.py", line 58, in __init__
    self.distributor = self.dist = Distributor(self, comm, mesh)
  File "/home/mschee/.local/lib/python3.7/site-packages/dedalus/core/distributor.py", line 94, in __init__
    raise ValueError("Mesh must have lower dimension than domain.")
ValueError: Mesh must have lower dimension than domain.
--------------------------------------------------------------------------
Primary job  terminated normally, but 1 process returned
a non-zero exit code. Per user-direction, the job has been aborted.
--------------------------------------------------------------------------
--------------------------------------------------------------------------
mpiexec detected that one or more processes exited with non-zero status, thus causing
the job to be terminated. The first process to do so was:

  Process name: [[15662,1],0]
  Exit code:    1
--------------------------------------------------------------------------

Done running script

-Merging snapshots-
Checking for snapshots in directory: 004_hpc_02c/snapshots
Cannot find snapshots. Aborting script
--Running simulation 5--
-e, Name specified, using EXP=hpc_02c
-i, Simulation ID specified, using ID=5
-n, No simulation name specified, using NAME=005_hpc_02c
-s, Number of simulations specified, using SIMS=8
-c, Number of cores specified, using CORES=2
-a, Will not ask before overwriting files
-r, Run the simulation
-m, Merge the data
-o, Post-process data

-Checking experiment directory-
Experiment folder exists
Experiment for hpc_02c exists
Overwriting code files
Copying code files to experiment directory

-Navigating to experiment directory-
/home/mschee/projects/def-ngrisoua/mschee/Dedalus_repos/1D_measure_T/_experiments/hpc_02c

-Checking simulation directory-
Creating simulation for 005_hpc_02c
Overwriting simulation switchboard

-Writing parameters file-

-Running script-
Running Dedalus script for local pc
switchboard= switchboard
switchboard= switchboard
Traceback (most recent call last):
  File "main.py", line 64, in <module>
    sbp = importlib.import_module(switchboard_module)
  File "/cvmfs/soft.computecanada.ca/easybuild/software/2020/avx2/Core/python/3.7.7/lib/python3.7/importlib/__init__.py", line 127, in import_module
    return _bootstrap._gcd_import(name[level:], package, level)
  File "<frozen importlib._bootstrap>", line 1006, in _gcd_import
  File "<frozen importlib._bootstrap>", line 983, in _find_and_load
  File "<frozen importlib._bootstrap>", line 967, in _find_and_load_unlocked
  File "<frozen importlib._bootstrap>", line 677, in _load_unlocked
  File "<frozen importlib._bootstrap_external>", line 728, in exec_module
  File "<frozen importlib._bootstrap>", line 219, in _call_with_frames_removed
  File "/project/6002522/mschee/Dedalus_repos/1D_measure_T/_experiments/hpc_02c/005_hpc_02c/005_hpc_02c_switchboard.py", line 153, in <module>
    domain = de.Domain([z_basis], grid_dtype=np.complex128)#float64)
  File "/home/mschee/.local/lib/python3.7/site-packages/dedalus/core/domain.py", line 58, in __init__
    self.distributor = self.dist = Distributor(self, comm, mesh)
  File "/home/mschee/.local/lib/python3.7/site-packages/dedalus/core/distributor.py", line 94, in __init__
    raise ValueError("Mesh must have lower dimension than domain.")
ValueError: Mesh must have lower dimension than domain.
Traceback (most recent call last):
  File "main.py", line 64, in <module>
    sbp = importlib.import_module(switchboard_module)
  File "/cvmfs/soft.computecanada.ca/easybuild/software/2020/avx2/Core/python/3.7.7/lib/python3.7/importlib/__init__.py", line 127, in import_module
    return _bootstrap._gcd_import(name[level:], package, level)
  File "<frozen importlib._bootstrap>", line 1006, in _gcd_import
  File "<frozen importlib._bootstrap>", line 983, in _find_and_load
  File "<frozen importlib._bootstrap>", line 967, in _find_and_load_unlocked
  File "<frozen importlib._bootstrap>", line 677, in _load_unlocked
  File "<frozen importlib._bootstrap_external>", line 728, in exec_module
  File "<frozen importlib._bootstrap>", line 219, in _call_with_frames_removed
  File "/project/6002522/mschee/Dedalus_repos/1D_measure_T/_experiments/hpc_02c/005_hpc_02c/005_hpc_02c_switchboard.py", line 153, in <module>
    domain = de.Domain([z_basis], grid_dtype=np.complex128)#float64)
  File "/home/mschee/.local/lib/python3.7/site-packages/dedalus/core/domain.py", line 58, in __init__
    self.distributor = self.dist = Distributor(self, comm, mesh)
  File "/home/mschee/.local/lib/python3.7/site-packages/dedalus/core/distributor.py", line 94, in __init__
    raise ValueError("Mesh must have lower dimension than domain.")
ValueError: Mesh must have lower dimension than domain.
--------------------------------------------------------------------------
Primary job  terminated normally, but 1 process returned
a non-zero exit code. Per user-direction, the job has been aborted.
--------------------------------------------------------------------------
--------------------------------------------------------------------------
mpiexec detected that one or more processes exited with non-zero status, thus causing
the job to be terminated. The first process to do so was:

  Process name: [[15642,1],0]
  Exit code:    1
--------------------------------------------------------------------------

Done running script

-Merging snapshots-
Checking for snapshots in directory: 005_hpc_02c/snapshots
Cannot find snapshots. Aborting script
--Running simulation 6--
-e, Name specified, using EXP=hpc_02c
-i, Simulation ID specified, using ID=6
-n, No simulation name specified, using NAME=006_hpc_02c
-s, Number of simulations specified, using SIMS=8
-c, Number of cores specified, using CORES=2
-a, Will not ask before overwriting files
-r, Run the simulation
-m, Merge the data
-o, Post-process data

-Checking experiment directory-
Experiment folder exists
Experiment for hpc_02c exists
Overwriting code files
Copying code files to experiment directory

-Navigating to experiment directory-
/home/mschee/projects/def-ngrisoua/mschee/Dedalus_repos/1D_measure_T/_experiments/hpc_02c

-Checking simulation directory-
Creating simulation for 006_hpc_02c
Overwriting simulation switchboard

-Writing parameters file-

-Running script-
Running Dedalus script for local pc
switchboard= switchboard
switchboard= switchboard
Traceback (most recent call last):
  File "main.py", line 64, in <module>
    sbp = importlib.import_module(switchboard_module)
  File "/cvmfs/soft.computecanada.ca/easybuild/software/2020/avx2/Core/python/3.7.7/lib/python3.7/importlib/__init__.py", line 127, in import_module
    return _bootstrap._gcd_import(name[level:], package, level)
  File "<frozen importlib._bootstrap>", line 1006, in _gcd_import
  File "<frozen importlib._bootstrap>", line 983, in _find_and_load
  File "<frozen importlib._bootstrap>", line 967, in _find_and_load_unlocked
  File "<frozen importlib._bootstrap>", line 677, in _load_unlocked
  File "<frozen importlib._bootstrap_external>", line 728, in exec_module
  File "<frozen importlib._bootstrap>", line 219, in _call_with_frames_removed
  File "/project/6002522/mschee/Dedalus_repos/1D_measure_T/_experiments/hpc_02c/006_hpc_02c/006_hpc_02c_switchboard.py", line 153, in <module>
    domain = de.Domain([z_basis], grid_dtype=np.complex128)#float64)
  File "/home/mschee/.local/lib/python3.7/site-packages/dedalus/core/domain.py", line 58, in __init__
    self.distributor = self.dist = Distributor(self, comm, mesh)
  File "/home/mschee/.local/lib/python3.7/site-packages/dedalus/core/distributor.py", line 94, in __init__
    raise ValueError("Mesh must have lower dimension than domain.")
ValueError: Mesh must have lower dimension than domain.
Traceback (most recent call last):
  File "main.py", line 64, in <module>
    sbp = importlib.import_module(switchboard_module)
  File "/cvmfs/soft.computecanada.ca/easybuild/software/2020/avx2/Core/python/3.7.7/lib/python3.7/importlib/__init__.py", line 127, in import_module
    return _bootstrap._gcd_import(name[level:], package, level)
  File "<frozen importlib._bootstrap>", line 1006, in _gcd_import
  File "<frozen importlib._bootstrap>", line 983, in _find_and_load
  File "<frozen importlib._bootstrap>", line 967, in _find_and_load_unlocked
  File "<frozen importlib._bootstrap>", line 677, in _load_unlocked
  File "<frozen importlib._bootstrap_external>", line 728, in exec_module
  File "<frozen importlib._bootstrap>", line 219, in _call_with_frames_removed
  File "/project/6002522/mschee/Dedalus_repos/1D_measure_T/_experiments/hpc_02c/006_hpc_02c/006_hpc_02c_switchboard.py", line 153, in <module>
    domain = de.Domain([z_basis], grid_dtype=np.complex128)#float64)
  File "/home/mschee/.local/lib/python3.7/site-packages/dedalus/core/domain.py", line 58, in __init__
    self.distributor = self.dist = Distributor(self, comm, mesh)
  File "/home/mschee/.local/lib/python3.7/site-packages/dedalus/core/distributor.py", line 94, in __init__
    raise ValueError("Mesh must have lower dimension than domain.")
ValueError: Mesh must have lower dimension than domain.
--------------------------------------------------------------------------
Primary job  terminated normally, but 1 process returned
a non-zero exit code. Per user-direction, the job has been aborted.
--------------------------------------------------------------------------
--------------------------------------------------------------------------
mpiexec detected that one or more processes exited with non-zero status, thus causing
the job to be terminated. The first process to do so was:

  Process name: [[15686,1],0]
  Exit code:    1
--------------------------------------------------------------------------

Done running script

-Merging snapshots-
Checking for snapshots in directory: 006_hpc_02c/snapshots
Cannot find snapshots. Aborting script
--Running simulation 7--
-e, Name specified, using EXP=hpc_02c
-i, Simulation ID specified, using ID=7
-n, No simulation name specified, using NAME=007_hpc_02c
-s, Number of simulations specified, using SIMS=8
-c, Number of cores specified, using CORES=2
-a, Will not ask before overwriting files
-r, Run the simulation
-m, Merge the data
-o, Post-process data

-Checking experiment directory-
Experiment folder exists
Experiment for hpc_02c exists
Overwriting code files
Copying code files to experiment directory

-Navigating to experiment directory-
/home/mschee/projects/def-ngrisoua/mschee/Dedalus_repos/1D_measure_T/_experiments/hpc_02c

-Checking simulation directory-
Creating simulation for 007_hpc_02c
Overwriting simulation switchboard

-Writing parameters file-

-Running script-
Running Dedalus script for local pc
switchboard= switchboard
switchboard= switchboard
Traceback (most recent call last):
  File "main.py", line 64, in <module>
    sbp = importlib.import_module(switchboard_module)
  File "/cvmfs/soft.computecanada.ca/easybuild/software/2020/avx2/Core/python/3.7.7/lib/python3.7/importlib/__init__.py", line 127, in import_module
    return _bootstrap._gcd_import(name[level:], package, level)
  File "<frozen importlib._bootstrap>", line 1006, in _gcd_import
  File "<frozen importlib._bootstrap>", line 983, in _find_and_load
  File "<frozen importlib._bootstrap>", line 967, in _find_and_load_unlocked
  File "<frozen importlib._bootstrap>", line 677, in _load_unlocked
  File "<frozen importlib._bootstrap_external>", line 728, in exec_module
  File "<frozen importlib._bootstrap>", line 219, in _call_with_frames_removed
  File "/project/6002522/mschee/Dedalus_repos/1D_measure_T/_experiments/hpc_02c/007_hpc_02c/007_hpc_02c_switchboard.py", line 153, in <module>
    domain = de.Domain([z_basis], grid_dtype=np.complex128)#float64)
  File "/home/mschee/.local/lib/python3.7/site-packages/dedalus/core/domain.py", line 58, in __init__
    self.distributor = self.dist = Distributor(self, comm, mesh)
  File "/home/mschee/.local/lib/python3.7/site-packages/dedalus/core/distributor.py", line 94, in __init__
    raise ValueError("Mesh must have lower dimension than domain.")
ValueError: Mesh must have lower dimension than domain.
Traceback (most recent call last):
  File "main.py", line 64, in <module>
    sbp = importlib.import_module(switchboard_module)
  File "/cvmfs/soft.computecanada.ca/easybuild/software/2020/avx2/Core/python/3.7.7/lib/python3.7/importlib/__init__.py", line 127, in import_module
    return _bootstrap._gcd_import(name[level:], package, level)
  File "<frozen importlib._bootstrap>", line 1006, in _gcd_import
  File "<frozen importlib._bootstrap>", line 983, in _find_and_load
  File "<frozen importlib._bootstrap>", line 967, in _find_and_load_unlocked
  File "<frozen importlib._bootstrap>", line 677, in _load_unlocked
  File "<frozen importlib._bootstrap_external>", line 728, in exec_module
  File "<frozen importlib._bootstrap>", line 219, in _call_with_frames_removed
  File "/project/6002522/mschee/Dedalus_repos/1D_measure_T/_experiments/hpc_02c/007_hpc_02c/007_hpc_02c_switchboard.py", line 153, in <module>
    domain = de.Domain([z_basis], grid_dtype=np.complex128)#float64)
  File "/home/mschee/.local/lib/python3.7/site-packages/dedalus/core/domain.py", line 58, in __init__
    self.distributor = self.dist = Distributor(self, comm, mesh)
  File "/home/mschee/.local/lib/python3.7/site-packages/dedalus/core/distributor.py", line 94, in __init__
    raise ValueError("Mesh must have lower dimension than domain.")
ValueError: Mesh must have lower dimension than domain.
--------------------------------------------------------------------------
Primary job  terminated normally, but 1 process returned
a non-zero exit code. Per user-direction, the job has been aborted.
--------------------------------------------------------------------------
--------------------------------------------------------------------------
mpiexec detected that one or more processes exited with non-zero status, thus causing
the job to be terminated. The first process to do so was:

  Process name: [[17383,1],0]
  Exit code:    1
--------------------------------------------------------------------------

Done running script

-Merging snapshots-
Checking for snapshots in directory: 007_hpc_02c/snapshots
Cannot find snapshots. Aborting script

--Plotting transmission coefficients--
Checking for csv data file
Cannot find data. Aborting script
